#
# There is insufficient memory for the Java Runtime Environment to continue.
# Native memory allocation (malloc) failed to allocate 1593520 bytes for Chunk::new
# Possible reasons:
#   The system is out of physical RAM or swap space
#   The process is running with CompressedOops enabled, and the Java Heap may be blocking the growth of the native heap
# Possible solutions:
#   Reduce memory load on the system
#   Increase physical memory or swap space
#   Check if swap backing store is full
#   Decrease Java heap size (-Xmx/-Xms)
#   Decrease number of Java threads
#   Decrease Java thread stack sizes (-Xss)
#   Set larger code cache with -XX:ReservedCodeCacheSize=
#   JVM is running with Unscaled Compressed Oops mode in which the Java heap is
#     placed in the first 4GB address space. The Java Heap base address is the
#     maximum limit for the native heap growth. Please use -XX:HeapBaseMinAddress
#     to set the Java Heap base and to place the Java Heap above 4GB virtual address.
# This output file may be truncated or incomplete.
#
#  Out of Memory Error (arena.cpp:189), pid=18300, tid=17264
#
# JRE version: Java(TM) SE Runtime Environment (17.0.12+8) (build 17.0.12+8-LTS-286)
# Java VM: Java HotSpot(TM) 64-Bit Server VM (17.0.12+8-LTS-286, mixed mode, sharing, tiered, compressed oops, compressed class ptrs, g1 gc, windows-amd64)
# No core dump will be written. Minidumps are not enabled by default on client versions of Windows
#

---------------  S U M M A R Y ------------

Command Line: --add-opens=java.base/java.lang=ALL-UNNAMED --add-opens=java.base/java.lang.invoke=ALL-UNNAMED --add-opens=java.base/java.util=ALL-UNNAMED --add-opens=java.prefs/java.util.prefs=ALL-UNNAMED --add-exports=jdk.compiler/com.sun.tools.javac.api=ALL-UNNAMED --add-exports=jdk.compiler/com.sun.tools.javac.util=ALL-UNNAMED --add-opens=java.base/java.util=ALL-UNNAMED --add-opens=java.prefs/java.util.prefs=ALL-UNNAMED --add-opens=java.base/java.nio.charset=ALL-UNNAMED --add-opens=java.base/java.net=ALL-UNNAMED --add-opens=java.base/java.util.concurrent.atomic=ALL-UNNAMED --add-opens=java.xml/javax.xml.namespace=ALL-UNNAMED -XX:MaxMetaspaceSize=512m -Xmx2048m -Dfile.encoding=UTF-8 -Duser.country=IN -Duser.language=en -Duser.variant -javaagent:C:\Users\CODECLOUDS-YASHWANT\.gradle\wrapper\dists\gradle-8.13-bin\5xuhj0ry160q40clulazy9h7d\gradle-8.13\lib\agents\gradle-instrumentation-agent-8.13.jar org.gradle.launcher.daemon.bootstrap.GradleDaemon 8.13

Host: 12th Gen Intel(R) Core(TM) i5-1235U, 12 cores, 15G,  Windows 11 , 64 bit Build 26100 (10.0.26100.3775)
Time: Sun Apr 27 19:25:07 2025 India Standard Time elapsed time: 60.479300 seconds (0d 0h 1m 0s)

---------------  T H R E A D  ---------------

Current thread (0x00000265f580dbd0):  JavaThread "C2 CompilerThread0" daemon [_thread_in_native, id=17264, stack(0x000000a6be800000,0x000000a6be900000)]


Current CompileTask:
C2:  60479 15951       4       org.gradle.api.internal.DefaultCollectionCallbackActionDecorator$BuildOperationEmittingAction::execute (26 bytes)

Stack: [0x000000a6be800000,0x000000a6be900000]
Native frames: (J=compiled Java code, j=interpreted, Vv=VM code, C=native code)
V  [jvm.dll+0x67a04a]
V  [jvm.dll+0x7da4ed]
V  [jvm.dll+0x7dbe33]
V  [jvm.dll+0x7dc4a3]
V  [jvm.dll+0x24508f]
V  [jvm.dll+0xab773]
V  [jvm.dll+0xabd3c]
V  [jvm.dll+0x361bee]
V  [jvm.dll+0x32c431]
V  [jvm.dll+0x32b8ca]
V  [jvm.dll+0x21683f]
V  [jvm.dll+0x215c6f]
V  [jvm.dll+0x1a2960]
V  [jvm.dll+0x22610b]
V  [jvm.dll+0x2242ab]
V  [jvm.dll+0x79075c]
V  [jvm.dll+0x78abea]
V  [jvm.dll+0x678f35]
C  [ucrtbase.dll+0x37b0]
C  [KERNEL32.DLL+0x2e8d7]
C  [ntdll.dll+0xb14fc]


---------------  P R O C E S S  ---------------

Threads class SMR info:
_java_thread_list=0x00000265fbcd5610, length=93, elements={
0x00000265d7147580, 0x00000265f57ee3c0, 0x00000265f57f1090, 0x00000265f5806970,
0x00000265f5809250, 0x00000265f5809b20, 0x00000265f580bba0, 0x00000265f580dbd0,
0x00000265f5812c90, 0x00000265f58145b0, 0x00000265f57de320, 0x00000265f59833e0,
0x00000265fb742aa0, 0x00000265fb6e6840, 0x00000265fb7bf160, 0x00000265fb805d00,
0x00000265fb8057f0, 0x00000265fb806210, 0x00000265fb807b60, 0x00000265fb806c30,
0x00000265fba3e980, 0x00000265fba3e470, 0x00000265fba3c610, 0x00000265fba3b6e0,
0x00000265fba3bbf0, 0x00000265fba3c100, 0x00000265fba3d540, 0x00000265fba3da50,
0x00000265fd00ba40, 0x00000265fd00ab10, 0x00000265fd00ddb0, 0x00000265fd00a600,
0x00000265fd010b40, 0x00000265fd011560, 0x00000265fd011a70, 0x00000265fe1d5a20,
0x00000265fe1da100, 0x00000265fe1db540, 0x00000265fe1dba50, 0x00000265fe1db030,
0x00000265fe1dbf60, 0x00000265feed2bf0, 0x00000265feed5980, 0x00000265feed5470,
0x00000265feed3100, 0x00000265feed4030, 0x00000265feed5e90, 0x00000265feed4f60,
0x00000265feed26e0, 0x00000265ff1a2e80, 0x00000265ffc76de0, 0x00000265ffc772f0,
0x00000265ffc77800, 0x00000265ffc759a0, 0x00000265ffc78730, 0x00000265ffc78c40,
0x00000265ffc75eb0, 0x00000265ffc79150, 0x00000265ffc763c0, 0x00000265ffc77d10,
0x00000265ffc7afb0, 0x00000265ffc7c900, 0x00000265ffc7a080, 0x00000265ffc79660,
0x00000265ffc7bee0, 0x00000265ffc7b4c0, 0x00000265ffc7a590, 0x00000265ffc7aaa0,
0x00000265ffc79b70, 0x00000265ffc7b9d0, 0x00000265ffc7c3f0, 0x00000265ffc7d320,
0x00000265ffc7ec70, 0x00000265ffc7d830, 0x00000265ffc80fe0, 0x00000265ffc814f0,
0x00000265ffc7dd40, 0x00000265ffc81a00, 0x00000265ffc7e250, 0x00000265ffc7f690,
0x00000265ffc7fba0, 0x00000265ffc81f10, 0x00000265ffc800b0, 0x00000265ffc805c0,
0x00000265ffc7f180, 0x00000265ffc80ad0, 0x00000265ffc7e760, 0x00000265ffc84790,
0x00000265ffc82420, 0x00000265ffc84ca0, 0x00000265ffc82930, 0x00000265ffc82e40,
0x000002659bf9c350
}

Java Threads: ( => current thread )
  0x00000265d7147580 JavaThread "main" [_thread_blocked, id=1928, stack(0x000000a6bdb00000,0x000000a6bdc00000)]
  0x00000265f57ee3c0 JavaThread "Reference Handler" daemon [_thread_blocked, id=25820, stack(0x000000a6be200000,0x000000a6be300000)]
  0x00000265f57f1090 JavaThread "Finalizer" daemon [_thread_blocked, id=24496, stack(0x000000a6be300000,0x000000a6be400000)]
  0x00000265f5806970 JavaThread "Signal Dispatcher" daemon [_thread_blocked, id=17620, stack(0x000000a6be400000,0x000000a6be500000)]
  0x00000265f5809250 JavaThread "Attach Listener" daemon [_thread_blocked, id=31132, stack(0x000000a6be500000,0x000000a6be600000)]
  0x00000265f5809b20 JavaThread "Service Thread" daemon [_thread_blocked, id=23576, stack(0x000000a6be600000,0x000000a6be700000)]
  0x00000265f580bba0 JavaThread "Monitor Deflation Thread" daemon [_thread_blocked, id=17236, stack(0x000000a6be700000,0x000000a6be800000)]
=>0x00000265f580dbd0 JavaThread "C2 CompilerThread0" daemon [_thread_in_native, id=17264, stack(0x000000a6be800000,0x000000a6be900000)]
  0x00000265f5812c90 JavaThread "C1 CompilerThread0" daemon [_thread_blocked, id=19476, stack(0x000000a6be900000,0x000000a6bea00000)]
  0x00000265f58145b0 JavaThread "Sweeper thread" daemon [_thread_blocked, id=20880, stack(0x000000a6bea00000,0x000000a6beb00000)]
  0x00000265f57de320 JavaThread "Common-Cleaner" daemon [_thread_blocked, id=26688, stack(0x000000a6beb00000,0x000000a6bec00000)]
  0x00000265f59833e0 JavaThread "Notification Thread" daemon [_thread_blocked, id=30676, stack(0x000000a6bec00000,0x000000a6bed00000)]
  0x00000265fb742aa0 JavaThread "Daemon health stats" [_thread_blocked, id=2972, stack(0x000000a6bef00000,0x000000a6bf000000)]
  0x00000265fb6e6840 JavaThread "Incoming local TCP Connector on port 56033" [_thread_in_native, id=14888, stack(0x000000a6bee00000,0x000000a6bef00000)]
  0x00000265fb7bf160 JavaThread "Daemon periodic checks" [_thread_blocked, id=7928, stack(0x000000a6bf500000,0x000000a6bf600000)]
  0x00000265fb805d00 JavaThread "Daemon" [_thread_blocked, id=29292, stack(0x000000a6bf600000,0x000000a6bf700000)]
  0x00000265fb8057f0 JavaThread "Daemon worker" [_thread_in_native, id=4316, stack(0x000000a6bf900000,0x000000a6bfa00000)]
  0x00000265fb806210 JavaThread "Cache worker for journal cache (C:\Users\CODECLOUDS-YASHWANT\.gradle\caches\journal-1)" [_thread_blocked, id=26384, stack(0x000000a6bfe00000,0x000000a6bff00000)]
  0x00000265fb807b60 JavaThread "File lock request listener" [_thread_in_native, id=26900, stack(0x000000a6bff00000,0x000000a6c0000000)]
  0x00000265fb806c30 JavaThread "Cache worker for file hash cache (C:\Users\CODECLOUDS-YASHWANT\.gradle\caches\8.13\fileHashes)" [_thread_blocked, id=29880, stack(0x000000a6c0000000,0x000000a6c0100000)]
  0x00000265fba3e980 JavaThread "File watcher server" daemon [_thread_in_native, id=26684, stack(0x000000a6c0900000,0x000000a6c0a00000)]
  0x00000265fba3e470 JavaThread "File watcher consumer" daemon [_thread_blocked, id=13292, stack(0x000000a6c0a00000,0x000000a6c0b00000)]
  0x00000265fba3c610 JavaThread "jar transforms" [_thread_blocked, id=30512, stack(0x000000a6c0b00000,0x000000a6c0c00000)]
  0x00000265fba3b6e0 JavaThread "jar transforms Thread 2" [_thread_blocked, id=31872, stack(0x000000a6c0c00000,0x000000a6c0d00000)]
  0x00000265fba3bbf0 JavaThread "jar transforms Thread 3" [_thread_blocked, id=2100, stack(0x000000a6c0d00000,0x000000a6c0e00000)]
  0x00000265fba3c100 JavaThread "jar transforms Thread 4" [_thread_blocked, id=25548, stack(0x000000a6c0f00000,0x000000a6c1000000)]
  0x00000265fba3d540 JavaThread "jar transforms Thread 5" [_thread_blocked, id=13748, stack(0x000000a6c1000000,0x000000a6c1100000)]
  0x00000265fba3da50 JavaThread "File lock release action executor" [_thread_blocked, id=11728, stack(0x000000a6c1200000,0x000000a6c1300000)]
  0x00000265fd00ba40 JavaThread "Cache worker for file content cache (C:\Users\CODECLOUDS-YASHWANT\.gradle\caches\8.13\fileContent)" [_thread_blocked, id=10812, stack(0x000000a6c1400000,0x000000a6c1500000)]
  0x00000265fd00ab10 JavaThread "jar transforms Thread 6" [_thread_blocked, id=29620, stack(0x000000a6c1100000,0x000000a6c1200000)]
  0x00000265fd00ddb0 JavaThread "jar transforms Thread 7" [_thread_blocked, id=30668, stack(0x000000a6c1500000,0x000000a6c1600000)]
  0x00000265fd00a600 JavaThread "jar transforms Thread 8" [_thread_blocked, id=15204, stack(0x000000a6c1600000,0x000000a6c1700000)]
  0x00000265fd010b40 JavaThread "jar transforms Thread 9" [_thread_blocked, id=26708, stack(0x000000a6c1700000,0x000000a6c1800000)]
  0x00000265fd011560 JavaThread "jar transforms Thread 10" [_thread_blocked, id=16328, stack(0x000000a6c1900000,0x000000a6c1a00000)]
  0x00000265fd011a70 JavaThread "jar transforms Thread 11" [_thread_blocked, id=7480, stack(0x000000a6c1b00000,0x000000a6c1c00000)]
  0x00000265fe1d5a20 JavaThread "Memory manager" [_thread_blocked, id=1484, stack(0x000000a6c4600000,0x000000a6c4700000)]
  0x00000265fe1da100 JavaThread "jar transforms Thread 12" [_thread_blocked, id=28584, stack(0x000000a6c4700000,0x000000a6c4800000)]
  0x00000265fe1db540 JavaThread "ForkJoinPool.commonPool-worker-1" daemon [_thread_blocked, id=20436, stack(0x000000a6c4800000,0x000000a6c4900000)]
  0x00000265fe1dba50 JavaThread "ForkJoinPool.commonPool-worker-2" daemon [_thread_blocked, id=5596, stack(0x000000a6c4900000,0x000000a6c4a00000)]
  0x00000265fe1db030 JavaThread "ForkJoinPool.commonPool-worker-3" daemon [_thread_blocked, id=16152, stack(0x000000a6c4a00000,0x000000a6c4b00000)]
  0x00000265fe1dbf60 JavaThread "ForkJoinPool.commonPool-worker-4" daemon [_thread_blocked, id=31300, stack(0x000000a6c4b00000,0x000000a6c4c00000)]
  0x00000265feed2bf0 JavaThread "ForkJoinPool.commonPool-worker-5" daemon [_thread_blocked, id=2312, stack(0x000000a6c4c00000,0x000000a6c4d00000)]
  0x00000265feed5980 JavaThread "ForkJoinPool.commonPool-worker-6" daemon [_thread_blocked, id=4368, stack(0x000000a6c4d00000,0x000000a6c4e00000)]
  0x00000265feed5470 JavaThread "ForkJoinPool.commonPool-worker-7" daemon [_thread_blocked, id=18660, stack(0x000000a6c4e00000,0x000000a6c4f00000)]
  0x00000265feed3100 JavaThread "ForkJoinPool.commonPool-worker-8" daemon [_thread_blocked, id=14080, stack(0x000000a6c4f00000,0x000000a6c5000000)]
  0x00000265feed4030 JavaThread "ForkJoinPool.commonPool-worker-9" daemon [_thread_blocked, id=3216, stack(0x000000a6c5000000,0x000000a6c5100000)]
  0x00000265feed5e90 JavaThread "ForkJoinPool.commonPool-worker-10" daemon [_thread_blocked, id=21288, stack(0x000000a6c5100000,0x000000a6c5200000)]
  0x00000265feed4f60 JavaThread "ForkJoinPool.commonPool-worker-11" daemon [_thread_blocked, id=26868, stack(0x000000a6c5200000,0x000000a6c5300000)]
  0x00000265feed26e0 JavaThread "included builds" [_thread_blocked, id=6052, stack(0x000000a6c5300000,0x000000a6c5400000)]
  0x00000265ff1a2e80 JavaThread "pool-3-thread-1" [_thread_blocked, id=23196, stack(0x000000a6cb500000,0x000000a6cb600000)]
  0x00000265ffc76de0 JavaThread "VFS cleanup" [_thread_blocked, id=2900, stack(0x000000a6bfb00000,0x000000a6bfc00000)]
  0x00000265ffc772f0 JavaThread "Handler for socket connection from /127.0.0.1:56033 to /127.0.0.1:56064" [_thread_in_native, id=1324, stack(0x000000a6bf700000,0x000000a6bf800000)]
  0x00000265ffc77800 JavaThread "Daemon Thread 2" [_thread_blocked, id=32148, stack(0x000000a6bf800000,0x000000a6bf900000)]
  0x00000265ffc759a0 JavaThread "Cancel handler" [_thread_blocked, id=28608, stack(0x000000a6bfc00000,0x000000a6bfd00000)]
  0x00000265ffc78730 JavaThread "Daemon Thread 3" [_thread_blocked, id=28064, stack(0x000000a6bfd00000,0x000000a6bfe00000)]
  0x00000265ffc78c40 JavaThread "VFS cleanup Thread 2" [_thread_blocked, id=15740, stack(0x000000a6c0200000,0x000000a6c0300000)]
  0x00000265ffc75eb0 JavaThread "Asynchronous log dispatcher for DefaultDaemonConnection: socket connection from /127.0.0.1:56033 to /127.0.0.1:56064" [_thread_blocked, id=8992, stack(0x000000a6c1300000,0x000000a6c1400000)]
  0x00000265ffc79150 JavaThread "Stdin handler" [_thread_blocked, id=25552, stack(0x000000a6c0100000,0x000000a6c0200000)]
  0x00000265ffc763c0 JavaThread "Daemon client event forwarder" [_thread_blocked, id=22192, stack(0x000000a6c1800000,0x000000a6c1900000)]
  0x00000265ffc77d10 JavaThread "Cache worker for file hash cache (D:\rise-frontend-monorepo\apps\mobile\android\.gradle\8.13\fileHashes)" [_thread_blocked, id=31172, stack(0x000000a6c1a00000,0x000000a6c1b00000)]
  0x00000265ffc7afb0 JavaThread "Cache worker for Build Output Cleanup Cache (D:\rise-frontend-monorepo\apps\mobile\android\.gradle\buildOutputCleanup)" [_thread_blocked, id=31900, stack(0x000000a6c1c00000,0x000000a6c1d00000)]
  0x00000265ffc7c900 JavaThread "Cache worker for checksums cache (D:\rise-frontend-monorepo\apps\mobile\android\.gradle\8.13\checksums)" [_thread_blocked, id=28620, stack(0x000000a6c1d00000,0x000000a6c1e00000)]
  0x00000265ffc7a080 JavaThread "Cache worker for cache directory md-supplier (C:\Users\CODECLOUDS-YASHWANT\.gradle\caches\8.13\md-supplier)" [_thread_blocked, id=24044, stack(0x000000a6c1e00000,0x000000a6c1f00000)]
  0x00000265ffc79660 JavaThread "Cache worker for cache directory md-rule (C:\Users\CODECLOUDS-YASHWANT\.gradle\caches\8.13\md-rule)" [_thread_blocked, id=29448, stack(0x000000a6c1f00000,0x000000a6c2000000)]
  0x00000265ffc7bee0 JavaThread "Cache worker for Build Output Cleanup Cache (D:\rise-frontend-monorepo\node_modules\@react-native\gradle-plugin\.gradle\buildOutputCleanup)" [_thread_blocked, id=21668, stack(0x000000a6c2000000,0x000000a6c2100000)]
  0x00000265ffc7b4c0 JavaThread "Unconstrained build operations" [_thread_blocked, id=30652, stack(0x000000a6c2100000,0x000000a6c2200000)]
  0x00000265ffc7a590 JavaThread "Unconstrained build operations Thread 2" [_thread_blocked, id=23776, stack(0x000000a6c2200000,0x000000a6c2300000)]
  0x00000265ffc7aaa0 JavaThread "Unconstrained build operations Thread 3" [_thread_blocked, id=25132, stack(0x000000a6c2300000,0x000000a6c2400000)]
  0x00000265ffc79b70 JavaThread "Unconstrained build operations Thread 4" [_thread_blocked, id=428, stack(0x000000a6c2400000,0x000000a6c2500000)]
  0x00000265ffc7b9d0 JavaThread "Unconstrained build operations Thread 5" [_thread_blocked, id=28624, stack(0x000000a6c2500000,0x000000a6c2600000)]
  0x00000265ffc7c3f0 JavaThread "Unconstrained build operations Thread 6" [_thread_blocked, id=9312, stack(0x000000a6c2600000,0x000000a6c2700000)]
  0x00000265ffc7d320 JavaThread "Unconstrained build operations Thread 7" [_thread_blocked, id=32292, stack(0x000000a6c2700000,0x000000a6c2800000)]
  0x00000265ffc7ec70 JavaThread "Unconstrained build operations Thread 8" [_thread_blocked, id=12600, stack(0x000000a6c2800000,0x000000a6c2900000)]
  0x00000265ffc7d830 JavaThread "Unconstrained build operations Thread 9" [_thread_blocked, id=13176, stack(0x000000a6c2900000,0x000000a6c2a00000)]
  0x00000265ffc80fe0 JavaThread "Unconstrained build operations Thread 10" [_thread_blocked, id=27764, stack(0x000000a6c2a00000,0x000000a6c2b00000)]
  0x00000265ffc814f0 JavaThread "Unconstrained build operations Thread 11" [_thread_blocked, id=29716, stack(0x000000a6c2b00000,0x000000a6c2c00000)]
  0x00000265ffc7dd40 JavaThread "Unconstrained build operations Thread 12" [_thread_blocked, id=27388, stack(0x000000a6c2c00000,0x000000a6c2d00000)]
  0x00000265ffc81a00 JavaThread "Unconstrained build operations Thread 13" [_thread_blocked, id=6748, stack(0x000000a6c2d00000,0x000000a6c2e00000)]
  0x00000265ffc7e250 JavaThread "Unconstrained build operations Thread 14" [_thread_blocked, id=22344, stack(0x000000a6c2e00000,0x000000a6c2f00000)]
  0x00000265ffc7f690 JavaThread "Unconstrained build operations Thread 15" [_thread_blocked, id=13764, stack(0x000000a6c2f00000,0x000000a6c3000000)]
  0x00000265ffc7fba0 JavaThread "Unconstrained build operations Thread 16" [_thread_blocked, id=31272, stack(0x000000a6c3000000,0x000000a6c3100000)]
  0x00000265ffc81f10 JavaThread "Unconstrained build operations Thread 17" [_thread_blocked, id=14068, stack(0x000000a6c3100000,0x000000a6c3200000)]
  0x00000265ffc800b0 JavaThread "Unconstrained build operations Thread 18" [_thread_blocked, id=25908, stack(0x000000a6c3200000,0x000000a6c3300000)]
  0x00000265ffc805c0 JavaThread "Unconstrained build operations Thread 19" [_thread_blocked, id=32092, stack(0x000000a6c3300000,0x000000a6c3400000)]
  0x00000265ffc7f180 JavaThread "Unconstrained build operations Thread 20" [_thread_blocked, id=30852, stack(0x000000a6c3400000,0x000000a6c3500000)]
  0x00000265ffc80ad0 JavaThread "Unconstrained build operations Thread 21" [_thread_blocked, id=26724, stack(0x000000a6c3500000,0x000000a6c3600000)]
  0x00000265ffc7e760 JavaThread "Unconstrained build operations Thread 22" [_thread_blocked, id=13508, stack(0x000000a6c3600000,0x000000a6c3700000)]
  0x00000265ffc84790 JavaThread "Unconstrained build operations Thread 23" [_thread_blocked, id=25984, stack(0x000000a6c3700000,0x000000a6c3800000)]
  0x00000265ffc82420 JavaThread "Unconstrained build operations Thread 24" [_thread_blocked, id=18196, stack(0x000000a6c3800000,0x000000a6c3900000)]
  0x00000265ffc84ca0 JavaThread "Unconstrained build operations Thread 25" [_thread_blocked, id=20168, stack(0x000000a6c3900000,0x000000a6c3a00000)]
  0x00000265ffc82930 JavaThread "Unconstrained build operations Thread 26" [_thread_blocked, id=31904, stack(0x000000a6c3a00000,0x000000a6c3b00000)]
  0x00000265ffc82e40 JavaThread "build event listener" [_thread_blocked, id=32308, stack(0x000000a6c3c00000,0x000000a6c3d00000)]
  0x000002659bf9c350 JavaThread "C2 CompilerThread1" daemon [_thread_blocked, id=17184, stack(0x000000a6bfa00000,0x000000a6bfb00000)]

Other Threads:
  0x00000265f57ed5f0 VMThread "VM Thread" [stack: 0x000000a6be100000,0x000000a6be200000] [id=1428]
  0x00000265f5983ad0 WatcherThread [stack: 0x000000a6bed00000,0x000000a6bee00000] [id=28280]
  0x00000265d71a6060 GCTaskThread "GC Thread#0" [stack: 0x000000a6bdc00000,0x000000a6bdd00000] [id=11504]
  0x00000265fa17a030 GCTaskThread "GC Thread#1" [stack: 0x000000a6bf000000,0x000000a6bf100000] [id=25556]
  0x00000265fa17a2f0 GCTaskThread "GC Thread#2" [stack: 0x000000a6bf100000,0x000000a6bf200000] [id=32620]
  0x00000265fa17a5b0 GCTaskThread "GC Thread#3" [stack: 0x000000a6bf200000,0x000000a6bf300000] [id=14300]
  0x00000265fa1d7f20 GCTaskThread "GC Thread#4" [stack: 0x000000a6bf300000,0x000000a6bf400000] [id=31160]
  0x00000265fa1d81e0 GCTaskThread "GC Thread#5" [stack: 0x000000a6bf400000,0x000000a6bf500000] [id=25856]
  0x00000265fd4b2840 GCTaskThread "GC Thread#6" [stack: 0x000000a6c0300000,0x000000a6c0400000] [id=13604]
  0x00000265fd4b1500 GCTaskThread "GC Thread#7" [stack: 0x000000a6c0400000,0x000000a6c0500000] [id=27296]
  0x00000265fd4b2000 GCTaskThread "GC Thread#8" [stack: 0x000000a6c0500000,0x000000a6c0600000] [id=29284]
  0x00000265fd4b0f80 GCTaskThread "GC Thread#9" [stack: 0x000000a6c0600000,0x000000a6c0700000] [id=30316]
  0x00000265d71b6ec0 ConcurrentGCThread "G1 Main Marker" [stack: 0x000000a6bdd00000,0x000000a6bde00000] [id=21120]
  0x00000265d71b77e0 ConcurrentGCThread "G1 Conc#0" [stack: 0x000000a6bde00000,0x000000a6bdf00000] [id=18704]
  0x00000265fd4b1d40 ConcurrentGCThread "G1 Conc#1" [stack: 0x000000a6c0700000,0x000000a6c0800000] [id=18592]
  0x00000265fd4b17c0 ConcurrentGCThread "G1 Conc#2" [stack: 0x000000a6c0800000,0x000000a6c0900000] [id=25276]
  0x00000265f569de40 ConcurrentGCThread "G1 Refine#0" [stack: 0x000000a6bdf00000,0x000000a6be000000] [id=25336]
  0x00000265fd9ed100 ConcurrentGCThread "G1 Refine#1" [stack: 0x000000a6c0e00000,0x000000a6c0f00000] [id=20988]
  0x00000265f569e620 ConcurrentGCThread "G1 Service" [stack: 0x000000a6be000000,0x000000a6be100000] [id=22796]

Threads with active compile tasks:
C2 CompilerThread0    60524 15951       4       org.gradle.api.internal.DefaultCollectionCallbackActionDecorator$BuildOperationEmittingAction::execute (26 bytes)

VM state: not at safepoint (normal execution)

VM Mutex/Monitor currently owned by a thread: None

Heap address: 0x0000000080000000, size: 2048 MB, Compressed Oops mode: 32-bit

CDS archive(s) mapped at: [0x0000026580000000-0x0000026580bd0000-0x0000026580bd0000), size 12386304, SharedBaseAddress: 0x0000026580000000, ArchiveRelocationMode: 1.
Compressed class space mapped at: 0x0000026581000000-0x000002659b000000, reserved size: 436207616
Narrow klass base: 0x0000026580000000, Narrow klass shift: 0, Narrow klass range: 0x100000000

GC Precious Log:
 CPUs: 12 total, 12 available
 Memory: 16052M
 Large Page Support: Disabled
 NUMA Support: Disabled
 Compressed Oops: Enabled (32-bit)
 Heap Region Size: 1M
 Heap Min Capacity: 8M
 Heap Initial Capacity: 252M
 Heap Max Capacity: 2G
 Pre-touch: Disabled
 Parallel Workers: 10
 Concurrent Workers: 3
 Concurrent Refinement Workers: 10
 Periodic GC: Disabled

Heap:
 garbage-first heap   total 220160K, used 155755K [0x0000000080000000, 0x0000000100000000)
  region size 1024K, 12 young (12288K), 6 survivors (6144K)
 Metaspace       used 121711K, committed 123008K, reserved 557056K
  class space    used 16530K, committed 17152K, reserved 425984K

Heap Regions: E=young(eden), S=young(survivor), O=old, HS=humongous(starts), HC=humongous(continues), CS=collection set, F=free, OA=open archive, CA=closed archive, TAMS=top-at-mark-start (previous, next)
|   0|0x0000000080000000, 0x0000000080100000, 0x0000000080100000|100%|HS|  |TAMS 0x0000000080100000, 0x0000000080000000| Complete 
|   1|0x0000000080100000, 0x0000000080200000, 0x0000000080200000|100%|HC|  |TAMS 0x0000000080200000, 0x0000000080100000| Complete 
|   2|0x0000000080200000, 0x0000000080300000, 0x0000000080300000|100%|HC|  |TAMS 0x0000000080300000, 0x0000000080200000| Complete 
|   3|0x0000000080300000, 0x0000000080400000, 0x0000000080400000|100%| O|  |TAMS 0x0000000080400000, 0x0000000080300000| Untracked 
|   4|0x0000000080400000, 0x0000000080500000, 0x0000000080500000|100%| O|  |TAMS 0x0000000080500000, 0x0000000080400000| Untracked 
|   5|0x0000000080500000, 0x0000000080600000, 0x0000000080600000|100%| O|  |TAMS 0x0000000080600000, 0x0000000080500000| Untracked 
|   6|0x0000000080600000, 0x0000000080700000, 0x0000000080700000|100%|HS|  |TAMS 0x0000000080700000, 0x0000000080600000| Complete 
|   7|0x0000000080700000, 0x0000000080800000, 0x0000000080800000|100%| O|  |TAMS 0x0000000080800000, 0x0000000080700000| Untracked 
|   8|0x0000000080800000, 0x0000000080900000, 0x0000000080900000|100%| O|  |TAMS 0x0000000080900000, 0x0000000080800000| Untracked 
|   9|0x0000000080900000, 0x0000000080a00000, 0x0000000080a00000|100%| O|  |TAMS 0x0000000080a00000, 0x0000000080900000| Untracked 
|  10|0x0000000080a00000, 0x0000000080b00000, 0x0000000080b00000|100%| O|  |TAMS 0x0000000080b00000, 0x0000000080a00000| Untracked 
|  11|0x0000000080b00000, 0x0000000080c00000, 0x0000000080c00000|100%| O|  |TAMS 0x0000000080c00000, 0x0000000080b00000| Untracked 
|  12|0x0000000080c00000, 0x0000000080d00000, 0x0000000080d00000|100%| O|  |TAMS 0x0000000080d00000, 0x0000000080c00000| Untracked 
|  13|0x0000000080d00000, 0x0000000080e00000, 0x0000000080e00000|100%| O|  |TAMS 0x0000000080e00000, 0x0000000080d00000| Untracked 
|  14|0x0000000080e00000, 0x0000000080f00000, 0x0000000080f00000|100%| O|  |TAMS 0x0000000080f00000, 0x0000000080e00000| Untracked 
|  15|0x0000000080f00000, 0x0000000081000000, 0x0000000081000000|100%| O|  |TAMS 0x0000000081000000, 0x0000000080f00000| Untracked 
|  16|0x0000000081000000, 0x0000000081100000, 0x0000000081100000|100%| O|  |TAMS 0x0000000081100000, 0x0000000081000000| Untracked 
|  17|0x0000000081100000, 0x0000000081200000, 0x0000000081200000|100%| O|  |TAMS 0x0000000081200000, 0x0000000081100000| Untracked 
|  18|0x0000000081200000, 0x0000000081300000, 0x0000000081300000|100%| O|  |TAMS 0x0000000081300000, 0x0000000081200000| Untracked 
|  19|0x0000000081300000, 0x0000000081400000, 0x0000000081400000|100%| O|  |TAMS 0x0000000081400000, 0x0000000081300000| Untracked 
|  20|0x0000000081400000, 0x0000000081500000, 0x0000000081500000|100%| O|  |TAMS 0x0000000081500000, 0x0000000081400000| Untracked 
|  21|0x0000000081500000, 0x0000000081600000, 0x0000000081600000|100%| O|  |TAMS 0x0000000081600000, 0x0000000081500000| Untracked 
|  22|0x0000000081600000, 0x0000000081700000, 0x0000000081700000|100%| O|  |TAMS 0x0000000081700000, 0x0000000081600000| Untracked 
|  23|0x0000000081700000, 0x0000000081800000, 0x0000000081800000|100%| O|  |TAMS 0x0000000081800000, 0x0000000081700000| Untracked 
|  24|0x0000000081800000, 0x0000000081900000, 0x0000000081900000|100%| O|  |TAMS 0x0000000081900000, 0x0000000081800000| Untracked 
|  25|0x0000000081900000, 0x0000000081a00000, 0x0000000081a00000|100%| O|  |TAMS 0x0000000081a00000, 0x0000000081900000| Untracked 
|  26|0x0000000081a00000, 0x0000000081b00000, 0x0000000081b00000|100%| O|  |TAMS 0x0000000081b00000, 0x0000000081a00000| Untracked 
|  27|0x0000000081b00000, 0x0000000081c00000, 0x0000000081c00000|100%| O|  |TAMS 0x0000000081c00000, 0x0000000081b00000| Untracked 
|  28|0x0000000081c00000, 0x0000000081d00000, 0x0000000081d00000|100%| O|  |TAMS 0x0000000081d00000, 0x0000000081c00000| Untracked 
|  29|0x0000000081d00000, 0x0000000081e00000, 0x0000000081e00000|100%| O|  |TAMS 0x0000000081e00000, 0x0000000081d00000| Untracked 
|  30|0x0000000081e00000, 0x0000000081f00000, 0x0000000081f00000|100%| O|  |TAMS 0x0000000081f00000, 0x0000000081e00000| Untracked 
|  31|0x0000000081f00000, 0x0000000082000000, 0x0000000082000000|100%| O|  |TAMS 0x0000000082000000, 0x0000000081f00000| Untracked 
|  32|0x0000000082000000, 0x0000000082100000, 0x0000000082100000|100%| O|  |TAMS 0x0000000082100000, 0x0000000082000000| Untracked 
|  33|0x0000000082100000, 0x0000000082200000, 0x0000000082200000|100%| O|  |TAMS 0x0000000082200000, 0x0000000082100000| Untracked 
|  34|0x0000000082200000, 0x0000000082300000, 0x0000000082300000|100%| O|  |TAMS 0x0000000082300000, 0x0000000082200000| Untracked 
|  35|0x0000000082300000, 0x0000000082400000, 0x0000000082400000|100%| O|  |TAMS 0x0000000082400000, 0x0000000082300000| Untracked 
|  36|0x0000000082400000, 0x0000000082500000, 0x0000000082500000|100%| O|  |TAMS 0x0000000082500000, 0x0000000082400000| Untracked 
|  37|0x0000000082500000, 0x0000000082600000, 0x0000000082600000|100%| O|  |TAMS 0x0000000082500000, 0x0000000082500000| Untracked 
|  38|0x0000000082600000, 0x0000000082700000, 0x0000000082700000|100%| O|  |TAMS 0x0000000082700000, 0x0000000082600000| Untracked 
|  39|0x0000000082700000, 0x0000000082800000, 0x0000000082800000|100%| O|  |TAMS 0x0000000082800000, 0x0000000082700000| Untracked 
|  40|0x0000000082800000, 0x0000000082900000, 0x0000000082900000|100%| O|  |TAMS 0x0000000082900000, 0x0000000082800000| Untracked 
|  41|0x0000000082900000, 0x0000000082a00000, 0x0000000082a00000|100%| O|  |TAMS 0x0000000082a00000, 0x0000000082900000| Untracked 
|  42|0x0000000082a00000, 0x0000000082b00000, 0x0000000082b00000|100%| O|  |TAMS 0x0000000082b00000, 0x0000000082a00000| Untracked 
|  43|0x0000000082b00000, 0x0000000082c00000, 0x0000000082c00000|100%| O|  |TAMS 0x0000000082c00000, 0x0000000082b00000| Untracked 
|  44|0x0000000082c00000, 0x0000000082d00000, 0x0000000082d00000|100%| O|  |TAMS 0x0000000082d00000, 0x0000000082c00000| Untracked 
|  45|0x0000000082d00000, 0x0000000082e00000, 0x0000000082e00000|100%| O|  |TAMS 0x0000000082e00000, 0x0000000082d00000| Untracked 
|  46|0x0000000082e00000, 0x0000000082f00000, 0x0000000082f00000|100%| O|  |TAMS 0x0000000082f00000, 0x0000000082e00000| Untracked 
|  47|0x0000000082f00000, 0x0000000083000000, 0x0000000083000000|100%| O|  |TAMS 0x0000000083000000, 0x0000000082f00000| Untracked 
|  48|0x0000000083000000, 0x0000000083100000, 0x0000000083100000|100%| O|  |TAMS 0x0000000083100000, 0x0000000083000000| Untracked 
|  49|0x0000000083100000, 0x0000000083200000, 0x0000000083200000|100%|HS|  |TAMS 0x0000000083100000, 0x0000000083100000| Complete 
|  50|0x0000000083200000, 0x0000000083300000, 0x0000000083300000|100%| O|  |TAMS 0x0000000083200000, 0x0000000083200000| Untracked 
|  51|0x0000000083300000, 0x0000000083400000, 0x0000000083400000|100%| O|  |TAMS 0x0000000083300000, 0x0000000083300000| Untracked 
|  52|0x0000000083400000, 0x0000000083500000, 0x0000000083500000|100%|HS|  |TAMS 0x0000000083500000, 0x0000000083400000| Complete 
|  53|0x0000000083500000, 0x0000000083600000, 0x0000000083600000|100%|HC|  |TAMS 0x0000000083600000, 0x0000000083500000| Complete 
|  54|0x0000000083600000, 0x0000000083700000, 0x0000000083700000|100%|HS|  |TAMS 0x0000000083700000, 0x0000000083600000| Complete 
|  55|0x0000000083700000, 0x0000000083800000, 0x0000000083800000|100%|HC|  |TAMS 0x0000000083800000, 0x0000000083700000| Complete 
|  56|0x0000000083800000, 0x0000000083900000, 0x0000000083900000|100%|HC|  |TAMS 0x0000000083900000, 0x0000000083800000| Complete 
|  57|0x0000000083900000, 0x0000000083a00000, 0x0000000083a00000|100%|HS|  |TAMS 0x0000000083a00000, 0x0000000083900000| Complete 
|  58|0x0000000083a00000, 0x0000000083b00000, 0x0000000083b00000|100%|HC|  |TAMS 0x0000000083b00000, 0x0000000083a00000| Complete 
|  59|0x0000000083b00000, 0x0000000083c00000, 0x0000000083c00000|100%| O|  |TAMS 0x0000000083c00000, 0x0000000083b00000| Untracked 
|  60|0x0000000083c00000, 0x0000000083d00000, 0x0000000083d00000|100%| O|  |TAMS 0x0000000083d00000, 0x0000000083c00000| Untracked 
|  61|0x0000000083d00000, 0x0000000083e00000, 0x0000000083e00000|100%| O|  |TAMS 0x0000000083e00000, 0x0000000083d00000| Untracked 
|  62|0x0000000083e00000, 0x0000000083f00000, 0x0000000083f00000|100%| O|  |TAMS 0x0000000083f00000, 0x0000000083e00000| Untracked 
|  63|0x0000000083f00000, 0x0000000084000000, 0x0000000084000000|100%|HS|  |TAMS 0x0000000084000000, 0x0000000083f00000| Complete 
|  64|0x0000000084000000, 0x0000000084100000, 0x0000000084100000|100%|HC|  |TAMS 0x0000000084100000, 0x0000000084000000| Complete 
|  65|0x0000000084100000, 0x0000000084200000, 0x0000000084200000|100%|HC|  |TAMS 0x0000000084200000, 0x0000000084100000| Complete 
|  66|0x0000000084200000, 0x0000000084300000, 0x0000000084300000|100%| O|  |TAMS 0x0000000084300000, 0x0000000084200000| Untracked 
|  67|0x0000000084300000, 0x0000000084400000, 0x0000000084400000|100%| O|  |TAMS 0x0000000084400000, 0x0000000084300000| Untracked 
|  68|0x0000000084400000, 0x0000000084500000, 0x0000000084500000|100%| O|  |TAMS 0x0000000084500000, 0x0000000084400000| Untracked 
|  69|0x0000000084500000, 0x0000000084600000, 0x0000000084600000|100%| O|  |TAMS 0x0000000084600000, 0x0000000084500000| Untracked 
|  70|0x0000000084600000, 0x0000000084700000, 0x0000000084700000|100%| O|  |TAMS 0x0000000084700000, 0x0000000084600000| Untracked 
|  71|0x0000000084700000, 0x0000000084800000, 0x0000000084800000|100%| O|  |TAMS 0x0000000084800000, 0x0000000084700000| Untracked 
|  72|0x0000000084800000, 0x0000000084900000, 0x0000000084900000|100%| O|  |TAMS 0x0000000084900000, 0x0000000084800000| Untracked 
|  73|0x0000000084900000, 0x0000000084a00000, 0x0000000084a00000|100%| O|  |TAMS 0x0000000084a00000, 0x0000000084900000| Untracked 
|  74|0x0000000084a00000, 0x0000000084b00000, 0x0000000084b00000|100%| O|  |TAMS 0x0000000084b00000, 0x0000000084a00000| Untracked 
|  75|0x0000000084b00000, 0x0000000084c00000, 0x0000000084c00000|100%| O|  |TAMS 0x0000000084c00000, 0x0000000084b00000| Untracked 
|  76|0x0000000084c00000, 0x0000000084d00000, 0x0000000084d00000|100%| O|  |TAMS 0x0000000084d00000, 0x0000000084c00000| Untracked 
|  77|0x0000000084d00000, 0x0000000084e00000, 0x0000000084e00000|100%| O|  |TAMS 0x0000000084e00000, 0x0000000084d00000| Untracked 
|  78|0x0000000084e00000, 0x0000000084f00000, 0x0000000084f00000|100%| O|  |TAMS 0x0000000084e00000, 0x0000000084e00000| Untracked 
|  79|0x0000000084f00000, 0x0000000085000000, 0x0000000085000000|100%|HS|  |TAMS 0x0000000085000000, 0x0000000084f00000| Complete 
|  80|0x0000000085000000, 0x0000000085100000, 0x0000000085100000|100%|HS|  |TAMS 0x0000000085100000, 0x0000000085000000| Complete 
|  81|0x0000000085100000, 0x0000000085200000, 0x0000000085200000|100%|HS|  |TAMS 0x0000000085200000, 0x0000000085100000| Complete 
|  82|0x0000000085200000, 0x0000000085300000, 0x0000000085300000|100%|HS|  |TAMS 0x0000000085300000, 0x0000000085200000| Complete 
|  83|0x0000000085300000, 0x0000000085400000, 0x0000000085400000|100%|HS|  |TAMS 0x0000000085400000, 0x0000000085300000| Complete 
|  84|0x0000000085400000, 0x0000000085500000, 0x0000000085500000|100%| O|  |TAMS 0x0000000085400000, 0x0000000085400000| Untracked 
|  85|0x0000000085500000, 0x0000000085600000, 0x0000000085600000|100%|HS|  |TAMS 0x0000000085600000, 0x0000000085500000| Complete 
|  86|0x0000000085600000, 0x0000000085700000, 0x0000000085700000|100%| O|  |TAMS 0x0000000085700000, 0x0000000085600000| Untracked 
|  87|0x0000000085700000, 0x0000000085800000, 0x0000000085800000|100%| O|  |TAMS 0x0000000085800000, 0x0000000085700000| Untracked 
|  88|0x0000000085800000, 0x0000000085900000, 0x0000000085900000|100%| O|  |TAMS 0x0000000085900000, 0x0000000085800000| Untracked 
|  89|0x0000000085900000, 0x0000000085a00000, 0x0000000085a00000|100%| O|  |TAMS 0x0000000085a00000, 0x0000000085900000| Untracked 
|  90|0x0000000085a00000, 0x0000000085b00000, 0x0000000085b00000|100%| O|  |TAMS 0x0000000085b00000, 0x0000000085a00000| Untracked 
|  91|0x0000000085b00000, 0x0000000085c00000, 0x0000000085c00000|100%| O|  |TAMS 0x0000000085c00000, 0x0000000085b00000| Untracked 
|  92|0x0000000085c00000, 0x0000000085d00000, 0x0000000085d00000|100%| O|  |TAMS 0x0000000085d00000, 0x0000000085c00000| Untracked 
|  93|0x0000000085d00000, 0x0000000085e00000, 0x0000000085e00000|100%| O|  |TAMS 0x0000000085e00000, 0x0000000085d00000| Untracked 
|  94|0x0000000085e00000, 0x0000000085f00000, 0x0000000085f00000|100%| O|  |TAMS 0x0000000085f00000, 0x0000000085e00000| Untracked 
|  95|0x0000000085f00000, 0x0000000086000000, 0x0000000086000000|100%| O|  |TAMS 0x0000000086000000, 0x0000000085f00000| Untracked 
|  96|0x0000000086000000, 0x0000000086100000, 0x0000000086100000|100%| O|  |TAMS 0x0000000086100000, 0x0000000086000000| Untracked 
|  97|0x0000000086100000, 0x0000000086200000, 0x0000000086200000|100%|HS|  |TAMS 0x0000000086200000, 0x0000000086100000| Complete 
|  98|0x0000000086200000, 0x0000000086300000, 0x0000000086300000|100%|HC|  |TAMS 0x0000000086300000, 0x0000000086200000| Complete 
|  99|0x0000000086300000, 0x0000000086400000, 0x0000000086400000|100%| O|  |TAMS 0x0000000086400000, 0x0000000086300000| Untracked 
| 100|0x0000000086400000, 0x0000000086500000, 0x0000000086500000|100%|HS|  |TAMS 0x0000000086500000, 0x0000000086400000| Complete 
| 101|0x0000000086500000, 0x0000000086600000, 0x0000000086600000|100%| O|  |TAMS 0x0000000086600000, 0x0000000086500000| Untracked 
| 102|0x0000000086600000, 0x0000000086700000, 0x0000000086700000|100%| O|  |TAMS 0x0000000086700000, 0x0000000086600000| Untracked 
| 103|0x0000000086700000, 0x0000000086800000, 0x0000000086800000|100%| O|  |TAMS 0x0000000086800000, 0x0000000086700000| Untracked 
| 104|0x0000000086800000, 0x0000000086900000, 0x0000000086900000|100%| O|  |TAMS 0x0000000086900000, 0x0000000086800000| Untracked 
| 105|0x0000000086900000, 0x0000000086a00000, 0x0000000086a00000|100%| O|  |TAMS 0x0000000086a00000, 0x0000000086900000| Untracked 
| 106|0x0000000086a00000, 0x0000000086b00000, 0x0000000086b00000|100%| O|  |TAMS 0x0000000086b00000, 0x0000000086a00000| Untracked 
| 107|0x0000000086b00000, 0x0000000086c00000, 0x0000000086c00000|100%| O|  |TAMS 0x0000000086c00000, 0x0000000086b00000| Untracked 
| 108|0x0000000086c00000, 0x0000000086d00000, 0x0000000086d00000|100%| O|  |TAMS 0x0000000086d00000, 0x0000000086c00000| Untracked 
| 109|0x0000000086d00000, 0x0000000086e00000, 0x0000000086e00000|100%| O|  |TAMS 0x0000000086e00000, 0x0000000086d00000| Untracked 
| 110|0x0000000086e00000, 0x0000000086f00000, 0x0000000086f00000|100%| O|  |TAMS 0x0000000086f00000, 0x0000000086e00000| Untracked 
| 111|0x0000000086f00000, 0x0000000087000000, 0x0000000087000000|100%| O|  |TAMS 0x0000000087000000, 0x0000000086f00000| Untracked 
| 112|0x0000000087000000, 0x0000000087100000, 0x0000000087100000|100%| O|  |TAMS 0x0000000087100000, 0x0000000087000000| Untracked 
| 113|0x0000000087100000, 0x0000000087200000, 0x0000000087200000|100%| O|  |TAMS 0x0000000087200000, 0x0000000087100000| Untracked 
| 114|0x0000000087200000, 0x0000000087300000, 0x0000000087300000|100%| O|  |TAMS 0x0000000087300000, 0x0000000087200000| Untracked 
| 115|0x0000000087300000, 0x0000000087400000, 0x0000000087400000|100%| O|  |TAMS 0x0000000087400000, 0x0000000087300000| Untracked 
| 116|0x0000000087400000, 0x0000000087500000, 0x0000000087500000|100%| O|  |TAMS 0x0000000087500000, 0x0000000087400000| Untracked 
| 117|0x0000000087500000, 0x0000000087600000, 0x0000000087600000|100%| O|  |TAMS 0x0000000087600000, 0x0000000087500000| Untracked 
| 118|0x0000000087600000, 0x0000000087700000, 0x0000000087700000|100%| O|  |TAMS 0x0000000087700000, 0x0000000087600000| Untracked 
| 119|0x0000000087700000, 0x0000000087800000, 0x0000000087800000|100%| O|  |TAMS 0x0000000087800000, 0x0000000087700000| Untracked 
| 120|0x0000000087800000, 0x0000000087900000, 0x0000000087900000|100%| O|  |TAMS 0x0000000087900000, 0x0000000087800000| Untracked 
| 121|0x0000000087900000, 0x0000000087a00000, 0x0000000087a00000|100%| O|  |TAMS 0x00000000879ed800, 0x0000000087900000| Untracked 
| 122|0x0000000087a00000, 0x0000000087b00000, 0x0000000087b00000|100%| O|  |TAMS 0x0000000087a00000, 0x0000000087a00000| Untracked 
| 123|0x0000000087b00000, 0x0000000087c00000, 0x0000000087c00000|100%| O|  |TAMS 0x0000000087b00000, 0x0000000087b00000| Untracked 
| 124|0x0000000087c00000, 0x0000000087d00000, 0x0000000087d00000|100%| O|  |TAMS 0x0000000087c00000, 0x0000000087c00000| Untracked 
| 125|0x0000000087d00000, 0x0000000087e00000, 0x0000000087e00000|100%| O|  |TAMS 0x0000000087d00000, 0x0000000087d00000| Untracked 
| 126|0x0000000087e00000, 0x0000000087f00000, 0x0000000087f00000|100%| O|  |TAMS 0x0000000087e00000, 0x0000000087e00000| Untracked 
| 127|0x0000000087f00000, 0x0000000088000000, 0x0000000088000000|100%| O|  |TAMS 0x0000000087f00000, 0x0000000087f00000| Untracked 
| 128|0x0000000088000000, 0x0000000088100000, 0x0000000088100000|100%| O|  |TAMS 0x0000000088000000, 0x0000000088000000| Untracked 
| 129|0x0000000088100000, 0x0000000088200000, 0x0000000088200000|100%| O|  |TAMS 0x0000000088100000, 0x0000000088100000| Untracked 
| 130|0x0000000088200000, 0x0000000088300000, 0x0000000088300000|100%| O|  |TAMS 0x0000000088200000, 0x0000000088200000| Untracked 
| 131|0x0000000088300000, 0x0000000088400000, 0x0000000088400000|100%| O|  |TAMS 0x0000000088300000, 0x0000000088300000| Untracked 
| 132|0x0000000088400000, 0x0000000088500000, 0x0000000088500000|100%| O|  |TAMS 0x0000000088400000, 0x0000000088400000| Untracked 
| 133|0x0000000088500000, 0x0000000088600000, 0x0000000088600000|100%| O|  |TAMS 0x0000000088500000, 0x0000000088500000| Untracked 
| 134|0x0000000088600000, 0x0000000088700000, 0x0000000088700000|100%| O|  |TAMS 0x0000000088600000, 0x0000000088600000| Untracked 
| 135|0x0000000088700000, 0x0000000088800000, 0x0000000088800000|100%| O|  |TAMS 0x0000000088700000, 0x0000000088700000| Untracked 
| 136|0x0000000088800000, 0x0000000088900000, 0x0000000088900000|100%| O|  |TAMS 0x0000000088800000, 0x0000000088800000| Untracked 
| 137|0x0000000088900000, 0x0000000088a00000, 0x0000000088a00000|100%| O|  |TAMS 0x0000000088900000, 0x0000000088900000| Untracked 
| 138|0x0000000088a00000, 0x0000000088b00000, 0x0000000088b00000|100%| O|  |TAMS 0x0000000088a00000, 0x0000000088a00000| Untracked 
| 139|0x0000000088b00000, 0x0000000088c00000, 0x0000000088c00000|100%| O|  |TAMS 0x0000000088b00000, 0x0000000088b00000| Untracked 
| 140|0x0000000088c00000, 0x0000000088d00000, 0x0000000088d00000|100%| O|  |TAMS 0x0000000088c00000, 0x0000000088c00000| Untracked 
| 141|0x0000000088d00000, 0x0000000088d1ae00, 0x0000000088e00000| 10%| O|  |TAMS 0x0000000088d00000, 0x0000000088d00000| Untracked 
| 142|0x0000000088e00000, 0x0000000088e00000, 0x0000000088f00000|  0%| F|  |TAMS 0x0000000088e00000, 0x0000000088e00000| Untracked 
| 143|0x0000000088f00000, 0x0000000088f00000, 0x0000000089000000|  0%| F|  |TAMS 0x0000000088f00000, 0x0000000088f00000| Untracked 
| 144|0x0000000089000000, 0x0000000089000000, 0x0000000089100000|  0%| F|  |TAMS 0x0000000089000000, 0x0000000089000000| Untracked 
| 145|0x0000000089100000, 0x0000000089100000, 0x0000000089200000|  0%| F|  |TAMS 0x0000000089100000, 0x0000000089100000| Untracked 
| 146|0x0000000089200000, 0x0000000089200000, 0x0000000089300000|  0%| F|  |TAMS 0x0000000089200000, 0x0000000089200000| Untracked 
| 147|0x0000000089300000, 0x0000000089300000, 0x0000000089400000|  0%| F|  |TAMS 0x0000000089300000, 0x0000000089300000| Untracked 
| 148|0x0000000089400000, 0x0000000089400000, 0x0000000089500000|  0%| F|  |TAMS 0x0000000089400000, 0x0000000089400000| Untracked 
| 149|0x0000000089500000, 0x0000000089500000, 0x0000000089600000|  0%| F|  |TAMS 0x0000000089500000, 0x0000000089500000| Untracked 
| 150|0x0000000089600000, 0x0000000089600000, 0x0000000089700000|  0%| F|  |TAMS 0x0000000089600000, 0x0000000089600000| Untracked 
| 151|0x0000000089700000, 0x0000000089700000, 0x0000000089800000|  0%| F|  |TAMS 0x0000000089700000, 0x0000000089700000| Untracked 
| 152|0x0000000089800000, 0x0000000089800000, 0x0000000089900000|  0%| F|  |TAMS 0x0000000089800000, 0x0000000089800000| Untracked 
| 153|0x0000000089900000, 0x0000000089900000, 0x0000000089a00000|  0%| F|  |TAMS 0x0000000089900000, 0x0000000089900000| Untracked 
| 154|0x0000000089a00000, 0x0000000089a00000, 0x0000000089b00000|  0%| F|  |TAMS 0x0000000089a00000, 0x0000000089a00000| Untracked 
| 155|0x0000000089b00000, 0x0000000089b00000, 0x0000000089c00000|  0%| F|  |TAMS 0x0000000089b00000, 0x0000000089b00000| Untracked 
| 156|0x0000000089c00000, 0x0000000089c00000, 0x0000000089d00000|  0%| F|  |TAMS 0x0000000089c00000, 0x0000000089c00000| Untracked 
| 157|0x0000000089d00000, 0x0000000089d00000, 0x0000000089e00000|  0%| F|  |TAMS 0x0000000089d00000, 0x0000000089d00000| Untracked 
| 158|0x0000000089e00000, 0x0000000089e00000, 0x0000000089f00000|  0%| F|  |TAMS 0x0000000089e00000, 0x0000000089e00000| Untracked 
| 159|0x0000000089f00000, 0x0000000089f00000, 0x000000008a000000|  0%| F|  |TAMS 0x0000000089f00000, 0x0000000089f00000| Untracked 
| 160|0x000000008a000000, 0x000000008a000000, 0x000000008a100000|  0%| F|  |TAMS 0x000000008a000000, 0x000000008a000000| Untracked 
| 161|0x000000008a100000, 0x000000008a100000, 0x000000008a200000|  0%| F|  |TAMS 0x000000008a100000, 0x000000008a100000| Untracked 
| 162|0x000000008a200000, 0x000000008a200000, 0x000000008a300000|  0%| F|  |TAMS 0x000000008a200000, 0x000000008a200000| Untracked 
| 163|0x000000008a300000, 0x000000008a300000, 0x000000008a400000|  0%| F|  |TAMS 0x000000008a300000, 0x000000008a300000| Untracked 
| 164|0x000000008a400000, 0x000000008a400000, 0x000000008a500000|  0%| F|  |TAMS 0x000000008a400000, 0x000000008a400000| Untracked 
| 165|0x000000008a500000, 0x000000008a600000, 0x000000008a600000|100%| S|CS|TAMS 0x000000008a500000, 0x000000008a500000| Complete 
| 166|0x000000008a600000, 0x000000008a700000, 0x000000008a700000|100%| S|CS|TAMS 0x000000008a600000, 0x000000008a600000| Complete 
| 167|0x000000008a700000, 0x000000008a700000, 0x000000008a800000|  0%| F|  |TAMS 0x000000008a700000, 0x000000008a700000| Untracked 
| 168|0x000000008a800000, 0x000000008a800000, 0x000000008a900000|  0%| F|  |TAMS 0x000000008a800000, 0x000000008a800000| Untracked 
| 169|0x000000008a900000, 0x000000008a900000, 0x000000008aa00000|  0%| F|  |TAMS 0x000000008a900000, 0x000000008a900000| Untracked 
| 170|0x000000008aa00000, 0x000000008aa00000, 0x000000008ab00000|  0%| F|  |TAMS 0x000000008aa00000, 0x000000008aa00000| Untracked 
| 171|0x000000008ab00000, 0x000000008ac00000, 0x000000008ac00000|100%| S|CS|TAMS 0x000000008ab00000, 0x000000008ab00000| Complete 
| 172|0x000000008ac00000, 0x000000008ad00000, 0x000000008ad00000|100%| S|CS|TAMS 0x000000008ac00000, 0x000000008ac00000| Complete 
| 173|0x000000008ad00000, 0x000000008ae00000, 0x000000008ae00000|100%| S|CS|TAMS 0x000000008ad00000, 0x000000008ad00000| Complete 
| 174|0x000000008ae00000, 0x000000008af00000, 0x000000008af00000|100%| S|CS|TAMS 0x000000008ae00000, 0x000000008ae00000| Complete 
| 175|0x000000008af00000, 0x000000008af00000, 0x000000008b000000|  0%| F|  |TAMS 0x000000008af00000, 0x000000008af00000| Untracked 
| 176|0x000000008b000000, 0x000000008b000000, 0x000000008b100000|  0%| F|  |TAMS 0x000000008b000000, 0x000000008b000000| Untracked 
| 177|0x000000008b100000, 0x000000008b100000, 0x000000008b200000|  0%| F|  |TAMS 0x000000008b100000, 0x000000008b100000| Untracked 
| 178|0x000000008b200000, 0x000000008b200000, 0x000000008b300000|  0%| F|  |TAMS 0x000000008b200000, 0x000000008b200000| Untracked 
| 179|0x000000008b300000, 0x000000008b300000, 0x000000008b400000|  0%| F|  |TAMS 0x000000008b300000, 0x000000008b300000| Untracked 
| 180|0x000000008b400000, 0x000000008b400000, 0x000000008b500000|  0%| F|  |TAMS 0x000000008b400000, 0x000000008b400000| Untracked 
| 181|0x000000008b500000, 0x000000008b500000, 0x000000008b600000|  0%| F|  |TAMS 0x000000008b500000, 0x000000008b500000| Untracked 
| 182|0x000000008b600000, 0x000000008b600000, 0x000000008b700000|  0%| F|  |TAMS 0x000000008b600000, 0x000000008b600000| Untracked 
| 183|0x000000008b700000, 0x000000008b700000, 0x000000008b800000|  0%| F|  |TAMS 0x000000008b700000, 0x000000008b700000| Untracked 
| 184|0x000000008b800000, 0x000000008b800000, 0x000000008b900000|  0%| F|  |TAMS 0x000000008b800000, 0x000000008b800000| Untracked 
| 185|0x000000008b900000, 0x000000008b900000, 0x000000008ba00000|  0%| F|  |TAMS 0x000000008b900000, 0x000000008b900000| Untracked 
| 186|0x000000008ba00000, 0x000000008ba00000, 0x000000008bb00000|  0%| F|  |TAMS 0x000000008ba00000, 0x000000008ba00000| Untracked 
| 187|0x000000008bb00000, 0x000000008bb00000, 0x000000008bc00000|  0%| F|  |TAMS 0x000000008bb00000, 0x000000008bb00000| Untracked 
| 188|0x000000008bc00000, 0x000000008bc00000, 0x000000008bd00000|  0%| F|  |TAMS 0x000000008bc00000, 0x000000008bc00000| Untracked 
| 189|0x000000008bd00000, 0x000000008bd00000, 0x000000008be00000|  0%| F|  |TAMS 0x000000008bd00000, 0x000000008bd00000| Untracked 
| 190|0x000000008be00000, 0x000000008be00000, 0x000000008bf00000|  0%| F|  |TAMS 0x000000008be00000, 0x000000008be00000| Untracked 
| 191|0x000000008bf00000, 0x000000008bf00000, 0x000000008c000000|  0%| F|  |TAMS 0x000000008bf00000, 0x000000008bf00000| Untracked 
| 192|0x000000008c000000, 0x000000008c000000, 0x000000008c100000|  0%| F|  |TAMS 0x000000008c000000, 0x000000008c000000| Untracked 
| 193|0x000000008c100000, 0x000000008c100000, 0x000000008c200000|  0%| F|  |TAMS 0x000000008c100000, 0x000000008c100000| Untracked 
| 194|0x000000008c200000, 0x000000008c200000, 0x000000008c300000|  0%| F|  |TAMS 0x000000008c200000, 0x000000008c200000| Untracked 
| 195|0x000000008c300000, 0x000000008c300000, 0x000000008c400000|  0%| F|  |TAMS 0x000000008c300000, 0x000000008c300000| Untracked 
| 196|0x000000008c400000, 0x000000008c400000, 0x000000008c500000|  0%| F|  |TAMS 0x000000008c400000, 0x000000008c400000| Untracked 
| 197|0x000000008c500000, 0x000000008c500000, 0x000000008c600000|  0%| F|  |TAMS 0x000000008c500000, 0x000000008c500000| Untracked 
| 198|0x000000008c600000, 0x000000008c600000, 0x000000008c700000|  0%| F|  |TAMS 0x000000008c600000, 0x000000008c600000| Untracked 
| 199|0x000000008c700000, 0x000000008c700000, 0x000000008c800000|  0%| F|  |TAMS 0x000000008c700000, 0x000000008c700000| Untracked 
| 200|0x000000008c800000, 0x000000008c800000, 0x000000008c900000|  0%| F|  |TAMS 0x000000008c800000, 0x000000008c800000| Untracked 
| 201|0x000000008c900000, 0x000000008c900000, 0x000000008ca00000|  0%| F|  |TAMS 0x000000008c900000, 0x000000008c900000| Untracked 
| 202|0x000000008ca00000, 0x000000008ca00000, 0x000000008cb00000|  0%| F|  |TAMS 0x000000008ca00000, 0x000000008ca00000| Untracked 
| 203|0x000000008cb00000, 0x000000008cb00000, 0x000000008cc00000|  0%| F|  |TAMS 0x000000008cb00000, 0x000000008cb00000| Untracked 
| 204|0x000000008cc00000, 0x000000008cc00000, 0x000000008cd00000|  0%| F|  |TAMS 0x000000008cc00000, 0x000000008cc00000| Untracked 
| 205|0x000000008cd00000, 0x000000008cd00000, 0x000000008ce00000|  0%| F|  |TAMS 0x000000008cd00000, 0x000000008cd00000| Untracked 
| 206|0x000000008ce00000, 0x000000008ce00000, 0x000000008cf00000|  0%| F|  |TAMS 0x000000008ce00000, 0x000000008ce00000| Untracked 
| 207|0x000000008cf00000, 0x000000008cf00000, 0x000000008d000000|  0%| F|  |TAMS 0x000000008cf00000, 0x000000008cf00000| Untracked 
| 208|0x000000008d000000, 0x000000008d079500, 0x000000008d100000| 47%| E|  |TAMS 0x000000008d000000, 0x000000008d000000| Complete 
| 209|0x000000008d100000, 0x000000008d200000, 0x000000008d200000|100%| E|CS|TAMS 0x000000008d100000, 0x000000008d100000| Complete 
| 210|0x000000008d200000, 0x000000008d300000, 0x000000008d300000|100%| E|CS|TAMS 0x000000008d200000, 0x000000008d200000| Complete 
| 211|0x000000008d300000, 0x000000008d400000, 0x000000008d400000|100%| E|CS|TAMS 0x000000008d300000, 0x000000008d300000| Complete 
| 212|0x000000008d400000, 0x000000008d500000, 0x000000008d500000|100%| E|CS|TAMS 0x000000008d400000, 0x000000008d400000| Complete 
| 213|0x000000008d500000, 0x000000008d600000, 0x000000008d600000|100%| E|CS|TAMS 0x000000008d500000, 0x000000008d500000| Complete 
| 251|0x000000008fb00000, 0x000000008fc00000, 0x000000008fc00000|100%| E|CS|TAMS 0x000000008fb00000, 0x000000008fb00000| Complete 

Card table byte_map: [0x00000265ee350000,0x00000265ee750000] _byte_map_base: 0x00000265edf50000

Marking Bits (Prev, Next): (CMBitMap*) 0x00000265d71a65d0, (CMBitMap*) 0x00000265d71a6590
 Prev Bits: [0x00000265f0b50000, 0x00000265f2b50000)
 Next Bits: [0x00000265eeb50000, 0x00000265f0b50000)

Polling page: 0x00000265d6860000

Metaspace:

Usage:
  Non-class:    102.72 MB used.
      Class:     16.14 MB used.
       Both:    118.87 MB used.

Virtual space:
  Non-class space:      128.00 MB reserved,     103.38 MB ( 81%) committed,  2 nodes.
      Class space:      416.00 MB reserved,      16.75 MB (  4%) committed,  1 nodes.
             Both:      544.00 MB reserved,     120.12 MB ( 22%) committed. 

Chunk freelists:
   Non-Class:  8.50 MB
       Class:  15.30 MB
        Both:  23.79 MB

MaxMetaspaceSize: 512.00 MB
CompressedClassSpaceSize: 416.00 MB
Initial GC threshold: 21.00 MB
Current GC threshold: 173.75 MB
CDS: on
MetaspaceReclaimPolicy: balanced
 - commit_granule_bytes: 65536.
 - commit_granule_words: 8192.
 - virtual_space_node_default_size: 8388608.
 - enlarge_chunks_in_place: 1.
 - new_chunks_are_fully_committed: 0.
 - uncommit_free_chunks: 1.
 - use_allocation_guard: 0.
 - handle_deallocations: 1.


Internal statistics:

num_allocs_failed_limit: 12.
num_arena_births: 1810.
num_arena_deaths: 0.
num_vsnodes_births: 3.
num_vsnodes_deaths: 0.
num_space_committed: 1920.
num_space_uncommitted: 0.
num_chunks_returned_to_freelist: 12.
num_chunks_taken_from_freelist: 7454.
num_chunk_merges: 12.
num_chunk_splits: 4750.
num_chunks_enlarged: 2929.
num_inconsistent_stats: 0.

CodeHeap 'non-profiled nmethods': size=120000Kb used=9833Kb max_used=9833Kb free=110166Kb
 bounds [0x00000265e64d0000, 0x00000265e6e70000, 0x00000265eda00000]
CodeHeap 'profiled nmethods': size=120000Kb used=27021Kb max_used=27021Kb free=92978Kb
 bounds [0x00000265dea00000, 0x00000265e0470000, 0x00000265e5f30000]
CodeHeap 'non-nmethods': size=5760Kb used=2455Kb max_used=2511Kb free=3304Kb
 bounds [0x00000265e5f30000, 0x00000265e61b0000, 0x00000265e64d0000]
 total_blobs=14666 nmethods=13668 adapters=909
 compilation: enabled
              stopped_count=0, restarted_count=0
 full_count=0

Compilation events (20 events):
Event: 59.401 Thread 0x000002659bf9c350 nmethod 15953 0x00000265e6e62190 code [0x00000265e6e62400, 0x00000265e6e63160]
Event: 59.401 Thread 0x000002659bf9c350 15994       4       org.gradle.internal.snapshot.MerkleDirectorySnapshotBuilder::collectEntry (52 bytes)
Event: 59.409 Thread 0x000002659bf9c350 nmethod 15994 0x00000265e6e64110 code [0x00000265e6e642c0, 0x00000265e6e64c78]
Event: 59.409 Thread 0x000002659bf9c350 15952       4       org.gradle.api.internal.DefaultCollectionCallbackActionDecorator$BuildOperationEmittingAction$1::run (26 bytes)
Event: 59.411 Thread 0x00000265f5812c90 15996       3       sun.nio.fs.NativeBuffer$Deallocator::run (11 bytes)
Event: 59.411 Thread 0x00000265f5812c90 nmethod 15996 0x00000265e045d010 code [0x00000265e045d1e0, 0x00000265e045d518]
Event: 59.445 Thread 0x00000265f5812c90 16000       3       sun.nio.fs.NativeBuffer::free (10 bytes)
Event: 59.445 Thread 0x00000265f5812c90 nmethod 16000 0x00000265e045d690 code [0x00000265e045d860, 0x00000265e045dc48]
Event: 59.458 Thread 0x000002659bf9c350 nmethod 15952 0x00000265e6e65090 code [0x00000265e6e65320, 0x00000265e6e67320]
Event: 59.459 Thread 0x000002659bf9c350 15995       4       org.gradle.internal.snapshot.FileSystemLocationSnapshot$$Lambda$455/0x0000026581429d30::apply (10 bytes)
Event: 59.460 Thread 0x000002659bf9c350 nmethod 15995 0x00000265e6e68310 code [0x00000265e6e684a0, 0x00000265e6e685b8]
Event: 59.460 Thread 0x000002659bf9c350 15998   !   4       org.gradle.internal.concurrent.ExecutorPolicy$CatchAndRecordFailures::onExecute (29 bytes)
Event: 59.461 Thread 0x000002659bf9c350 nmethod 15998 0x00000265e6e68690 code [0x00000265e6e68800, 0x00000265e6e688b8]
Event: 59.461 Thread 0x000002659bf9c350 15999       4       java.nio.file.Path::toFile (36 bytes)
Event: 59.558 Thread 0x00000265f5812c90 16002       1       java.lang.management.DefaultPlatformMBeanProvider$7::mbeanInterfaceNames (5 bytes)
Event: 59.558 Thread 0x00000265f5812c90 nmethod 16002 0x00000265e6e68990 code [0x00000265e6e68b20, 0x00000265e6e68bf8]
Event: 59.558 Thread 0x00000265f5812c90 16003       1       com.sun.management.internal.PlatformMBeanProviderImpl$2::mbeanInterfaceNames (5 bytes)
Event: 59.558 Thread 0x00000265f5812c90 nmethod 16003 0x00000265e6e68c90 code [0x00000265e6e68e20, 0x00000265e6e68ef8]
Event: 59.558 Thread 0x00000265f5812c90 16004       1       com.sun.management.internal.PlatformMBeanProviderImpl$3::mbeanInterfaceNames (5 bytes)
Event: 59.558 Thread 0x00000265f5812c90 nmethod 16004 0x00000265e6e68f90 code [0x00000265e6e69120, 0x00000265e6e691f8]

GC Heap History (20 events):
Event: 36.709 GC heap before
{Heap before GC invocations=48 (full 0):
 garbage-first heap   total 208896K, used 126918K [0x0000000080000000, 0x0000000100000000)
  region size 1024K, 10 young (10240K), 7 survivors (7168K)
 Metaspace       used 102772K, committed 103808K, reserved 557056K
  class space    used 14337K, committed 14848K, reserved 425984K
}
Event: 36.716 GC heap after
{Heap after GC invocations=49 (full 0):
 garbage-first heap   total 208896K, used 122926K [0x0000000080000000, 0x0000000100000000)
  region size 1024K, 2 young (2048K), 2 survivors (2048K)
 Metaspace       used 102772K, committed 103808K, reserved 557056K
  class space    used 14337K, committed 14848K, reserved 425984K
}
Event: 38.028 GC heap before
{Heap before GC invocations=49 (full 0):
 garbage-first heap   total 208896K, used 178222K [0x0000000080000000, 0x0000000100000000)
  region size 1024K, 52 young (53248K), 2 survivors (2048K)
 Metaspace       used 105597K, committed 106688K, reserved 557056K
  class space    used 14556K, committed 15040K, reserved 425984K
}
Event: 38.034 GC heap after
{Heap after GC invocations=50 (full 0):
 garbage-first heap   total 208896K, used 128028K [0x0000000080000000, 0x0000000100000000)
  region size 1024K, 7 young (7168K), 7 survivors (7168K)
 Metaspace       used 105597K, committed 106688K, reserved 557056K
  class space    used 14556K, committed 15040K, reserved 425984K
}
Event: 39.068 GC heap before
{Heap before GC invocations=51 (full 0):
 garbage-first heap   total 220160K, used 174108K [0x0000000080000000, 0x0000000100000000)
  region size 1024K, 51 young (52224K), 7 survivors (7168K)
 Metaspace       used 107563K, committed 108672K, reserved 557056K
  class space    used 14813K, committed 15296K, reserved 425984K
}
Event: 39.076 GC heap after
{Heap after GC invocations=52 (full 0):
 garbage-first heap   total 220160K, used 132011K [0x0000000080000000, 0x0000000100000000)
  region size 1024K, 4 young (4096K), 4 survivors (4096K)
 Metaspace       used 107563K, committed 108672K, reserved 557056K
  class space    used 14813K, committed 15296K, reserved 425984K
}
Event: 39.177 GC heap before
{Heap before GC invocations=52 (full 0):
 garbage-first heap   total 220160K, used 138155K [0x0000000080000000, 0x0000000100000000)
  region size 1024K, 10 young (10240K), 4 survivors (4096K)
 Metaspace       used 107867K, committed 108992K, reserved 557056K
  class space    used 14855K, committed 15360K, reserved 425984K
}
Event: 39.185 GC heap after
{Heap after GC invocations=53 (full 0):
 garbage-first heap   total 220160K, used 131181K [0x0000000080000000, 0x0000000100000000)
  region size 1024K, 1 young (1024K), 1 survivors (1024K)
 Metaspace       used 107867K, committed 108992K, reserved 557056K
  class space    used 14855K, committed 15360K, reserved 425984K
}
Event: 40.086 GC heap before
{Heap before GC invocations=53 (full 0):
 garbage-first heap   total 220160K, used 183405K [0x0000000080000000, 0x0000000100000000)
  region size 1024K, 52 young (53248K), 1 survivors (1024K)
 Metaspace       used 110341K, committed 111424K, reserved 557056K
  class space    used 15196K, committed 15680K, reserved 425984K
}
Event: 40.090 GC heap after
{Heap after GC invocations=54 (full 0):
 garbage-first heap   total 220160K, used 134565K [0x0000000080000000, 0x0000000100000000)
  region size 1024K, 5 young (5120K), 5 survivors (5120K)
 Metaspace       used 110341K, committed 111424K, reserved 557056K
  class space    used 15196K, committed 15680K, reserved 425984K
}
Event: 40.971 GC heap before
{Heap before GC invocations=54 (full 0):
 garbage-first heap   total 220160K, used 183717K [0x0000000080000000, 0x0000000100000000)
  region size 1024K, 53 young (54272K), 5 survivors (5120K)
 Metaspace       used 113748K, committed 114880K, reserved 557056K
  class space    used 15652K, committed 16192K, reserved 425984K
}
Event: 40.977 GC heap after
{Heap after GC invocations=55 (full 0):
 garbage-first heap   total 220160K, used 137312K [0x0000000080000000, 0x0000000100000000)
  region size 1024K, 3 young (3072K), 3 survivors (3072K)
 Metaspace       used 113748K, committed 114880K, reserved 557056K
  class space    used 15652K, committed 16192K, reserved 425984K
}
Event: 41.972 GC heap before
{Heap before GC invocations=55 (full 0):
 garbage-first heap   total 220160K, used 186464K [0x0000000080000000, 0x0000000100000000)
  region size 1024K, 51 young (52224K), 3 survivors (3072K)
 Metaspace       used 115550K, committed 116736K, reserved 557056K
  class space    used 15925K, committed 16512K, reserved 425984K
}
Event: 41.979 GC heap after
{Heap after GC invocations=56 (full 0):
 garbage-first heap   total 220160K, used 142400K [0x0000000080000000, 0x0000000100000000)
  region size 1024K, 7 young (7168K), 7 survivors (7168K)
 Metaspace       used 115550K, committed 116736K, reserved 557056K
  class space    used 15925K, committed 16512K, reserved 425984K
}
Event: 43.578 GC heap before
{Heap before GC invocations=56 (full 0):
 garbage-first heap   total 220160K, used 184384K [0x0000000080000000, 0x0000000100000000)
  region size 1024K, 49 young (50176K), 7 survivors (7168K)
 Metaspace       used 118702K, committed 119936K, reserved 557056K
  class space    used 16266K, committed 16896K, reserved 425984K
}
Event: 43.584 GC heap after
{Heap after GC invocations=57 (full 0):
 garbage-first heap   total 220160K, used 144465K [0x0000000080000000, 0x0000000100000000)
  region size 1024K, 2 young (2048K), 2 survivors (2048K)
 Metaspace       used 118702K, committed 119936K, reserved 557056K
  class space    used 16266K, committed 16896K, reserved 425984K
}
Event: 57.077 GC heap before
{Heap before GC invocations=57 (full 0):
 garbage-first heap   total 220160K, used 186449K [0x0000000080000000, 0x0000000100000000)
  region size 1024K, 44 young (45056K), 2 survivors (2048K)
 Metaspace       used 121463K, committed 122688K, reserved 557056K
  class space    used 16506K, committed 17088K, reserved 425984K
}
Event: 57.086 GC heap after
{Heap after GC invocations=58 (full 0):
 garbage-first heap   total 220160K, used 146162K [0x0000000080000000, 0x0000000100000000)
  region size 1024K, 4 young (4096K), 4 survivors (4096K)
 Metaspace       used 121463K, committed 122688K, reserved 557056K
  class space    used 16506K, committed 17088K, reserved 425984K
}
Event: 59.418 GC heap before
{Heap before GC invocations=58 (full 0):
 garbage-first heap   total 220160K, used 187122K [0x0000000080000000, 0x0000000100000000)
  region size 1024K, 44 young (45056K), 4 survivors (4096K)
 Metaspace       used 121667K, committed 122944K, reserved 557056K
  class space    used 16522K, committed 17152K, reserved 425984K
}
Event: 59.422 GC heap after
{Heap after GC invocations=59 (full 0):
 garbage-first heap   total 220160K, used 150635K [0x0000000080000000, 0x0000000100000000)
  region size 1024K, 6 young (6144K), 6 survivors (6144K)
 Metaspace       used 121667K, committed 122944K, reserved 557056K
  class space    used 16522K, committed 17152K, reserved 425984K
}

Deoptimization events (20 events):
Event: 57.411 Thread 0x00000265fb8057f0 Uncommon trap: trap_request=0xffffffde fr.pc=0x00000265e6a039e8 relative=0x0000000000000488
Event: 57.411 Thread 0x00000265fb8057f0 Uncommon trap: reason=class_check action=maybe_recompile pc=0x00000265e6a039e8 method=com.google.common.collect.ImmutableSortedSet$Builder.sortAndDedup()V @ 54 c2
Event: 57.411 Thread 0x00000265fb8057f0 DEOPT PACKING pc=0x00000265e6a039e8 sp=0x000000a6bf9f9cb0
Event: 57.411 Thread 0x00000265fb8057f0 DEOPT UNPACKING pc=0x00000265e5f823a3 sp=0x000000a6bf9f9c50 mode 2
Event: 57.413 Thread 0x00000265fb8057f0 Uncommon trap: trap_request=0xffffffde fr.pc=0x00000265e6d6de84 relative=0x0000000000000164
Event: 57.413 Thread 0x00000265fb8057f0 Uncommon trap: reason=class_check action=maybe_recompile pc=0x00000265e6d6de84 method=org.gradle.internal.lazy.UnsafeLazy.get()Ljava/lang/Object; @ 12 c2
Event: 57.413 Thread 0x00000265fb8057f0 DEOPT PACKING pc=0x00000265e6d6de84 sp=0x000000a6bf9f8110
Event: 57.413 Thread 0x00000265fb8057f0 DEOPT UNPACKING pc=0x00000265e5f823a3 sp=0x000000a6bf9f80c0 mode 2
Event: 57.417 Thread 0x00000265fb8057f0 Uncommon trap: trap_request=0xffffffc6 fr.pc=0x00000265e6e08028 relative=0x0000000000000ce8
Event: 57.417 Thread 0x00000265fb8057f0 Uncommon trap: reason=bimorphic_or_optimized_type_check action=maybe_recompile pc=0x00000265e6e08028 method=org.gradle.internal.snapshot.DirectorySnapshot.accept(Lorg/gradle/internal/snapshot/FileSystemSnapshotHierarchyVisitor;)Lorg/gradle/internal/snapsh
Event: 57.417 Thread 0x00000265fb8057f0 DEOPT PACKING pc=0x00000265e6e08028 sp=0x000000a6bf9f82f0
Event: 57.417 Thread 0x00000265fb8057f0 DEOPT UNPACKING pc=0x00000265e5f823a3 sp=0x000000a6bf9f82e0 mode 2
Event: 58.151 Thread 0x00000265fb8057f0 Uncommon trap: trap_request=0xffffffde fr.pc=0x00000265e67a3668 relative=0x0000000000000c68
Event: 58.151 Thread 0x00000265fb8057f0 Uncommon trap: reason=class_check action=maybe_recompile pc=0x00000265e67a3668 method=org.codehaus.groovy.reflection.ParameterTypes.getParametersTypes0()V @ 15 c2
Event: 58.151 Thread 0x00000265fb8057f0 DEOPT PACKING pc=0x00000265e67a3668 sp=0x000000a6bf9f5a90
Event: 58.151 Thread 0x00000265fb8057f0 DEOPT UNPACKING pc=0x00000265e5f823a3 sp=0x000000a6bf9f5a18 mode 2
Event: 59.324 Thread 0x00000265fb8057f0 Uncommon trap: trap_request=0xfffffff4 fr.pc=0x00000265e6622aa4 relative=0x0000000000000104
Event: 59.324 Thread 0x00000265fb8057f0 Uncommon trap: reason=null_check action=make_not_entrant pc=0x00000265e6622aa4 method=org.gradle.api.internal.collections.CollectionFilter.filter(Ljava/lang/Object;)Ljava/lang/Object; @ 5 c2
Event: 59.324 Thread 0x00000265fb8057f0 DEOPT PACKING pc=0x00000265e6622aa4 sp=0x000000a6bf9f6b60
Event: 59.324 Thread 0x00000265fb8057f0 DEOPT UNPACKING pc=0x00000265e5f823a3 sp=0x000000a6bf9f6b00 mode 2

Classes unloaded (0 events):
No events

Classes redefined (0 events):
No events

Internal exceptions (20 events):
Event: 56.576 Thread 0x00000265fb8057f0 Exception <a 'sun/nio/fs/WindowsException'{0x000000008b6a33f8}> (0x000000008b6a33f8) 
thrown [s\open\src\hotspot\share\prims\jni.cpp, line 516]
Event: 56.578 Thread 0x00000265fb8057f0 Exception <a 'sun/nio/fs/WindowsException'{0x000000008b6a4a08}> (0x000000008b6a4a08) 
thrown [s\open\src\hotspot\share\prims\jni.cpp, line 516]
Event: 56.580 Thread 0x00000265fb8057f0 Exception <a 'sun/nio/fs/WindowsException'{0x000000008b6a6018}> (0x000000008b6a6018) 
thrown [s\open\src\hotspot\share\prims\jni.cpp, line 516]
Event: 56.800 Thread 0x00000265fb8057f0 Exception <a 'sun/nio/fs/WindowsException'{0x000000008b410c50}> (0x000000008b410c50) 
thrown [s\open\src\hotspot\share\prims\jni.cpp, line 516]
Event: 56.803 Thread 0x00000265fb8057f0 Exception <a 'sun/nio/fs/WindowsException'{0x000000008b412508}> (0x000000008b412508) 
thrown [s\open\src\hotspot\share\prims\jni.cpp, line 516]
Event: 56.808 Thread 0x00000265fb8057f0 Exception <a 'sun/nio/fs/WindowsException'{0x000000008b413dc0}> (0x000000008b413dc0) 
thrown [s\open\src\hotspot\share\prims\jni.cpp, line 516]
Event: 56.812 Thread 0x00000265fb8057f0 Exception <a 'sun/nio/fs/WindowsException'{0x000000008b415678}> (0x000000008b415678) 
thrown [s\open\src\hotspot\share\prims\jni.cpp, line 516]
Event: 57.318 Thread 0x00000265fb8057f0 Exception <a 'sun/nio/fs/WindowsException'{0x000000008c41e5e8}> (0x000000008c41e5e8) 
thrown [s\open\src\hotspot\share\prims\jni.cpp, line 516]
Event: 57.318 Thread 0x00000265fb8057f0 Exception <a 'sun/nio/fs/WindowsException'{0x000000008c41e8b8}> (0x000000008c41e8b8) 
thrown [s\open\src\hotspot\share\prims\jni.cpp, line 516]
Event: 57.318 Thread 0x00000265fb8057f0 Exception <a 'sun/nio/fs/WindowsException'{0x000000008c4214f0}> (0x000000008c4214f0) 
thrown [s\open\src\hotspot\share\prims\jni.cpp, line 516]
Event: 57.318 Thread 0x00000265fb8057f0 Exception <a 'sun/nio/fs/WindowsException'{0x000000008c4218c0}> (0x000000008c4218c0) 
thrown [s\open\src\hotspot\share\prims\jni.cpp, line 516]
Event: 57.319 Thread 0x00000265fb8057f0 Exception <a 'sun/nio/fs/WindowsException'{0x000000008c425170}> (0x000000008c425170) 
thrown [s\open\src\hotspot\share\prims\jni.cpp, line 516]
Event: 57.319 Thread 0x00000265fb8057f0 Exception <a 'sun/nio/fs/WindowsException'{0x000000008c425540}> (0x000000008c425540) 
thrown [s\open\src\hotspot\share\prims\jni.cpp, line 516]
Event: 58.135 Thread 0x00000265fb8057f0 Exception <a 'java/lang/ClassNotFoundException'{0x000000008b8ed470}: GradleAnnotationProcessorPatchPluginBeanInfo> (0x000000008b8ed470) 
thrown [s\open\src\hotspot\share\classfile\systemDictionary.cpp, line 256]
Event: 58.136 Thread 0x00000265fb8057f0 Exception <a 'java/lang/ClassNotFoundException'{0x000000008b8fa138}: GradleAnnotationProcessorPatchPluginCustomizer> (0x000000008b8fa138) 
thrown [s\open\src\hotspot\share\classfile\systemDictionary.cpp, line 256]
Event: 58.145 Thread 0x00000265fb8057f0 Exception <a 'java/lang/ClassNotFoundException'{0x000000008b742820}: GradleAnnotationProcessorPatchPlugin$AnnotationProcessorModelBuilderBeanInfo> (0x000000008b742820) 
thrown [s\open\src\hotspot\share\classfile\systemDictionary.cpp, line 256]
Event: 58.147 Thread 0x00000265fb8057f0 Exception <a 'java/lang/ClassNotFoundException'{0x000000008b74f6c8}: GradleAnnotationProcessorPatchPlugin$AnnotationProcessorModelBuilderCustomizer> (0x000000008b74f6c8) 
thrown [s\open\src\hotspot\share\classfile\systemDictionary.cpp, line 256]
Event: 58.163 Thread 0x00000265fb8057f0 Exception <a 'java/lang/ClassNotFoundException'{0x000000008b7d50d0}: org/gradle/tooling/provider/model/internal/DefaultToolingModelBuilderRegistryBeanInfo> (0x000000008b7d50d0) 
thrown [s\open\src\hotspot\share\classfile\systemDictionary.cpp, line 256]
Event: 58.165 Thread 0x00000265fb8057f0 Exception <a 'java/lang/ClassNotFoundException'{0x000000008b7ee468}: org/gradle/tooling/provider/model/internal/DefaultToolingModelBuilderRegistryCustomizer> (0x000000008b7ee468) 
thrown [s\open\src\hotspot\share\classfile\systemDictionary.cpp, line 256]
Event: 59.324 Thread 0x00000265fb8057f0 Implicit null exception at 0x00000265e66229de to 0x00000265e6622a90

VM Operations (20 events):
Event: 54.665 Executing VM operation: Cleanup
Event: 54.665 Executing VM operation: Cleanup done
Event: 55.677 Executing VM operation: Cleanup
Event: 55.677 Executing VM operation: Cleanup done
Event: 56.439 Executing VM operation: HandshakeAllThreads
Event: 56.440 Executing VM operation: HandshakeAllThreads done
Event: 56.442 Executing VM operation: HandshakeAllThreads
Event: 56.442 Executing VM operation: HandshakeAllThreads done
Event: 56.981 Executing VM operation: ICBufferFull
Event: 56.982 Executing VM operation: ICBufferFull done
Event: 57.077 Executing VM operation: G1CollectForAllocation
Event: 57.086 Executing VM operation: G1CollectForAllocation done
Event: 58.091 Executing VM operation: Cleanup
Event: 58.092 Executing VM operation: Cleanup done
Event: 59.104 Executing VM operation: Cleanup
Event: 59.245 Executing VM operation: Cleanup done
Event: 59.417 Executing VM operation: G1CollectForAllocation
Event: 59.422 Executing VM operation: G1CollectForAllocation done
Event: 60.054 Executing VM operation: HandshakeAllThreads
Event: 60.054 Executing VM operation: HandshakeAllThreads done

Events (20 events):
Event: 57.821 Thread 0x00000265ffc7dd40 Thread added: 0x00000265ffc7dd40
Event: 57.822 Thread 0x00000265ffc81a00 Thread added: 0x00000265ffc81a00
Event: 57.823 Thread 0x00000265ffc7e250 Thread added: 0x00000265ffc7e250
Event: 57.823 Thread 0x00000265ffc7f690 Thread added: 0x00000265ffc7f690
Event: 57.916 Thread 0x00000265ffc7fba0 Thread added: 0x00000265ffc7fba0
Event: 57.918 Thread 0x00000265ffc81f10 Thread added: 0x00000265ffc81f10
Event: 57.919 Thread 0x00000265ffc800b0 Thread added: 0x00000265ffc800b0
Event: 57.920 Thread 0x00000265ffc805c0 Thread added: 0x00000265ffc805c0
Event: 57.923 Thread 0x00000265ffc7f180 Thread added: 0x00000265ffc7f180
Event: 57.924 Thread 0x00000265ffc80ad0 Thread added: 0x00000265ffc80ad0
Event: 57.925 Thread 0x00000265ffc7e760 Thread added: 0x00000265ffc7e760
Event: 57.925 Thread 0x00000265ffc84790 Thread added: 0x00000265ffc84790
Event: 57.926 Thread 0x00000265ffc82420 Thread added: 0x00000265ffc82420
Event: 57.930 Thread 0x00000265ffc84ca0 Thread added: 0x00000265ffc84ca0
Event: 57.931 Thread 0x00000265ffc82930 Thread added: 0x00000265ffc82930
Event: 57.955 Thread 0x000002659bf9d890 Thread added: 0x000002659bf9d890
Event: 58.207 Thread 0x00000265ffc82e40 Thread added: 0x00000265ffc82e40
Event: 59.245 Thread 0x000002659bf9d890 Thread exited: 0x000002659bf9d890
Event: 59.247 Thread 0x000002659bf9b360 Thread exited: 0x000002659bf9b360
Event: 59.344 Thread 0x000002659bf9c350 Thread added: 0x000002659bf9c350


Dynamic libraries:
0x00007ff7a9c90000 - 0x00007ff7a9ca0000 	C:\Program Files\Java\jdk-17\bin\java.exe
0x00007ffac5b00000 - 0x00007ffac5d60000 	C:\WINDOWS\SYSTEM32\ntdll.dll
0x00007ffac4220000 - 0x00007ffac42e7000 	C:\WINDOWS\System32\KERNEL32.DLL
0x00007ffac3500000 - 0x00007ffac38ca000 	C:\WINDOWS\System32\KERNELBASE.dll
0x00007ffac3260000 - 0x00007ffac33ab000 	C:\WINDOWS\System32\ucrtbase.dll
0x00007ffaaf160000 - 0x00007ffaaf17b000 	C:\Program Files\Java\jdk-17\bin\VCRUNTIME140.dll
0x00007ffaaf180000 - 0x00007ffaaf199000 	C:\Program Files\Java\jdk-17\bin\jli.dll
0x00007ffac56e0000 - 0x00007ffac5792000 	C:\WINDOWS\System32\ADVAPI32.dll
0x00007ffac57a0000 - 0x00007ffac5849000 	C:\WINDOWS\System32\msvcrt.dll
0x00007ffac42f0000 - 0x00007ffac4396000 	C:\WINDOWS\System32\sechost.dll
0x00007ffac5850000 - 0x00007ffac5966000 	C:\WINDOWS\System32\RPCRT4.dll
0x00007ffac53d0000 - 0x00007ffac559c000 	C:\WINDOWS\System32\USER32.dll
0x00007ffac2cb0000 - 0x00007ffac2cd7000 	C:\WINDOWS\System32\win32u.dll
0x00007ffac38d0000 - 0x00007ffac38fa000 	C:\WINDOWS\System32\GDI32.dll
0x00007ffac2ce0000 - 0x00007ffac2e11000 	C:\WINDOWS\System32\gdi32full.dll
0x00007ffac2e20000 - 0x00007ffac2ec3000 	C:\WINDOWS\System32\msvcp_win.dll
0x00007ffa9b340000 - 0x00007ffa9b5d7000 	C:\WINDOWS\WinSxS\amd64_microsoft.windows.common-controls_6595b64144ccf1df_6.0.26100.3624_none_3e086962e3345f24\COMCTL32.dll
0x00007ffab2090000 - 0x00007ffab209b000 	C:\WINDOWS\SYSTEM32\VERSION.dll
0x00007ffac3ed0000 - 0x00007ffac3eff000 	C:\WINDOWS\System32\IMM32.DLL
0x00007ffaaf460000 - 0x00007ffaaf46c000 	C:\Program Files\Java\jdk-17\bin\vcruntime140_1.dll
0x00007ffa3fce0000 - 0x00007ffa3fd6e000 	C:\Program Files\Java\jdk-17\bin\msvcp140.dll
0x00007ffa0c220000 - 0x00007ffa0ce00000 	C:\Program Files\Java\jdk-17\bin\server\jvm.dll
0x00007ffac5340000 - 0x00007ffac5348000 	C:\WINDOWS\System32\PSAPI.DLL
0x00007ffabd350000 - 0x00007ffabd386000 	C:\WINDOWS\SYSTEM32\WINMM.dll
0x00007ffa99ed0000 - 0x00007ffa99eda000 	C:\WINDOWS\SYSTEM32\WSOCK32.dll
0x00007ffac4d20000 - 0x00007ffac4d94000 	C:\WINDOWS\System32\WS2_32.dll
0x00007ffac1be0000 - 0x00007ffac1bfa000 	C:\WINDOWS\SYSTEM32\kernel.appcore.dll
0x00007ffa99ec0000 - 0x00007ffa99eca000 	C:\Program Files\Java\jdk-17\bin\jimage.dll
0x00007ffac04b0000 - 0x00007ffac06f1000 	C:\WINDOWS\SYSTEM32\DBGHELP.DLL
0x00007ffac4f40000 - 0x00007ffac52c2000 	C:\WINDOWS\System32\combase.dll
0x00007ffac4c30000 - 0x00007ffac4d06000 	C:\WINDOWS\System32\OLEAUT32.dll
0x00007ffa2c350000 - 0x00007ffa2c389000 	C:\WINDOWS\SYSTEM32\dbgcore.DLL
0x00007ffac3040000 - 0x00007ffac30d9000 	C:\WINDOWS\System32\bcryptPrimitives.dll
0x00007ffa94c00000 - 0x00007ffa94c0e000 	C:\Program Files\Java\jdk-17\bin\instrument.dll
0x00007ffa99e90000 - 0x00007ffa99eb5000 	C:\Program Files\Java\jdk-17\bin\java.dll
0x00007ffa37de0000 - 0x00007ffa37eb7000 	C:\Program Files\Java\jdk-17\bin\jsvml.dll
0x00007ffac43a0000 - 0x00007ffac4ac9000 	C:\WINDOWS\System32\SHELL32.dll
0x00007ffac2ed0000 - 0x00007ffac3038000 	C:\WINDOWS\System32\wintypes.dll
0x00007ffac0920000 - 0x00007ffac1172000 	C:\WINDOWS\SYSTEM32\windows.storage.dll
0x00007ffac59a0000 - 0x00007ffac5a8d000 	C:\WINDOWS\System32\SHCORE.dll
0x00007ffac3900000 - 0x00007ffac3964000 	C:\WINDOWS\System32\shlwapi.dll
0x00007ffac2bc0000 - 0x00007ffac2bef000 	C:\WINDOWS\SYSTEM32\profapi.dll
0x00007ffa8d960000 - 0x00007ffa8d978000 	C:\Program Files\Java\jdk-17\bin\zip.dll
0x00007ffa99e70000 - 0x00007ffa99e89000 	C:\Program Files\Java\jdk-17\bin\net.dll
0x00007ffab2270000 - 0x00007ffab238d000 	C:\WINDOWS\SYSTEM32\WINHTTP.dll
0x00007ffac2100000 - 0x00007ffac216a000 	C:\WINDOWS\system32\mswsock.dll
0x00007ffa8f910000 - 0x00007ffa8f926000 	C:\Program Files\Java\jdk-17\bin\nio.dll
0x00007ffa96630000 - 0x00007ffa96640000 	C:\Program Files\Java\jdk-17\bin\verify.dll
0x00007ffa81a50000 - 0x00007ffa81a77000 	C:\Users\CODECLOUDS-YASHWANT\.gradle\native\1def1411415f61bf3af743bc5b6707747c0891f09f0c88961ee8f79bc544acac\windows-amd64\native-platform.dll
0x00007ffa5b750000 - 0x00007ffa5b7c8000 	C:\Users\CODECLOUDS-YASHWANT\.gradle\native\0.2.7\x86_64-windows-gnu\gradle-fileevents.dll
0x00007ffa96610000 - 0x00007ffa9661a000 	C:\Program Files\Java\jdk-17\bin\management.dll
0x00007ffa95cc0000 - 0x00007ffa95ccb000 	C:\Program Files\Java\jdk-17\bin\management_ext.dll
0x00007ffac14f0000 - 0x00007ffac1523000 	C:\WINDOWS\SYSTEM32\IPHLPAPI.DLL
0x00007ffac4d10000 - 0x00007ffac4d1a000 	C:\WINDOWS\System32\NSI.dll
0x00007ffab7190000 - 0x00007ffab71af000 	C:\WINDOWS\SYSTEM32\dhcpcsvc6.DLL
0x00007ffab2930000 - 0x00007ffab2955000 	C:\WINDOWS\SYSTEM32\dhcpcsvc.DLL
0x00007ffac1590000 - 0x00007ffac16b5000 	C:\WINDOWS\SYSTEM32\DNSAPI.dll
0x00007ffac23a0000 - 0x00007ffac23bc000 	C:\WINDOWS\SYSTEM32\CRYPTSP.dll
0x00007ffac1b40000 - 0x00007ffac1b7a000 	C:\WINDOWS\system32\rsaenh.dll
0x00007ffac21a0000 - 0x00007ffac21cb000 	C:\WINDOWS\SYSTEM32\USERENV.dll
0x00007ffac2b90000 - 0x00007ffac2bb6000 	C:\WINDOWS\SYSTEM32\bcrypt.dll
0x00007ffac23c0000 - 0x00007ffac23cc000 	C:\WINDOWS\SYSTEM32\CRYPTBASE.dll
0x00007ffa921c0000 - 0x00007ffa921ce000 	C:\Program Files\Java\jdk-17\bin\sunmscapi.dll
0x00007ffac30e0000 - 0x00007ffac3257000 	C:\WINDOWS\System32\CRYPT32.dll
0x00007ffac25a0000 - 0x00007ffac25d0000 	C:\WINDOWS\SYSTEM32\ncrypt.dll
0x00007ffac2550000 - 0x00007ffac258f000 	C:\WINDOWS\SYSTEM32\NTASN1.dll
0x00007ffa9a940000 - 0x00007ffa9a948000 	C:\WINDOWS\system32\wshunix.dll
0x00007ffa2e680000 - 0x00007ffa2e698000 	C:\WINDOWS\system32\napinsp.dll
0x00007ffa2e660000 - 0x00007ffa2e672000 	C:\WINDOWS\System32\winrnr.dll
0x00007ffaafe20000 - 0x00007ffaafe50000 	C:\WINDOWS\system32\nlansp_c.dll
0x00007ffa89150000 - 0x00007ffa89166000 	C:\WINDOWS\system32\wshbth.dll
0x00007ffab2450000 - 0x00007ffab245b000 	C:\Windows\System32\rasadhlp.dll
0x00007ffab79f0000 - 0x00007ffab7a75000 	C:\WINDOWS\System32\fwpuclnt.dll
0x00007ffac1d00000 - 0x00007ffac1d35000 	C:\WINDOWS\SYSTEM32\ntmarta.dll

dbghelp: loaded successfully - version: 4.0.5 - missing functions: none
symbol engine: initialized successfully - sym options: 0x614 - pdb path: .;C:\Program Files\Java\jdk-17\bin;C:\WINDOWS\SYSTEM32;C:\WINDOWS\WinSxS\amd64_microsoft.windows.common-controls_6595b64144ccf1df_6.0.26100.3624_none_3e086962e3345f24;C:\Program Files\Java\jdk-17\bin\server;C:\Users\CODECLOUDS-YASHWANT\.gradle\native\1def1411415f61bf3af743bc5b6707747c0891f09f0c88961ee8f79bc544acac\windows-amd64;C:\Users\CODECLOUDS-YASHWANT\.gradle\native\0.2.7\x86_64-windows-gnu

VM Arguments:
jvm_args: --add-opens=java.base/java.lang=ALL-UNNAMED --add-opens=java.base/java.lang.invoke=ALL-UNNAMED --add-opens=java.base/java.util=ALL-UNNAMED --add-opens=java.prefs/java.util.prefs=ALL-UNNAMED --add-exports=jdk.compiler/com.sun.tools.javac.api=ALL-UNNAMED --add-exports=jdk.compiler/com.sun.tools.javac.util=ALL-UNNAMED --add-opens=java.base/java.util=ALL-UNNAMED --add-opens=java.prefs/java.util.prefs=ALL-UNNAMED --add-opens=java.base/java.nio.charset=ALL-UNNAMED --add-opens=java.base/java.net=ALL-UNNAMED --add-opens=java.base/java.util.concurrent.atomic=ALL-UNNAMED --add-opens=java.xml/javax.xml.namespace=ALL-UNNAMED -XX:MaxMetaspaceSize=512m -Xmx2048m -Dfile.encoding=UTF-8 -Duser.country=IN -Duser.language=en -Duser.variant -javaagent:C:\Users\CODECLOUDS-YASHWANT\.gradle\wrapper\dists\gradle-8.13-bin\5xuhj0ry160q40clulazy9h7d\gradle-8.13\lib\agents\gradle-instrumentation-agent-8.13.jar 
java_command: org.gradle.launcher.daemon.bootstrap.GradleDaemon 8.13
java_class_path (initial): C:\Users\CODECLOUDS-YASHWANT\.gradle\wrapper\dists\gradle-8.13-bin\5xuhj0ry160q40clulazy9h7d\gradle-8.13\lib\gradle-daemon-main-8.13.jar
Launcher Type: SUN_STANDARD

[Global flags]
     intx CICompilerCount                          = 4                                         {product} {ergonomic}
   size_t CompressedClassSpaceSize                 = 436207616                                 {product} {ergonomic}
     uint ConcGCThreads                            = 3                                         {product} {ergonomic}
     uint G1ConcRefinementThreads                  = 10                                        {product} {ergonomic}
   size_t G1HeapRegionSize                         = 1048576                                   {product} {ergonomic}
    uintx GCDrainStackTargetSize                   = 64                                        {product} {ergonomic}
   size_t InitialHeapSize                          = 264241152                                 {product} {ergonomic}
   size_t MarkStackSize                            = 4194304                                   {product} {ergonomic}
   size_t MaxHeapSize                              = 2147483648                                {product} {command line}
   size_t MaxMetaspaceSize                         = 536870912                                 {product} {command line}
   size_t MaxNewSize                               = 1287651328                                {product} {ergonomic}
   size_t MinHeapDeltaBytes                        = 1048576                                   {product} {ergonomic}
   size_t MinHeapSize                              = 8388608                                   {product} {ergonomic}
    uintx NonNMethodCodeHeapSize                   = 5839372                                {pd product} {ergonomic}
    uintx NonProfiledCodeHeapSize                  = 122909434                              {pd product} {ergonomic}
    uintx ProfiledCodeHeapSize                     = 122909434                              {pd product} {ergonomic}
    uintx ReservedCodeCacheSize                    = 251658240                              {pd product} {ergonomic}
     bool SegmentedCodeCache                       = true                                      {product} {ergonomic}
   size_t SoftMaxHeapSize                          = 2147483648                             {manageable} {ergonomic}
     bool UseCompressedClassPointers               = true                           {product lp64_product} {ergonomic}
     bool UseCompressedOops                        = true                           {product lp64_product} {ergonomic}
     bool UseG1GC                                  = true                                      {product} {ergonomic}
     bool UseLargePagesIndividualAllocation        = false                                  {pd product} {ergonomic}

Logging:
Log output configuration:
 #0: stdout all=warning uptime,level,tags
 #1: stderr all=off uptime,level,tags

Environment Variables:
JAVA_HOME=C:\Program Files\Java\jdk-17
PATH=C:\Python313\Scripts\;C:\Python313\;C:\Program Files\Common Files\Oracle\Java\javapath;C:\Program Files\Git LFS;C:\Python312\Scripts\;C:\Python312\;C:\Python311\Scripts\;C:\Python311\;C:\windows\system32;C:\windows;C:\windows\System32\Wbem;C:\windows\System32\WindowsPowerShell\v1.0\;C:\windows\System32\OpenSSH\;C:\Program Files (x86)\NVIDIA Corporation\PhysX\Common;C:\Program Files\NVIDIA Corporation\NVIDIA NvDLISR;C:\Windows\system32;C:\Windows;C:\Windows\System32\Wbem;C:\Windows\System32\WindowsPowerShell\v1.0\;C:\Windows\System32\OpenSSH\;C:\ProgramData\chocolatey\bin;C:\Program Files\HP\HP One Agent;C:\Program Files\Microsoft VS Code\bin;C:\WINDOWS\system32;C:\WINDOWS;C:\WINDOWS\System32\Wbem;C:\WINDOWS\System32\WindowsPowerShell\v1.0\;C:\WINDOWS\System32\OpenSSH\;C:\Program Files\Git\cmd;C:\Users\yashk\fabric-samples\bin;C:\Program Files\Docker\Docker\resources\bin;C:\Program Files\Go\bin;C:\Program Files\nodejs\;C:\Users\CODECLOUDS-YASHWANT\AppData\Local\Android\Sdk\platform-tools;C:\Users\CODECLOUDS-YASHWANT\AppData\Local\Android\Sdk\emulator;C:\Users\CODECLOUDS-YASHWANT\AppData\Local\Microsoft\WindowsApps;E:\flutter\bin;C:\Program Files\Git\cmd;C:\Program Files\Git\bin;C:\tools\dart-sdk\bin;C:\Users\CODECLOUDS-YASHWANT\AppData\Local\Pub\Cache\bin;C:\tools\flutter\bin;C:\Users\CODECLOUDS-YASHWANT\AppData\Roaming\npm
USERNAME=CODECLOUDS-YASHWANT
OS=Windows_NT
PROCESSOR_IDENTIFIER=Intel64 Family 6 Model 154 Stepping 4, GenuineIntel



---------------  S Y S T E M  ---------------

OS:
 Windows 11 , 64 bit Build 26100 (10.0.26100.3775)
OS uptime: 0 days 22:30 hours
Hyper-V role detected

CPU: total 12 (initial active 12) (6 cores per cpu, 2 threads per core) family 6 model 154 stepping 4 microcode 0x42c, cx8, cmov, fxsr, ht, mmx, 3dnowpref, sse, sse2, sse3, ssse3, sse4.1, sse4.2, popcnt, lzcnt, tsc, tscinvbit, avx, avx2, aes, erms, clmul, bmi1, bmi2, adx, sha, fma, vzeroupper, clflush, clflushopt, clwb, hv

Memory: 4k page, system-wide physical 16052M (2081M free)
TotalPageFile size 24244M (AvailPageFile size 70M)
current process WorkingSet (physical memory assigned to process): 535M, peak: 546M
current process commit charge ("private bytes"): 580M, peak: 593M

vm_info: Java HotSpot(TM) 64-Bit Server VM (17.0.12+8-LTS-286) for windows-amd64 JRE (17.0.12+8-LTS-286), built on Jun  5 2024 06:46:59 by "mach5one" with MS VC++ 17.6 (VS2022)

END.
