#
# There is insufficient memory for the Java Runtime Environment to continue.
# Native memory allocation (mmap) failed to map 154140672 bytes for G1 virtual space
# Possible reasons:
#   The system is out of physical RAM or swap space
#   The process is running with CompressedOops enabled, and the Java Heap may be blocking the growth of the native heap
# Possible solutions:
#   Reduce memory load on the system
#   Increase physical memory or swap space
#   Check if swap backing store is full
#   Decrease Java heap size (-Xmx/-Xms)
#   Decrease number of Java threads
#   Decrease Java thread stack sizes (-Xss)
#   Set larger code cache with -XX:ReservedCodeCacheSize=
#   JVM is running with Unscaled Compressed Oops mode in which the Java heap is
#     placed in the first 4GB address space. The Java Heap base address is the
#     maximum limit for the native heap growth. Please use -XX:HeapBaseMinAddress
#     to set the Java Heap base and to place the Java Heap above 4GB virtual address.
# This output file may be truncated or incomplete.
#
#  Out of Memory Error (os_windows.cpp:3548), pid=29980, tid=11904
#
# JRE version: Java(TM) SE Runtime Environment (17.0.12+8) (build 17.0.12+8-LTS-286)
# Java VM: Java HotSpot(TM) 64-Bit Server VM (17.0.12+8-LTS-286, mixed mode, sharing, tiered, compressed oops, compressed class ptrs, g1 gc, windows-amd64)
# No core dump will be written. Minidumps are not enabled by default on client versions of Windows
#

---------------  S U M M A R Y ------------

Command Line: --add-opens=java.base/java.lang=ALL-UNNAMED --add-opens=java.base/java.lang.invoke=ALL-UNNAMED --add-opens=java.base/java.util=ALL-UNNAMED --add-opens=java.prefs/java.util.prefs=ALL-UNNAMED --add-exports=jdk.compiler/com.sun.tools.javac.api=ALL-UNNAMED --add-exports=jdk.compiler/com.sun.tools.javac.util=ALL-UNNAMED --add-opens=java.base/java.util=ALL-UNNAMED --add-opens=java.prefs/java.util.prefs=ALL-UNNAMED --add-opens=java.base/java.nio.charset=ALL-UNNAMED --add-opens=java.base/java.net=ALL-UNNAMED --add-opens=java.base/java.util.concurrent.atomic=ALL-UNNAMED --add-opens=java.xml/javax.xml.namespace=ALL-UNNAMED -XX:MaxMetaspaceSize=512m -Xmx2048m -Dfile.encoding=UTF-8 -Duser.country=IN -Duser.language=en -Duser.variant -javaagent:C:\Users\CODECLOUDS-YASHWANT\.gradle\wrapper\dists\gradle-8.13-bin\5xuhj0ry160q40clulazy9h7d\gradle-8.13\lib\agents\gradle-instrumentation-agent-8.13.jar org.gradle.launcher.daemon.bootstrap.GradleDaemon 8.13

Host: 12th Gen Intel(R) Core(TM) i5-1235U, 12 cores, 15G,  Windows 11 , 64 bit Build 26100 (10.0.26100.3775)
Time: Sun Apr 27 19:24:53 2025 India Standard Time elapsed time: 3888.522002 seconds (0d 1h 4m 48s)

---------------  T H R E A D  ---------------

Current thread (0x000001c1d0e2e970):  VMThread "VM Thread" [stack: 0x0000000eb2400000,0x0000000eb2500000] [id=11904]

Stack: [0x0000000eb2400000,0x0000000eb2500000]
Native frames: (J=compiled Java code, j=interpreted, Vv=VM code, C=native code)
V  [jvm.dll+0x67a04a]
V  [jvm.dll+0x7da4ed]
V  [jvm.dll+0x7dbe33]
V  [jvm.dll+0x7dc4a3]
V  [jvm.dll+0x24508f]
V  [jvm.dll+0x677089]
V  [jvm.dll+0x66bd32]
V  [jvm.dll+0x301fa6]
V  [jvm.dll+0x309546]
V  [jvm.dll+0x359d2e]
V  [jvm.dll+0x359f5f]
V  [jvm.dll+0x2d9078]
V  [jvm.dll+0x2dc0e6]
V  [jvm.dll+0x2e67eb]
V  [jvm.dll+0x31a870]
V  [jvm.dll+0x7e0d9b]
V  [jvm.dll+0x7e1ad4]
V  [jvm.dll+0x7e1fed]
V  [jvm.dll+0x7e23c4]
V  [jvm.dll+0x7e2490]
V  [jvm.dll+0x78abea]
V  [jvm.dll+0x678f35]
C  [ucrtbase.dll+0x37b0]
C  [KERNEL32.DLL+0x2e8d7]
C  [ntdll.dll+0xb14fc]

VM_Operation (0x0000000eb20ff500): G1Concurrent, mode: safepoint, requested by thread 0x000001c1b2e44f50


---------------  P R O C E S S  ---------------

Threads class SMR info:
_java_thread_list=0x000001c1fdab4ed0, length=82, elements={
0x000001c1b2dd4cc0, 0x000001c1d14a9360, 0x000001c1d14a9e30, 0x000001c1d14ba6d0,
0x000001c1d14bcfb0, 0x000001c1d14bd880, 0x000001c1d14c1170, 0x000001c1d14c3e30,
0x000001c1d14c47f0, 0x000001c1d14d7120, 0x000001c1d15e1aa0, 0x000001c1d15dfc40,
0x000001c1d15e0150, 0x000001c1d15e1fb0, 0x000001c1d15e24c0, 0x000001c1f2d77380,
0x000001c1f2d75a30, 0x000001c1f2d75f40, 0x000001c1f2d782b0, 0x000001c1f2d75010,
0x000001c1f2d78cd0, 0x000001c1f2d75520, 0x000001c1f2d791e0, 0x000001c1f2d796f0,
0x000001c1f2d79c00, 0x000001c1f2d7ab30, 0x000001c1f2d7b550, 0x000001c1f2d7ba60,
0x000001c1f2d7c480, 0x000001c1f2d7c990, 0x000001c1f442e3d0, 0x000001c1f17869f0,
0x000001c1f809afa0, 0x000001c1f80977f0, 0x000001c1f8099140, 0x000001c1f8099650,
0x000001c1f4a20700, 0x000001c1f1780ed0, 0x000001c1f22bab00, 0x000001c1f22bba30,
0x000001c1f22b9bd0, 0x000001c1f22bb010, 0x000001c1f22bb520, 0x000001c1f22ba5f0,
0x000001c1f8097d00, 0x000001c1f83d33b0, 0x000001c1f83d38c0, 0x000001c1f5738850,
0x000001c1f1783240, 0x000001c1f1782310, 0x000001c1f17809c0, 0x000001c1f83dad30,
0x000001c1f83dbc60, 0x000001c1f4a26730, 0x000001c1f6aa6060, 0x000001c1f6aa79b0,
0x000001c1f22b8790, 0x000001c1f5734680, 0x000001c1f5737920, 0x000001c1f83ddfd0,
0x000001c1f809c8f0, 0x000001c1f83dd0a0, 0x000001c1f22b54f0, 0x000001c1f83db750,
0x000001c1f6aa4200, 0x000001c1f6aa28b0, 0x000001c1f809dd30, 0x000001c1f809b4b0,
0x000001c1f809b9c0, 0x000001c1f809c3e0, 0x000001c1f809bed0, 0x000001c1f809a070,
0x000001c1f8098c30, 0x000001c1f809d310, 0x000001c1f8099b60, 0x000001c1f809a580,
0x000001c1f809e750, 0x000001c1f809e240, 0x000001c1f83d5210, 0x000001c1f83d1a60,
0x000001c1f83d6140, 0x000001c1f83d2990
}

Java Threads: ( => current thread )
  0x000001c1b2dd4cc0 JavaThread "main" [_thread_blocked, id=29552, stack(0x0000000eb1e00000,0x0000000eb1f00000)]
  0x000001c1d14a9360 JavaThread "Reference Handler" daemon [_thread_blocked, id=30400, stack(0x0000000eb2500000,0x0000000eb2600000)]
  0x000001c1d14a9e30 JavaThread "Finalizer" daemon [_thread_blocked, id=26348, stack(0x0000000eb2600000,0x0000000eb2700000)]
  0x000001c1d14ba6d0 JavaThread "Signal Dispatcher" daemon [_thread_blocked, id=10124, stack(0x0000000eb2700000,0x0000000eb2800000)]
  0x000001c1d14bcfb0 JavaThread "Attach Listener" daemon [_thread_blocked, id=19380, stack(0x0000000eb2800000,0x0000000eb2900000)]
  0x000001c1d14bd880 JavaThread "Service Thread" daemon [_thread_blocked, id=9540, stack(0x0000000eb2900000,0x0000000eb2a00000)]
  0x000001c1d14c1170 JavaThread "Monitor Deflation Thread" daemon [_thread_blocked, id=8476, stack(0x0000000eb2a00000,0x0000000eb2b00000)]
  0x000001c1d14c3e30 JavaThread "C2 CompilerThread0" daemon [_thread_blocked, id=4608, stack(0x0000000eb2b00000,0x0000000eb2c00000)]
  0x000001c1d14c47f0 JavaThread "C1 CompilerThread0" daemon [_thread_blocked, id=18628, stack(0x0000000eb2c00000,0x0000000eb2d00000)]
  0x000001c1d14d7120 JavaThread "Sweeper thread" daemon [_thread_blocked, id=28360, stack(0x0000000eb2d00000,0x0000000eb2e00000)]
  0x000001c1d15e1aa0 JavaThread "Common-Cleaner" daemon [_thread_blocked, id=10780, stack(0x0000000eb2e00000,0x0000000eb2f00000)]
  0x000001c1d15dfc40 JavaThread "Notification Thread" daemon [_thread_blocked, id=31044, stack(0x0000000eb2f00000,0x0000000eb3000000)]
  0x000001c1d15e0150 JavaThread "Daemon health stats" [_thread_blocked, id=31476, stack(0x0000000eb3800000,0x0000000eb3900000)]
  0x000001c1d15e1fb0 JavaThread "Incoming local TCP Connector on port 54196" [_thread_in_native, id=24560, stack(0x0000000eb3900000,0x0000000eb3a00000)]
  0x000001c1d15e24c0 JavaThread "Daemon periodic checks" [_thread_blocked, id=20772, stack(0x0000000eb3a00000,0x0000000eb3b00000)]
  0x000001c1f2d77380 JavaThread "Cache worker for journal cache (C:\Users\CODECLOUDS-YASHWANT\.gradle\caches\journal-1)" [_thread_blocked, id=24892, stack(0x0000000eb4200000,0x0000000eb4300000)]
  0x000001c1f2d75a30 JavaThread "File lock request listener" [_thread_in_native, id=15448, stack(0x0000000eb4300000,0x0000000eb4400000)]
  0x000001c1f2d75f40 JavaThread "Cache worker for file hash cache (C:\Users\CODECLOUDS-YASHWANT\.gradle\caches\8.13\fileHashes)" [_thread_blocked, id=28872, stack(0x0000000eb4400000,0x0000000eb4500000)]
  0x000001c1f2d782b0 JavaThread "File watcher server" daemon [_thread_in_native, id=28172, stack(0x0000000eb4d00000,0x0000000eb4e00000)]
  0x000001c1f2d75010 JavaThread "File watcher consumer" daemon [_thread_blocked, id=22064, stack(0x0000000eb4e00000,0x0000000eb4f00000)]
  0x000001c1f2d78cd0 JavaThread "jar transforms" [_thread_blocked, id=29656, stack(0x0000000eb4f00000,0x0000000eb5000000)]
  0x000001c1f2d75520 JavaThread "jar transforms Thread 2" [_thread_blocked, id=18672, stack(0x0000000eb5000000,0x0000000eb5100000)]
  0x000001c1f2d791e0 JavaThread "jar transforms Thread 3" [_thread_blocked, id=26248, stack(0x0000000eb5100000,0x0000000eb5200000)]
  0x000001c1f2d796f0 JavaThread "jar transforms Thread 4" [_thread_blocked, id=26600, stack(0x0000000eb5200000,0x0000000eb5300000)]
  0x000001c1f2d79c00 JavaThread "jar transforms Thread 5" [_thread_blocked, id=24328, stack(0x0000000eb5300000,0x0000000eb5400000)]
  0x000001c1f2d7ab30 JavaThread "Cache worker for file content cache (C:\Users\CODECLOUDS-YASHWANT\.gradle\caches\8.13\fileContent)" [_thread_blocked, id=27772, stack(0x0000000eb5500000,0x0000000eb5600000)]
  0x000001c1f2d7b550 JavaThread "jar transforms Thread 6" [_thread_blocked, id=24632, stack(0x0000000eb5600000,0x0000000eb5700000)]
  0x000001c1f2d7ba60 JavaThread "jar transforms Thread 7" [_thread_blocked, id=27740, stack(0x0000000eb5700000,0x0000000eb5800000)]
  0x000001c1f2d7c480 JavaThread "jar transforms Thread 8" [_thread_blocked, id=24176, stack(0x0000000eb5800000,0x0000000eb5900000)]
  0x000001c1f2d7c990 JavaThread "jar transforms Thread 9" [_thread_blocked, id=16212, stack(0x0000000eb5900000,0x0000000eb5a00000)]
  0x000001c1f442e3d0 JavaThread "jar transforms Thread 10" [_thread_blocked, id=20792, stack(0x0000000eb5a00000,0x0000000eb5b00000)]
  0x000001c1f17869f0 JavaThread "Memory manager" [_thread_blocked, id=20824, stack(0x0000000eb8600000,0x0000000eb8700000)]
  0x000001c1f809afa0 JavaThread "RMI Scheduler(0)" daemon [_thread_blocked, id=2336, stack(0x0000000eb3100000,0x0000000eb3200000)]
  0x000001c1f80977f0 JavaThread "RMI GC Daemon" daemon [_thread_blocked, id=10120, stack(0x0000000ebbb00000,0x0000000ebbc00000)]
  0x000001c1f8099140 JavaThread "RMI TCP Accept-0" daemon [_thread_in_native, id=30332, stack(0x0000000ebbd00000,0x0000000ebbe00000)]
  0x000001c1f8099650 JavaThread "RMI Reaper" [_thread_blocked, id=10040, stack(0x0000000ebbe00000,0x0000000ebbf00000)]
  0x000001c1f4a20700 JavaThread "jar transforms Thread 11" [_thread_blocked, id=29924, stack(0x0000000ebef00000,0x0000000ebf000000)]
  0x000001c1f1780ed0 JavaThread "jar transforms Thread 12" [_thread_blocked, id=1508, stack(0x0000000eb5400000,0x0000000eb5500000)]
  0x000001c1f22bab00 JavaThread "ForkJoinPool.commonPool-worker-12" daemon [_thread_blocked, id=28556, stack(0x0000000eb7800000,0x0000000eb7900000)]
  0x000001c1f22bba30 JavaThread "ForkJoinPool.commonPool-worker-13" daemon [_thread_blocked, id=8452, stack(0x0000000eb7900000,0x0000000eb7a00000)]
  0x000001c1f22b9bd0 JavaThread "ForkJoinPool.commonPool-worker-15" daemon [_thread_blocked, id=32140, stack(0x0000000eb7b00000,0x0000000eb7c00000)]
  0x000001c1f22bb010 JavaThread "ForkJoinPool.commonPool-worker-16" daemon [_thread_blocked, id=16192, stack(0x0000000eb7c00000,0x0000000eb7d00000)]
  0x000001c1f22bb520 JavaThread "ForkJoinPool.commonPool-worker-17" daemon [_thread_blocked, id=26104, stack(0x0000000eb7d00000,0x0000000eb7e00000)]
  0x000001c1f22ba5f0 JavaThread "ForkJoinPool.commonPool-worker-19" daemon [_thread_blocked, id=1924, stack(0x0000000eb7f00000,0x0000000eb8000000)]
  0x000001c1f8097d00 JavaThread "pool-3-thread-1" [_thread_blocked, id=9640, stack(0x0000000ebe200000,0x0000000ebe300000)]
  0x000001c1f83d33b0 JavaThread "ForkJoinPool.commonPool-worker-20" daemon [_thread_blocked, id=30928, stack(0x0000000ebe300000,0x0000000ebe400000)]
  0x000001c1f83d38c0 JavaThread "ForkJoinPool.commonPool-worker-21" daemon [_thread_blocked, id=30152, stack(0x0000000ebe400000,0x0000000ebe500000)]
  0x000001c1f5738850 JavaThread "pool-6-thread-1" [_thread_blocked, id=21968, stack(0x0000000ebcd00000,0x0000000ebce00000)]
  0x000001c1f1783240 JavaThread "pool-9-thread-1" [_thread_blocked, id=6948, stack(0x0000000ebcf00000,0x0000000ebd000000)]
  0x000001c1f1782310 JavaThread "Daemon Thread 4" [_thread_blocked, id=6968, stack(0x0000000eb1b00000,0x0000000eb1c00000)]
  0x000001c1f17809c0 JavaThread "Daemon worker Thread 4" [_thread_blocked, id=16156, stack(0x0000000eb3200000,0x0000000eb3300000)]
  0x000001c1f83dad30 JavaThread "ForkJoinPool.commonPool-worker-22" daemon [_thread_blocked, id=29500, stack(0x0000000eb7700000,0x0000000eb7800000)]
  0x000001c1f83dbc60 JavaThread "ForkJoinPool.commonPool-worker-23" daemon [_thread_blocked, id=29528, stack(0x0000000eb7a00000,0x0000000eb7b00000)]
  0x000001c1f4a26730 JavaThread "RMI TCP Connection(idle)" daemon [_thread_blocked, id=25944, stack(0x0000000eba100000,0x0000000eba200000)]
  0x000001c1f6aa6060 JavaThread "RMI TCP Connection(idle)" daemon [_thread_blocked, id=28416, stack(0x0000000ebaf00000,0x0000000ebb000000)]
  0x000001c1f6aa79b0 JavaThread "RMI TCP Connection(idle)" daemon [_thread_blocked, id=12176, stack(0x0000000ebb000000,0x0000000ebb100000)]
  0x000001c1f22b8790 JavaThread "pool-12-thread-1" [_thread_blocked, id=25884, stack(0x0000000ebcb00000,0x0000000ebcc00000)]
  0x000001c1f5734680 JavaThread "VFS cleanup Thread 4" [_thread_blocked, id=13636, stack(0x0000000eb3b00000,0x0000000eb3c00000)]
  0x000001c1f5737920 JavaThread "File lock release action executor Thread 2" [_thread_blocked, id=13044, stack(0x0000000eb1c00000,0x0000000eb1d00000)]
  0x000001c1f83ddfd0 JavaThread "ForkJoinPool.commonPool-worker-24" daemon [_thread_blocked, id=20388, stack(0x0000000eb8300000,0x0000000eb8400000)]
  0x000001c1f809c8f0 JavaThread "pool-15-thread-1" [_thread_blocked, id=6296, stack(0x0000000ebd200000,0x0000000ebd300000)]
  0x000001c1f83dd0a0 JavaThread "included builds" [_thread_blocked, id=26188, stack(0x0000000eb8800000,0x0000000eb8900000)]
  0x000001c1f22b54f0 JavaThread "pool-18-thread-1" [_thread_blocked, id=25616, stack(0x0000000ebd500000,0x0000000ebd600000)]
  0x000001c1f83db750 JavaThread "included builds" [_thread_blocked, id=32244, stack(0x0000000eb8500000,0x0000000eb8600000)]
  0x000001c1f6aa4200 JavaThread "RMI RenewClean-[127.0.0.1:17619,org.jetbrains.kotlin.daemon.common.LoopbackNetworkInterface$ClientLoopbackSocketFactory@74a03f4]" daemon [_thread_blocked, id=31456, stack(0x0000000eba700000,0x0000000eba800000)]
  0x000001c1f6aa28b0 JavaThread "RMI TCP Connection(idle)" daemon [_thread_blocked, id=24048, stack(0x0000000eba800000,0x0000000eba900000)]
  0x000001c1f809dd30 JavaThread "pool-21-thread-1" [_thread_blocked, id=3180, stack(0x0000000ebd900000,0x0000000ebda00000)]
  0x000001c1f809b4b0 JavaThread "Handler for socket connection from /127.0.0.1:54196 to /127.0.0.1:56045" [_thread_in_native, id=20940, stack(0x0000000eb1d00000,0x0000000eb1e00000)]
  0x000001c1f809b9c0 JavaThread "Cancel handler" [_thread_blocked, id=22280, stack(0x0000000eb3d00000,0x0000000eb3e00000)]
  0x000001c1f809c3e0 JavaThread "Asynchronous log dispatcher for DefaultDaemonConnection: socket connection from /127.0.0.1:54196 to /127.0.0.1:56045" [_thread_blocked, id=24476, stack(0x0000000eb3e00000,0x0000000eb3f00000)]
  0x000001c1f809bed0 JavaThread "Stdin handler" [_thread_blocked, id=2916, stack(0x0000000eb3f00000,0x0000000eb4000000)]
  0x000001c1f809a070 JavaThread "Daemon client event forwarder" [_thread_blocked, id=8140, stack(0x0000000eb4000000,0x0000000eb4100000)]
  0x000001c1f8098c30 JavaThread "Cache worker for file hash cache (D:\rise-frontend-monorepo\apps\mobile\android\.gradle\8.13\fileHashes)" [_thread_blocked, id=31488, stack(0x0000000eb4100000,0x0000000eb4200000)]
  0x000001c1f809d310 JavaThread "Cache worker for Build Output Cleanup Cache (D:\rise-frontend-monorepo\apps\mobile\android\.gradle\buildOutputCleanup)" [_thread_blocked, id=22976, stack(0x0000000eb4500000,0x0000000eb4600000)]
  0x000001c1f8099b60 JavaThread "Cache worker for checksums cache (D:\rise-frontend-monorepo\apps\mobile\android\.gradle\8.13\checksums)" [_thread_blocked, id=29452, stack(0x0000000eb4600000,0x0000000eb4700000)]
  0x000001c1f809a580 JavaThread "Cache worker for cache directory md-supplier (C:\Users\CODECLOUDS-YASHWANT\.gradle\caches\8.13\md-supplier)" [_thread_blocked, id=29028, stack(0x0000000eb5b00000,0x0000000eb5c00000)]
  0x000001c1f809e750 JavaThread "Cache worker for cache directory md-rule (C:\Users\CODECLOUDS-YASHWANT\.gradle\caches\8.13\md-rule)" [_thread_blocked, id=6960, stack(0x0000000eb5c00000,0x0000000eb5d00000)]
  0x000001c1f809e240 JavaThread "Cache worker for Build Output Cleanup Cache (D:\rise-frontend-monorepo\node_modules\@react-native\gradle-plugin\.gradle\buildOutputCleanup)" [_thread_blocked, id=27064, stack(0x0000000eb5d00000,0x0000000eb5e00000)]
  0x000001c1f83d5210 JavaThread "Unconstrained build operations" [_thread_blocked, id=1536, stack(0x0000000eb5e00000,0x0000000eb5f00000)]
  0x000001c1f83d1a60 JavaThread "Unconstrained build operations Thread 2" [_thread_blocked, id=26264, stack(0x0000000eb5f00000,0x0000000eb6000000)]
  0x000001c1f83d6140 JavaThread "Unconstrained build operations Thread 3" [_thread_blocked, id=22712, stack(0x0000000eb6000000,0x0000000eb6100000)]
  0x000001c1f83d2990 JavaThread "Unconstrained build operations Thread 4" [_thread_blocked, id=18116, stack(0x0000000eb6100000,0x0000000eb6200000)]

Other Threads:
=>0x000001c1d0e2e970 VMThread "VM Thread" [stack: 0x0000000eb2400000,0x0000000eb2500000] [id=11904]
  0x000001c1b2e53050 WatcherThread [stack: 0x0000000eb3000000,0x0000000eb3100000] [id=23964]
  0x000001c1b2e34250 GCTaskThread "GC Thread#0" [stack: 0x0000000eb1f00000,0x0000000eb2000000] [id=32024]
  0x000001c1f1015a40 GCTaskThread "GC Thread#1" [stack: 0x0000000eb3300000,0x0000000eb3400000] [id=24760]
  0x000001c1f1017040 GCTaskThread "GC Thread#2" [stack: 0x0000000eb3400000,0x0000000eb3500000] [id=7384]
  0x000001c1f1017300 GCTaskThread "GC Thread#3" [stack: 0x0000000eb3500000,0x0000000eb3600000] [id=24720]
  0x000001c1f1015fc0 GCTaskThread "GC Thread#4" [stack: 0x0000000eb3600000,0x0000000eb3700000] [id=21416]
  0x000001c1f10175c0 GCTaskThread "GC Thread#5" [stack: 0x0000000eb3700000,0x0000000eb3800000] [id=29400]
  0x000001c1f1016540 GCTaskThread "GC Thread#6" [stack: 0x0000000eb4700000,0x0000000eb4800000] [id=31356]
  0x000001c1f5fb1d20 GCTaskThread "GC Thread#7" [stack: 0x0000000eb4800000,0x0000000eb4900000] [id=30032]
  0x000001c1f5fb22a0 GCTaskThread "GC Thread#8" [stack: 0x0000000eb4900000,0x0000000eb4a00000] [id=22568]
  0x000001c1f5fb2560 GCTaskThread "GC Thread#9" [stack: 0x0000000eb4a00000,0x0000000eb4b00000] [id=30196]
  0x000001c1b2e44f50 ConcurrentGCThread "G1 Main Marker" [stack: 0x0000000eb2000000,0x0000000eb2100000] [id=30524]
  0x000001c1b2e46280 ConcurrentGCThread "G1 Conc#0" [stack: 0x0000000eb2100000,0x0000000eb2200000] [id=27892]
  0x000001c1f5fb1a60 ConcurrentGCThread "G1 Conc#1" [stack: 0x0000000eb4b00000,0x0000000eb4c00000] [id=16756]
  0x000001c1f5fb1220 ConcurrentGCThread "G1 Conc#2" [stack: 0x0000000eb4c00000,0x0000000eb4d00000] [id=13568]
  0x000001c1b2e9cff0 ConcurrentGCThread "G1 Refine#0" [stack: 0x0000000eb2200000,0x0000000eb2300000] [id=26884]
  0x000001c1f3a9e030 ConcurrentGCThread "G1 Refine#1" [stack: 0x0000000eba000000,0x0000000eba100000] [id=7904]
  0x000001c1b2e9d7d0 ConcurrentGCThread "G1 Service" [stack: 0x0000000eb2300000,0x0000000eb2400000] [id=31876]

Threads with active compile tasks:
C1 CompilerThread0  3888578 27085       3       org.gradle.internal.locking.LockFileReaderWriter::decorate (66 bytes)

VM state: at safepoint (normal execution)

VM Mutex/Monitor currently owned by a thread:  ([mutex/lock_event])
[0x000001c1b0b39a70] Threads_lock - owner thread: 0x000001c1d0e2e970
[0x000001c1b2dd35e0] Heap_lock - owner thread: 0x000001c1b2e44f50

Heap address: 0x0000000080000000, size: 2048 MB, Compressed Oops mode: 32-bit

CDS archive(s) mapped at: [0x000001c1d2000000-0x000001c1d2bd0000-0x000001c1d2bd0000), size 12386304, SharedBaseAddress: 0x000001c1d2000000, ArchiveRelocationMode: 1.
Compressed class space mapped at: 0x000001c1d3000000-0x000001c1ed000000, reserved size: 436207616
Narrow klass base: 0x000001c1d2000000, Narrow klass shift: 0, Narrow klass range: 0x100000000

GC Precious Log:
 CPUs: 12 total, 12 available
 Memory: 16052M
 Large Page Support: Disabled
 NUMA Support: Disabled
 Compressed Oops: Enabled (32-bit)
 Heap Region Size: 1M
 Heap Min Capacity: 8M
 Heap Initial Capacity: 252M
 Heap Max Capacity: 2G
 Pre-touch: Disabled
 Parallel Workers: 10
 Concurrent Workers: 3
 Concurrent Refinement Workers: 10
 Periodic GC: Disabled

Heap:
 garbage-first heap   total 307200K, used 272696K [0x0000000080000000, 0x0000000100000000)
  region size 1024K, 15 young (15360K), 1 survivors (1024K)
 Metaspace       used 143592K, committed 145984K, reserved 557056K
  class space    used 19001K, committed 20032K, reserved 425984K

Heap Regions: E=young(eden), S=young(survivor), O=old, HS=humongous(starts), HC=humongous(continues), CS=collection set, F=free, OA=open archive, CA=closed archive, TAMS=top-at-mark-start (previous, next)
|   0|0x0000000080000000, 0x0000000080100000, 0x0000000080100000|100%|HS|  |TAMS 0x0000000080100000, 0x0000000080000000| Complete 
|   1|0x0000000080100000, 0x0000000080200000, 0x0000000080200000|100%|HC|  |TAMS 0x0000000080200000, 0x0000000080100000| Complete 
|   2|0x0000000080200000, 0x0000000080300000, 0x0000000080300000|100%|HC|  |TAMS 0x0000000080300000, 0x0000000080200000| Complete 
|   3|0x0000000080300000, 0x0000000080400000, 0x0000000080400000|100%| O|  |TAMS 0x0000000080400000, 0x0000000080300000| Untracked 
|   4|0x0000000080400000, 0x0000000080500000, 0x0000000080500000|100%| O|  |TAMS 0x0000000080500000, 0x0000000080400000| Untracked 
|   5|0x0000000080500000, 0x0000000080600000, 0x0000000080600000|100%| O|  |TAMS 0x0000000080600000, 0x0000000080500000| Untracked 
|   6|0x0000000080600000, 0x0000000080700000, 0x0000000080700000|100%|HS|  |TAMS 0x0000000080700000, 0x0000000080600000| Complete 
|   7|0x0000000080700000, 0x0000000080800000, 0x0000000080800000|100%| O|  |TAMS 0x0000000080800000, 0x0000000080700000| Untracked 
|   8|0x0000000080800000, 0x0000000080900000, 0x0000000080900000|100%| O|  |TAMS 0x0000000080900000, 0x0000000080800000| Untracked 
|   9|0x0000000080900000, 0x0000000080a00000, 0x0000000080a00000|100%| O|  |TAMS 0x0000000080a00000, 0x0000000080900000| Updating 
|  10|0x0000000080a00000, 0x0000000080b00000, 0x0000000080b00000|100%| O|  |TAMS 0x0000000080b00000, 0x0000000080a00000| Untracked 
|  11|0x0000000080b00000, 0x0000000080c00000, 0x0000000080c00000|100%| O|  |TAMS 0x0000000080c00000, 0x0000000080b00000| Untracked 
|  12|0x0000000080c00000, 0x0000000080d00000, 0x0000000080d00000|100%|HS|  |TAMS 0x0000000080d00000, 0x0000000080c00000| Complete 
|  13|0x0000000080d00000, 0x0000000080e00000, 0x0000000080e00000|100%| O|  |TAMS 0x0000000080e00000, 0x0000000080d00000| Untracked 
|  14|0x0000000080e00000, 0x0000000080f00000, 0x0000000080f00000|100%| O|  |TAMS 0x0000000080f00000, 0x0000000080e00000| Untracked 
|  15|0x0000000080f00000, 0x0000000081000000, 0x0000000081000000|100%| O|  |TAMS 0x0000000081000000, 0x0000000080f00000| Untracked 
|  16|0x0000000081000000, 0x0000000081100000, 0x0000000081100000|100%| O|  |TAMS 0x0000000081100000, 0x0000000081000000| Untracked 
|  17|0x0000000081100000, 0x0000000081200000, 0x0000000081200000|100%| O|  |TAMS 0x0000000081200000, 0x0000000081100000| Untracked 
|  18|0x0000000081200000, 0x0000000081300000, 0x0000000081300000|100%| O|  |TAMS 0x0000000081300000, 0x0000000081200000| Updating 
|  19|0x0000000081300000, 0x0000000081400000, 0x0000000081400000|100%| O|  |TAMS 0x0000000081400000, 0x0000000081300000| Updating 
|  20|0x0000000081400000, 0x0000000081500000, 0x0000000081500000|100%| O|  |TAMS 0x0000000081500000, 0x0000000081400000| Untracked 
|  21|0x0000000081500000, 0x0000000081600000, 0x0000000081600000|100%| O|  |TAMS 0x0000000081600000, 0x0000000081500000| Untracked 
|  22|0x0000000081600000, 0x0000000081700000, 0x0000000081700000|100%| O|  |TAMS 0x0000000081700000, 0x0000000081600000| Untracked 
|  23|0x0000000081700000, 0x0000000081800000, 0x0000000081800000|100%| O|  |TAMS 0x0000000081800000, 0x0000000081700000| Updating 
|  24|0x0000000081800000, 0x0000000081900000, 0x0000000081900000|100%| O|  |TAMS 0x0000000081900000, 0x0000000081800000| Updating 
|  25|0x0000000081900000, 0x0000000081a00000, 0x0000000081a00000|100%| O|  |TAMS 0x0000000081a00000, 0x0000000081900000| Updating 
|  26|0x0000000081a00000, 0x0000000081b00000, 0x0000000081b00000|100%| O|  |TAMS 0x0000000081b00000, 0x0000000081a00000| Updating 
|  27|0x0000000081b00000, 0x0000000081c00000, 0x0000000081c00000|100%| O|  |TAMS 0x0000000081c00000, 0x0000000081b00000| Updating 
|  28|0x0000000081c00000, 0x0000000081d00000, 0x0000000081d00000|100%| O|  |TAMS 0x0000000081d00000, 0x0000000081c00000| Updating 
|  29|0x0000000081d00000, 0x0000000081e00000, 0x0000000081e00000|100%| O|  |TAMS 0x0000000081e00000, 0x0000000081d00000| Updating 
|  30|0x0000000081e00000, 0x0000000081f00000, 0x0000000081f00000|100%| O|  |TAMS 0x0000000081f00000, 0x0000000081e00000| Updating 
|  31|0x0000000081f00000, 0x0000000082000000, 0x0000000082000000|100%| O|  |TAMS 0x0000000082000000, 0x0000000081f00000| Updating 
|  32|0x0000000082000000, 0x0000000082100000, 0x0000000082100000|100%| O|  |TAMS 0x0000000082100000, 0x0000000082000000| Updating 
|  33|0x0000000082100000, 0x0000000082200000, 0x0000000082200000|100%| O|  |TAMS 0x0000000082200000, 0x0000000082100000| Untracked 
|  34|0x0000000082200000, 0x0000000082300000, 0x0000000082300000|100%| O|  |TAMS 0x0000000082300000, 0x0000000082200000| Updating 
|  35|0x0000000082300000, 0x0000000082400000, 0x0000000082400000|100%| O|  |TAMS 0x0000000082400000, 0x0000000082300000| Untracked 
|  36|0x0000000082400000, 0x0000000082500000, 0x0000000082500000|100%| O|  |TAMS 0x0000000082500000, 0x0000000082400000| Untracked 
|  37|0x0000000082500000, 0x0000000082600000, 0x0000000082600000|100%| O|  |TAMS 0x0000000082600000, 0x0000000082500000| Updating 
|  38|0x0000000082600000, 0x0000000082700000, 0x0000000082700000|100%| O|  |TAMS 0x0000000082700000, 0x0000000082600000| Updating 
|  39|0x0000000082700000, 0x0000000082800000, 0x0000000082800000|100%| O|  |TAMS 0x0000000082800000, 0x0000000082700000| Updating 
|  40|0x0000000082800000, 0x0000000082900000, 0x0000000082900000|100%| O|  |TAMS 0x0000000082900000, 0x0000000082800000| Updating 
|  41|0x0000000082900000, 0x0000000082a00000, 0x0000000082a00000|100%| O|  |TAMS 0x0000000082a00000, 0x0000000082900000| Updating 
|  42|0x0000000082a00000, 0x0000000082b00000, 0x0000000082b00000|100%| O|  |TAMS 0x0000000082b00000, 0x0000000082a00000| Untracked 
|  43|0x0000000082b00000, 0x0000000082c00000, 0x0000000082c00000|100%| O|  |TAMS 0x0000000082c00000, 0x0000000082b00000| Updating 
|  44|0x0000000082c00000, 0x0000000082d00000, 0x0000000082d00000|100%| O|  |TAMS 0x0000000082d00000, 0x0000000082c00000| Updating 
|  45|0x0000000082d00000, 0x0000000082e00000, 0x0000000082e00000|100%| O|  |TAMS 0x0000000082e00000, 0x0000000082d00000| Updating 
|  46|0x0000000082e00000, 0x0000000082f00000, 0x0000000082f00000|100%| O|  |TAMS 0x0000000082f00000, 0x0000000082e00000| Updating 
|  47|0x0000000082f00000, 0x0000000083000000, 0x0000000083000000|100%| O|  |TAMS 0x0000000083000000, 0x0000000082f00000| Updating 
|  48|0x0000000083000000, 0x0000000083100000, 0x0000000083100000|100%| O|  |TAMS 0x0000000083100000, 0x0000000083000000| Updating 
|  49|0x0000000083100000, 0x0000000083200000, 0x0000000083200000|100%|HS|  |TAMS 0x0000000083200000, 0x0000000083100000| Complete 
|  50|0x0000000083200000, 0x0000000083300000, 0x0000000083300000|100%|HC|  |TAMS 0x0000000083300000, 0x0000000083200000| Complete 
|  51|0x0000000083300000, 0x0000000083400000, 0x0000000083400000|100%|HS|  |TAMS 0x0000000083400000, 0x0000000083300000| Complete 
|  52|0x0000000083400000, 0x0000000083500000, 0x0000000083500000|100%|HC|  |TAMS 0x0000000083500000, 0x0000000083400000| Complete 
|  53|0x0000000083500000, 0x0000000083600000, 0x0000000083600000|100%|HC|  |TAMS 0x0000000083600000, 0x0000000083500000| Complete 
|  54|0x0000000083600000, 0x0000000083700000, 0x0000000083700000|100%|HS|  |TAMS 0x0000000083700000, 0x0000000083600000| Complete 
|  55|0x0000000083700000, 0x0000000083800000, 0x0000000083800000|100%|HC|  |TAMS 0x0000000083800000, 0x0000000083700000| Complete 
|  56|0x0000000083800000, 0x0000000083900000, 0x0000000083900000|100%| O|  |TAMS 0x0000000083900000, 0x0000000083800000| Updating 
|  57|0x0000000083900000, 0x0000000083a00000, 0x0000000083a00000|100%| O|  |TAMS 0x0000000083a00000, 0x0000000083900000| Updating 
|  58|0x0000000083a00000, 0x0000000083b00000, 0x0000000083b00000|100%| O|  |TAMS 0x0000000083b00000, 0x0000000083a00000| Untracked 
|  59|0x0000000083b00000, 0x0000000083c00000, 0x0000000083c00000|100%| O|  |TAMS 0x0000000083c00000, 0x0000000083b00000| Updating 
|  60|0x0000000083c00000, 0x0000000083d00000, 0x0000000083d00000|100%| O|  |TAMS 0x0000000083d00000, 0x0000000083c00000| Updating 
|  61|0x0000000083d00000, 0x0000000083e00000, 0x0000000083e00000|100%| O|  |TAMS 0x0000000083e00000, 0x0000000083d00000| Untracked 
|  62|0x0000000083e00000, 0x0000000083f00000, 0x0000000083f00000|100%| O|  |TAMS 0x0000000083f00000, 0x0000000083e00000| Untracked 
|  63|0x0000000083f00000, 0x0000000084000000, 0x0000000084000000|100%| O|  |TAMS 0x0000000084000000, 0x0000000083f00000| Updating 
|  64|0x0000000084000000, 0x0000000084100000, 0x0000000084100000|100%| O|  |TAMS 0x0000000084100000, 0x0000000084000000| Untracked 
|  65|0x0000000084100000, 0x0000000084200000, 0x0000000084200000|100%| O|  |TAMS 0x0000000084200000, 0x0000000084100000| Updating 
|  66|0x0000000084200000, 0x0000000084300000, 0x0000000084300000|100%|HS|  |TAMS 0x0000000084300000, 0x0000000084200000| Complete 
|  67|0x0000000084300000, 0x0000000084400000, 0x0000000084400000|100%|HC|  |TAMS 0x0000000084400000, 0x0000000084300000| Complete 
|  68|0x0000000084400000, 0x0000000084500000, 0x0000000084500000|100%|HC|  |TAMS 0x0000000084500000, 0x0000000084400000| Complete 
|  69|0x0000000084500000, 0x0000000084600000, 0x0000000084600000|100%| O|  |TAMS 0x0000000084600000, 0x0000000084500000| Updating 
|  70|0x0000000084600000, 0x0000000084700000, 0x0000000084700000|100%| O|  |TAMS 0x0000000084700000, 0x0000000084600000| Updating 
|  71|0x0000000084700000, 0x0000000084800000, 0x0000000084800000|100%|HS|  |TAMS 0x0000000084800000, 0x0000000084700000| Complete 
|  72|0x0000000084800000, 0x0000000084900000, 0x0000000084900000|100%|HS|  |TAMS 0x0000000084900000, 0x0000000084800000| Complete 
|  73|0x0000000084900000, 0x0000000084a00000, 0x0000000084a00000|100%|HC|  |TAMS 0x0000000084a00000, 0x0000000084900000| Complete 
|  74|0x0000000084a00000, 0x0000000084b00000, 0x0000000084b00000|100%| O|  |TAMS 0x0000000084b00000, 0x0000000084a00000| Untracked 
|  75|0x0000000084b00000, 0x0000000084c00000, 0x0000000084c00000|100%| O|  |TAMS 0x0000000084c00000, 0x0000000084b00000| Untracked 
|  76|0x0000000084c00000, 0x0000000084d00000, 0x0000000084d00000|100%| O|  |TAMS 0x0000000084d00000, 0x0000000084c00000| Untracked 
|  77|0x0000000084d00000, 0x0000000084e00000, 0x0000000084e00000|100%| O|  |TAMS 0x0000000084e00000, 0x0000000084d00000| Updating 
|  78|0x0000000084e00000, 0x0000000084f00000, 0x0000000084f00000|100%| O|  |TAMS 0x0000000084f00000, 0x0000000084e00000| Untracked 
|  79|0x0000000084f00000, 0x0000000085000000, 0x0000000085000000|100%| O|  |TAMS 0x0000000085000000, 0x0000000084f00000| Updating 
|  80|0x0000000085000000, 0x0000000085100000, 0x0000000085100000|100%| O|  |TAMS 0x0000000085100000, 0x0000000085000000| Updating 
|  81|0x0000000085100000, 0x0000000085200000, 0x0000000085200000|100%| O|  |TAMS 0x0000000085200000, 0x0000000085100000| Updating 
|  82|0x0000000085200000, 0x0000000085300000, 0x0000000085300000|100%| O|  |TAMS 0x0000000085300000, 0x0000000085200000| Updating 
|  83|0x0000000085300000, 0x0000000085400000, 0x0000000085400000|100%| O|  |TAMS 0x0000000085400000, 0x0000000085300000| Updating 
|  84|0x0000000085400000, 0x0000000085500000, 0x0000000085500000|100%| O|  |TAMS 0x0000000085500000, 0x0000000085400000| Updating 
|  85|0x0000000085500000, 0x0000000085600000, 0x0000000085600000|100%| O|  |TAMS 0x0000000085600000, 0x0000000085500000| Updating 
|  86|0x0000000085600000, 0x0000000085700000, 0x0000000085700000|100%| O|  |TAMS 0x0000000085700000, 0x0000000085600000| Updating 
|  87|0x0000000085700000, 0x0000000085800000, 0x0000000085800000|100%| O|  |TAMS 0x0000000085800000, 0x0000000085700000| Untracked 
|  88|0x0000000085800000, 0x0000000085900000, 0x0000000085900000|100%| O|  |TAMS 0x0000000085900000, 0x0000000085800000| Updating 
|  89|0x0000000085900000, 0x0000000085a00000, 0x0000000085a00000|100%| O|  |TAMS 0x0000000085a00000, 0x0000000085900000| Updating 
|  90|0x0000000085a00000, 0x0000000085b00000, 0x0000000085b00000|100%|HS|  |TAMS 0x0000000085b00000, 0x0000000085a00000| Complete 
|  91|0x0000000085b00000, 0x0000000085c00000, 0x0000000085c00000|100%|HS|  |TAMS 0x0000000085c00000, 0x0000000085b00000| Complete 
|  92|0x0000000085c00000, 0x0000000085d00000, 0x0000000085d00000|100%| O|  |TAMS 0x0000000085d00000, 0x0000000085c00000| Updating 
|  93|0x0000000085d00000, 0x0000000085e00000, 0x0000000085e00000|100%| O|  |TAMS 0x0000000085e00000, 0x0000000085d00000| Updating 
|  94|0x0000000085e00000, 0x0000000085f00000, 0x0000000085f00000|100%| O|  |TAMS 0x0000000085f00000, 0x0000000085e00000| Untracked 
|  95|0x0000000085f00000, 0x0000000086000000, 0x0000000086000000|100%|HS|  |TAMS 0x0000000086000000, 0x0000000085f00000| Complete 
|  96|0x0000000086000000, 0x0000000086100000, 0x0000000086100000|100%| O|  |TAMS 0x0000000086100000, 0x0000000086000000| Updating 
|  97|0x0000000086100000, 0x0000000086200000, 0x0000000086200000|100%| O|  |TAMS 0x0000000086200000, 0x0000000086100000| Updating 
|  98|0x0000000086200000, 0x0000000086300000, 0x0000000086300000|100%| O|  |TAMS 0x0000000086300000, 0x0000000086200000| Untracked 
|  99|0x0000000086300000, 0x0000000086400000, 0x0000000086400000|100%| O|  |TAMS 0x0000000086400000, 0x0000000086300000| Updating 
| 100|0x0000000086400000, 0x0000000086500000, 0x0000000086500000|100%| O|  |TAMS 0x0000000086500000, 0x0000000086400000| Updating 
| 101|0x0000000086500000, 0x0000000086600000, 0x0000000086600000|100%| O|  |TAMS 0x0000000086600000, 0x0000000086500000| Updating 
| 102|0x0000000086600000, 0x0000000086700000, 0x0000000086700000|100%| O|  |TAMS 0x0000000086700000, 0x0000000086600000| Updating 
| 103|0x0000000086700000, 0x0000000086800000, 0x0000000086800000|100%| O|  |TAMS 0x0000000086800000, 0x0000000086700000| Updating 
| 104|0x0000000086800000, 0x0000000086900000, 0x0000000086900000|100%| O|  |TAMS 0x0000000086900000, 0x0000000086800000| Updating 
| 105|0x0000000086900000, 0x0000000086a00000, 0x0000000086a00000|100%| O|  |TAMS 0x0000000086a00000, 0x0000000086900000| Updating 
| 106|0x0000000086a00000, 0x0000000086b00000, 0x0000000086b00000|100%| O|  |TAMS 0x0000000086b00000, 0x0000000086a00000| Updating 
| 107|0x0000000086b00000, 0x0000000086c00000, 0x0000000086c00000|100%| O|  |TAMS 0x0000000086c00000, 0x0000000086b00000| Updating 
| 108|0x0000000086c00000, 0x0000000086c00000, 0x0000000086d00000|  0%| F|  |TAMS 0x0000000086c00000, 0x0000000086c00000| Untracked 
| 109|0x0000000086d00000, 0x0000000086e00000, 0x0000000086e00000|100%| O|  |TAMS 0x0000000086e00000, 0x0000000086d00000| Updating 
| 110|0x0000000086e00000, 0x0000000086f00000, 0x0000000086f00000|100%| O|  |TAMS 0x0000000086f00000, 0x0000000086e00000| Updating 
| 111|0x0000000086f00000, 0x0000000087000000, 0x0000000087000000|100%| O|  |TAMS 0x0000000087000000, 0x0000000086f00000| Updating 
| 112|0x0000000087000000, 0x0000000087100000, 0x0000000087100000|100%| O|  |TAMS 0x0000000087100000, 0x0000000087000000| Updating 
| 113|0x0000000087100000, 0x0000000087200000, 0x0000000087200000|100%|HS|  |TAMS 0x0000000087200000, 0x0000000087100000| Complete 
| 114|0x0000000087200000, 0x0000000087300000, 0x0000000087300000|100%|HS|  |TAMS 0x0000000087300000, 0x0000000087200000| Complete 
| 115|0x0000000087300000, 0x0000000087400000, 0x0000000087400000|100%|HS|  |TAMS 0x0000000087400000, 0x0000000087300000| Complete 
| 116|0x0000000087400000, 0x0000000087500000, 0x0000000087500000|100%| O|  |TAMS 0x0000000087500000, 0x0000000087400000| Untracked 
| 117|0x0000000087500000, 0x0000000087600000, 0x0000000087600000|100%| O|  |TAMS 0x0000000087600000, 0x0000000087500000| Updating 
| 118|0x0000000087600000, 0x0000000087700000, 0x0000000087700000|100%| O|  |TAMS 0x0000000087700000, 0x0000000087600000| Untracked 
| 119|0x0000000087700000, 0x0000000087800000, 0x0000000087800000|100%| O|  |TAMS 0x0000000087800000, 0x0000000087700000| Updating 
| 120|0x0000000087800000, 0x0000000087900000, 0x0000000087900000|100%| O|  |TAMS 0x0000000087900000, 0x0000000087800000| Untracked 
| 121|0x0000000087900000, 0x0000000087a00000, 0x0000000087a00000|100%| O|  |TAMS 0x0000000087a00000, 0x0000000087900000| Untracked 
| 122|0x0000000087a00000, 0x0000000087b00000, 0x0000000087b00000|100%| O|  |TAMS 0x0000000087b00000, 0x0000000087a00000| Updating 
| 123|0x0000000087b00000, 0x0000000087c00000, 0x0000000087c00000|100%| O|  |TAMS 0x0000000087c00000, 0x0000000087b00000| Updating 
| 124|0x0000000087c00000, 0x0000000087d00000, 0x0000000087d00000|100%| O|  |TAMS 0x0000000087d00000, 0x0000000087c00000| Updating 
| 125|0x0000000087d00000, 0x0000000087e00000, 0x0000000087e00000|100%| O|  |TAMS 0x0000000087e00000, 0x0000000087d00000| Untracked 
| 126|0x0000000087e00000, 0x0000000087f00000, 0x0000000087f00000|100%| O|  |TAMS 0x0000000087f00000, 0x0000000087e00000| Updating 
| 127|0x0000000087f00000, 0x0000000088000000, 0x0000000088000000|100%| O|  |TAMS 0x0000000088000000, 0x0000000087f00000| Updating 
| 128|0x0000000088000000, 0x0000000088100000, 0x0000000088100000|100%| O|  |TAMS 0x0000000088100000, 0x0000000088000000| Updating 
| 129|0x0000000088100000, 0x0000000088200000, 0x0000000088200000|100%| O|  |TAMS 0x0000000088200000, 0x0000000088100000| Updating 
| 130|0x0000000088200000, 0x0000000088300000, 0x0000000088300000|100%| O|  |TAMS 0x0000000088300000, 0x0000000088200000| Updating 
| 131|0x0000000088300000, 0x0000000088400000, 0x0000000088400000|100%| O|  |TAMS 0x0000000088400000, 0x0000000088300000| Updating 
| 132|0x0000000088400000, 0x0000000088500000, 0x0000000088500000|100%| O|  |TAMS 0x0000000088500000, 0x0000000088400000| Updating 
| 133|0x0000000088500000, 0x0000000088600000, 0x0000000088600000|100%| O|  |TAMS 0x0000000088600000, 0x0000000088500000| Updating 
| 134|0x0000000088600000, 0x0000000088700000, 0x0000000088700000|100%| O|  |TAMS 0x0000000088700000, 0x0000000088600000| Updating 
| 135|0x0000000088700000, 0x0000000088800000, 0x0000000088800000|100%| O|  |TAMS 0x0000000088800000, 0x0000000088700000| Updating 
| 136|0x0000000088800000, 0x0000000088900000, 0x0000000088900000|100%| O|  |TAMS 0x0000000088900000, 0x0000000088800000| Updating 
| 137|0x0000000088900000, 0x0000000088a00000, 0x0000000088a00000|100%| O|  |TAMS 0x0000000088a00000, 0x0000000088900000| Updating 
| 138|0x0000000088a00000, 0x0000000088b00000, 0x0000000088b00000|100%| O|  |TAMS 0x0000000088b00000, 0x0000000088a00000| Updating 
| 139|0x0000000088b00000, 0x0000000088c00000, 0x0000000088c00000|100%| O|  |TAMS 0x0000000088c00000, 0x0000000088b00000| Updating 
| 140|0x0000000088c00000, 0x0000000088d00000, 0x0000000088d00000|100%| O|  |TAMS 0x0000000088d00000, 0x0000000088c00000| Updating 
| 141|0x0000000088d00000, 0x0000000088e00000, 0x0000000088e00000|100%| O|  |TAMS 0x0000000088e00000, 0x0000000088d00000| Updating 
| 142|0x0000000088e00000, 0x0000000088f00000, 0x0000000088f00000|100%| O|  |TAMS 0x0000000088f00000, 0x0000000088e00000| Updating 
| 143|0x0000000088f00000, 0x0000000089000000, 0x0000000089000000|100%| O|  |TAMS 0x0000000089000000, 0x0000000088f00000| Updating 
| 144|0x0000000089000000, 0x0000000089100000, 0x0000000089100000|100%| O|  |TAMS 0x0000000089100000, 0x0000000089000000| Updating 
| 145|0x0000000089100000, 0x0000000089200000, 0x0000000089200000|100%| O|  |TAMS 0x0000000089200000, 0x0000000089100000| Updating 
| 146|0x0000000089200000, 0x0000000089300000, 0x0000000089300000|100%| O|  |TAMS 0x0000000089300000, 0x0000000089200000| Updating 
| 147|0x0000000089300000, 0x0000000089400000, 0x0000000089400000|100%| O|  |TAMS 0x0000000089400000, 0x0000000089300000| Updating 
| 148|0x0000000089400000, 0x0000000089500000, 0x0000000089500000|100%| O|  |TAMS 0x0000000089500000, 0x0000000089400000| Updating 
| 149|0x0000000089500000, 0x0000000089600000, 0x0000000089600000|100%| O|  |TAMS 0x0000000089600000, 0x0000000089500000| Updating 
| 150|0x0000000089600000, 0x0000000089700000, 0x0000000089700000|100%| O|  |TAMS 0x0000000089700000, 0x0000000089600000| Updating 
| 151|0x0000000089700000, 0x0000000089800000, 0x0000000089800000|100%| O|  |TAMS 0x0000000089800000, 0x0000000089700000| Updating 
| 152|0x0000000089800000, 0x0000000089900000, 0x0000000089900000|100%| O|  |TAMS 0x0000000089900000, 0x0000000089800000| Updating 
| 153|0x0000000089900000, 0x0000000089a00000, 0x0000000089a00000|100%| O|  |TAMS 0x0000000089a00000, 0x0000000089900000| Updating 
| 154|0x0000000089a00000, 0x0000000089b00000, 0x0000000089b00000|100%| O|  |TAMS 0x0000000089b00000, 0x0000000089a00000| Updating 
| 155|0x0000000089b00000, 0x0000000089b00000, 0x0000000089c00000|  0%| F|  |TAMS 0x0000000089b00000, 0x0000000089b00000| Untracked 
| 156|0x0000000089c00000, 0x0000000089d00000, 0x0000000089d00000|100%| O|  |TAMS 0x0000000089d00000, 0x0000000089c00000| Updating 
| 157|0x0000000089d00000, 0x0000000089e00000, 0x0000000089e00000|100%| O|  |TAMS 0x0000000089e00000, 0x0000000089d00000| Updating 
| 158|0x0000000089e00000, 0x0000000089f00000, 0x0000000089f00000|100%| O|  |TAMS 0x0000000089f00000, 0x0000000089e00000| Updating 
| 159|0x0000000089f00000, 0x000000008a000000, 0x000000008a000000|100%| O|  |TAMS 0x000000008a000000, 0x0000000089f00000| Updating 
| 160|0x000000008a000000, 0x000000008a100000, 0x000000008a100000|100%| O|  |TAMS 0x000000008a100000, 0x000000008a000000| Updating 
| 161|0x000000008a100000, 0x000000008a200000, 0x000000008a200000|100%| O|  |TAMS 0x000000008a200000, 0x000000008a100000| Updating 
| 162|0x000000008a200000, 0x000000008a300000, 0x000000008a300000|100%| O|  |TAMS 0x000000008a300000, 0x000000008a200000| Updating 
| 163|0x000000008a300000, 0x000000008a400000, 0x000000008a400000|100%| O|  |TAMS 0x000000008a400000, 0x000000008a300000| Updating 
| 164|0x000000008a400000, 0x000000008a500000, 0x000000008a500000|100%| O|  |TAMS 0x000000008a500000, 0x000000008a400000| Updating 
| 165|0x000000008a500000, 0x000000008a600000, 0x000000008a600000|100%| O|  |TAMS 0x000000008a600000, 0x000000008a500000| Updating 
| 166|0x000000008a600000, 0x000000008a700000, 0x000000008a700000|100%| O|  |TAMS 0x000000008a700000, 0x000000008a600000| Updating 
| 167|0x000000008a700000, 0x000000008a800000, 0x000000008a800000|100%| O|  |TAMS 0x000000008a800000, 0x000000008a700000| Updating 
| 168|0x000000008a800000, 0x000000008a900000, 0x000000008a900000|100%| O|  |TAMS 0x000000008a900000, 0x000000008a800000| Updating 
| 169|0x000000008a900000, 0x000000008a900000, 0x000000008aa00000|  0%| F|  |TAMS 0x000000008a900000, 0x000000008a900000| Untracked 
| 170|0x000000008aa00000, 0x000000008ab00000, 0x000000008ab00000|100%| O|  |TAMS 0x000000008ab00000, 0x000000008aa00000| Updating 
| 171|0x000000008ab00000, 0x000000008ac00000, 0x000000008ac00000|100%| O|  |TAMS 0x000000008ac00000, 0x000000008ab00000| Updating 
| 172|0x000000008ac00000, 0x000000008ad00000, 0x000000008ad00000|100%| O|  |TAMS 0x000000008ad00000, 0x000000008ac00000| Updating 
| 173|0x000000008ad00000, 0x000000008ae00000, 0x000000008ae00000|100%| O|  |TAMS 0x000000008ae00000, 0x000000008ad00000| Updating 
| 174|0x000000008ae00000, 0x000000008af00000, 0x000000008af00000|100%| O|  |TAMS 0x000000008af00000, 0x000000008ae00000| Updating 
| 175|0x000000008af00000, 0x000000008b000000, 0x000000008b000000|100%| O|  |TAMS 0x000000008b000000, 0x000000008af00000| Updating 
| 176|0x000000008b000000, 0x000000008b100000, 0x000000008b100000|100%| O|  |TAMS 0x000000008b100000, 0x000000008b000000| Updating 
| 177|0x000000008b100000, 0x000000008b200000, 0x000000008b200000|100%| O|  |TAMS 0x000000008b200000, 0x000000008b100000| Updating 
| 178|0x000000008b200000, 0x000000008b300000, 0x000000008b300000|100%| O|  |TAMS 0x000000008b300000, 0x000000008b200000| Updating 
| 179|0x000000008b300000, 0x000000008b400000, 0x000000008b400000|100%| O|  |TAMS 0x000000008b400000, 0x000000008b300000| Updating 
| 180|0x000000008b400000, 0x000000008b500000, 0x000000008b500000|100%| O|  |TAMS 0x000000008b500000, 0x000000008b400000| Updating 
| 181|0x000000008b500000, 0x000000008b500000, 0x000000008b600000|  0%| F|  |TAMS 0x000000008b500000, 0x000000008b500000| Untracked 
| 182|0x000000008b600000, 0x000000008b700000, 0x000000008b700000|100%| O|  |TAMS 0x000000008b700000, 0x000000008b600000| Updating 
| 183|0x000000008b700000, 0x000000008b800000, 0x000000008b800000|100%| O|  |TAMS 0x000000008b800000, 0x000000008b700000| Updating 
| 184|0x000000008b800000, 0x000000008b900000, 0x000000008b900000|100%| O|  |TAMS 0x000000008b900000, 0x000000008b800000| Updating 
| 185|0x000000008b900000, 0x000000008ba00000, 0x000000008ba00000|100%| O|  |TAMS 0x000000008ba00000, 0x000000008b900000| Updating 
| 186|0x000000008ba00000, 0x000000008ba00000, 0x000000008bb00000|  0%| F|  |TAMS 0x000000008ba00000, 0x000000008ba00000| Untracked 
| 187|0x000000008bb00000, 0x000000008bc00000, 0x000000008bc00000|100%| O|  |TAMS 0x000000008bc00000, 0x000000008bb00000| Updating 
| 188|0x000000008bc00000, 0x000000008bd00000, 0x000000008bd00000|100%| O|  |TAMS 0x000000008bd00000, 0x000000008bc00000| Updating 
| 189|0x000000008bd00000, 0x000000008be00000, 0x000000008be00000|100%| O|  |TAMS 0x000000008be00000, 0x000000008bd00000| Updating 
| 190|0x000000008be00000, 0x000000008bf00000, 0x000000008bf00000|100%| O|  |TAMS 0x000000008bf00000, 0x000000008be00000| Updating 
| 191|0x000000008bf00000, 0x000000008c000000, 0x000000008c000000|100%| O|  |TAMS 0x000000008c000000, 0x000000008bf00000| Updating 
| 192|0x000000008c000000, 0x000000008c100000, 0x000000008c100000|100%| O|  |TAMS 0x000000008c100000, 0x000000008c000000| Updating 
| 193|0x000000008c100000, 0x000000008c200000, 0x000000008c200000|100%| O|  |TAMS 0x000000008c200000, 0x000000008c100000| Updating 
| 194|0x000000008c200000, 0x000000008c300000, 0x000000008c300000|100%| O|  |TAMS 0x000000008c300000, 0x000000008c200000| Updating 
| 195|0x000000008c300000, 0x000000008c300000, 0x000000008c400000|  0%| F|  |TAMS 0x000000008c300000, 0x000000008c300000| Untracked 
| 196|0x000000008c400000, 0x000000008c500000, 0x000000008c500000|100%| O|  |TAMS 0x000000008c500000, 0x000000008c400000| Updating 
| 197|0x000000008c500000, 0x000000008c600000, 0x000000008c600000|100%| O|  |TAMS 0x000000008c600000, 0x000000008c500000| Updating 
| 198|0x000000008c600000, 0x000000008c700000, 0x000000008c700000|100%| O|  |TAMS 0x000000008c700000, 0x000000008c600000| Updating 
| 199|0x000000008c700000, 0x000000008c800000, 0x000000008c800000|100%| O|  |TAMS 0x000000008c800000, 0x000000008c700000| Updating 
| 200|0x000000008c800000, 0x000000008c900000, 0x000000008c900000|100%| O|  |TAMS 0x000000008c900000, 0x000000008c800000| Updating 
| 201|0x000000008c900000, 0x000000008ca00000, 0x000000008ca00000|100%| O|  |TAMS 0x000000008ca00000, 0x000000008c900000| Updating 
| 202|0x000000008ca00000, 0x000000008cb00000, 0x000000008cb00000|100%| O|  |TAMS 0x000000008cb00000, 0x000000008ca00000| Updating 
| 203|0x000000008cb00000, 0x000000008cb00000, 0x000000008cc00000|  0%| F|  |TAMS 0x000000008cb00000, 0x000000008cb00000| Untracked 
| 204|0x000000008cc00000, 0x000000008cc00000, 0x000000008cd00000|  0%| F|  |TAMS 0x000000008cc00000, 0x000000008cc00000| Untracked 
| 205|0x000000008cd00000, 0x000000008ce00000, 0x000000008ce00000|100%| O|  |TAMS 0x000000008ce00000, 0x000000008cd00000| Updating 
| 206|0x000000008ce00000, 0x000000008cf00000, 0x000000008cf00000|100%| O|  |TAMS 0x000000008cf00000, 0x000000008ce00000| Updating 
| 207|0x000000008cf00000, 0x000000008d000000, 0x000000008d000000|100%| O|  |TAMS 0x000000008d000000, 0x000000008cf00000| Updating 
| 208|0x000000008d000000, 0x000000008d100000, 0x000000008d100000|100%| O|  |TAMS 0x000000008d100000, 0x000000008d000000| Updating 
| 209|0x000000008d100000, 0x000000008d200000, 0x000000008d200000|100%| O|  |TAMS 0x000000008d200000, 0x000000008d100000| Updating 
| 210|0x000000008d200000, 0x000000008d300000, 0x000000008d300000|100%| O|  |TAMS 0x000000008d300000, 0x000000008d200000| Updating 
| 211|0x000000008d300000, 0x000000008d400000, 0x000000008d400000|100%| O|  |TAMS 0x000000008d400000, 0x000000008d300000| Updating 
| 212|0x000000008d400000, 0x000000008d500000, 0x000000008d500000|100%| O|  |TAMS 0x000000008d500000, 0x000000008d400000| Updating 
| 213|0x000000008d500000, 0x000000008d600000, 0x000000008d600000|100%| O|  |TAMS 0x000000008d600000, 0x000000008d500000| Updating 
| 214|0x000000008d600000, 0x000000008d700000, 0x000000008d700000|100%| O|  |TAMS 0x000000008d700000, 0x000000008d600000| Updating 
| 215|0x000000008d700000, 0x000000008d800000, 0x000000008d800000|100%| O|  |TAMS 0x000000008d800000, 0x000000008d700000| Updating 
| 216|0x000000008d800000, 0x000000008d900000, 0x000000008d900000|100%| O|  |TAMS 0x000000008d900000, 0x000000008d800000| Updating 
| 217|0x000000008d900000, 0x000000008da00000, 0x000000008da00000|100%| O|  |TAMS 0x000000008da00000, 0x000000008d900000| Updating 
| 218|0x000000008da00000, 0x000000008da00000, 0x000000008db00000|  0%| F|  |TAMS 0x000000008da00000, 0x000000008da00000| Untracked 
| 219|0x000000008db00000, 0x000000008dc00000, 0x000000008dc00000|100%| O|  |TAMS 0x000000008dc00000, 0x000000008db00000| Updating 
| 220|0x000000008dc00000, 0x000000008dc00000, 0x000000008dd00000|  0%| F|  |TAMS 0x000000008dc00000, 0x000000008dc00000| Untracked 
| 221|0x000000008dd00000, 0x000000008de00000, 0x000000008de00000|100%| O|  |TAMS 0x000000008de00000, 0x000000008dd00000| Updating 
| 222|0x000000008de00000, 0x000000008df00000, 0x000000008df00000|100%| O|  |TAMS 0x000000008df00000, 0x000000008de00000| Updating 
| 223|0x000000008df00000, 0x000000008e000000, 0x000000008e000000|100%| O|  |TAMS 0x000000008e000000, 0x000000008df00000| Updating 
| 224|0x000000008e000000, 0x000000008e000000, 0x000000008e100000|  0%| F|  |TAMS 0x000000008e000000, 0x000000008e000000| Untracked 
| 225|0x000000008e100000, 0x000000008e200000, 0x000000008e200000|100%| O|  |TAMS 0x000000008e200000, 0x000000008e100000| Updating 
| 226|0x000000008e200000, 0x000000008e300000, 0x000000008e300000|100%| O|  |TAMS 0x000000008e300000, 0x000000008e200000| Updating 
| 227|0x000000008e300000, 0x000000008e400000, 0x000000008e400000|100%| O|  |TAMS 0x000000008e400000, 0x000000008e300000| Updating 
| 228|0x000000008e400000, 0x000000008e500000, 0x000000008e500000|100%| O|  |TAMS 0x000000008e500000, 0x000000008e400000| Updating 
| 229|0x000000008e500000, 0x000000008e600000, 0x000000008e600000|100%| O|  |TAMS 0x000000008e600000, 0x000000008e500000| Updating 
| 230|0x000000008e600000, 0x000000008e700000, 0x000000008e700000|100%| O|  |TAMS 0x000000008e700000, 0x000000008e600000| Updating 
| 231|0x000000008e700000, 0x000000008e700000, 0x000000008e800000|  0%| F|  |TAMS 0x000000008e700000, 0x000000008e700000| Untracked 
| 232|0x000000008e800000, 0x000000008e900000, 0x000000008e900000|100%| O|  |TAMS 0x000000008e900000, 0x000000008e800000| Updating 
| 233|0x000000008e900000, 0x000000008ea00000, 0x000000008ea00000|100%| O|  |TAMS 0x000000008ea00000, 0x000000008e900000| Updating 
| 234|0x000000008ea00000, 0x000000008eb00000, 0x000000008eb00000|100%| O|  |TAMS 0x000000008eb00000, 0x000000008ea00000| Updating 
| 235|0x000000008eb00000, 0x000000008ec00000, 0x000000008ec00000|100%| O|  |TAMS 0x000000008ec00000, 0x000000008eb00000| Updating 
| 236|0x000000008ec00000, 0x000000008ed00000, 0x000000008ed00000|100%| O|  |TAMS 0x000000008ed00000, 0x000000008ec00000| Updating 
| 237|0x000000008ed00000, 0x000000008ee00000, 0x000000008ee00000|100%| O|  |TAMS 0x000000008ee00000, 0x000000008ed00000| Updating 
| 238|0x000000008ee00000, 0x000000008ef00000, 0x000000008ef00000|100%| O|  |TAMS 0x000000008ef00000, 0x000000008ee00000| Updating 
| 239|0x000000008ef00000, 0x000000008f000000, 0x000000008f000000|100%| O|  |TAMS 0x000000008f000000, 0x000000008ef00000| Updating 
| 240|0x000000008f000000, 0x000000008f100000, 0x000000008f100000|100%| O|  |TAMS 0x000000008f100000, 0x000000008f000000| Updating 
| 241|0x000000008f100000, 0x000000008f200000, 0x000000008f200000|100%| O|  |TAMS 0x000000008f200000, 0x000000008f100000| Updating 
| 242|0x000000008f200000, 0x000000008f300000, 0x000000008f300000|100%| O|  |TAMS 0x000000008f300000, 0x000000008f200000| Updating 
| 243|0x000000008f300000, 0x000000008f400000, 0x000000008f400000|100%| O|  |TAMS 0x000000008f400000, 0x000000008f300000| Updating 
| 244|0x000000008f400000, 0x000000008f500000, 0x000000008f500000|100%| O|  |TAMS 0x000000008f500000, 0x000000008f400000| Updating 
| 245|0x000000008f500000, 0x000000008f600000, 0x000000008f600000|100%| O|  |TAMS 0x000000008f600000, 0x000000008f500000| Updating 
| 246|0x000000008f600000, 0x000000008f600000, 0x000000008f700000|  0%| F|  |TAMS 0x000000008f600000, 0x000000008f600000| Untracked 
| 247|0x000000008f700000, 0x000000008f800000, 0x000000008f800000|100%| O|  |TAMS 0x000000008f800000, 0x000000008f700000| Updating 
| 248|0x000000008f800000, 0x000000008f900000, 0x000000008f900000|100%| O|  |TAMS 0x000000008f900000, 0x000000008f800000| Updating 
| 249|0x000000008f900000, 0x000000008fa00000, 0x000000008fa00000|100%| O|  |TAMS 0x000000008fa00000, 0x000000008f900000| Updating 
| 250|0x000000008fa00000, 0x000000008fb00000, 0x000000008fb00000|100%| O|  |TAMS 0x000000008fb00000, 0x000000008fa00000| Updating 
| 251|0x000000008fb00000, 0x000000008fc00000, 0x000000008fc00000|100%| O|  |TAMS 0x000000008fc00000, 0x000000008fb00000| Untracked 
| 252|0x000000008fc00000, 0x000000008fd00000, 0x000000008fd00000|100%| O|  |TAMS 0x000000008fd00000, 0x000000008fc00000| Updating 
| 253|0x000000008fd00000, 0x000000008fe00000, 0x000000008fe00000|100%| O|  |TAMS 0x000000008fe00000, 0x000000008fd00000| Untracked 
| 254|0x000000008fe00000, 0x000000008ff00000, 0x000000008ff00000|100%| O|  |TAMS 0x000000008ff00000, 0x000000008fe00000| Updating 
| 255|0x000000008ff00000, 0x0000000090000000, 0x0000000090000000|100%| O|  |TAMS 0x0000000090000000, 0x000000008ff00000| Updating 
| 256|0x0000000090000000, 0x0000000090100000, 0x0000000090100000|100%| O|  |TAMS 0x0000000090100000, 0x0000000090000000| Updating 
| 257|0x0000000090100000, 0x0000000090200000, 0x0000000090200000|100%| O|  |TAMS 0x0000000090200000, 0x0000000090100000| Updating 
| 258|0x0000000090200000, 0x0000000090300000, 0x0000000090300000|100%| O|  |TAMS 0x0000000090300000, 0x0000000090200000| Updating 
| 259|0x0000000090300000, 0x0000000090400000, 0x0000000090400000|100%| O|  |TAMS 0x0000000090400000, 0x0000000090300000| Untracked 
| 260|0x0000000090400000, 0x0000000090500000, 0x0000000090500000|100%| O|  |TAMS 0x0000000090500000, 0x0000000090400000| Untracked 
| 261|0x0000000090500000, 0x0000000090600000, 0x0000000090600000|100%| O|  |TAMS 0x0000000090600000, 0x0000000090500000| Untracked 
| 262|0x0000000090600000, 0x0000000090700000, 0x0000000090700000|100%| O|  |TAMS 0x0000000090700000, 0x0000000090600000| Untracked 
| 263|0x0000000090700000, 0x0000000090800000, 0x0000000090800000|100%| O|  |TAMS 0x0000000090800000, 0x0000000090700000| Untracked 
| 264|0x0000000090800000, 0x0000000090900000, 0x0000000090900000|100%| O|  |TAMS 0x0000000090887c00, 0x0000000090800000| Untracked 
| 265|0x0000000090900000, 0x00000000909bfe00, 0x0000000090a00000| 74%| O|  |TAMS 0x0000000090900000, 0x0000000090900000| Updating 
| 266|0x0000000090a00000, 0x0000000090a00000, 0x0000000090b00000|  0%| F|  |TAMS 0x0000000090a00000, 0x0000000090a00000| Untracked 
| 267|0x0000000090b00000, 0x0000000090b00000, 0x0000000090c00000|  0%| F|  |TAMS 0x0000000090b00000, 0x0000000090b00000| Untracked 
| 268|0x0000000090c00000, 0x0000000090c00000, 0x0000000090d00000|  0%| F|  |TAMS 0x0000000090c00000, 0x0000000090c00000| Untracked 
| 269|0x0000000090d00000, 0x0000000090d00000, 0x0000000090e00000|  0%| F|  |TAMS 0x0000000090d00000, 0x0000000090d00000| Untracked 
| 270|0x0000000090e00000, 0x0000000090e00000, 0x0000000090f00000|  0%| F|  |TAMS 0x0000000090e00000, 0x0000000090e00000| Untracked 
| 271|0x0000000090f00000, 0x0000000090f00000, 0x0000000091000000|  0%| F|  |TAMS 0x0000000090f00000, 0x0000000090f00000| Untracked 
| 272|0x0000000091000000, 0x0000000091000000, 0x0000000091100000|  0%| F|  |TAMS 0x0000000091000000, 0x0000000091000000| Untracked 
| 273|0x0000000091100000, 0x0000000091100000, 0x0000000091200000|  0%| F|  |TAMS 0x0000000091100000, 0x0000000091100000| Untracked 
| 274|0x0000000091200000, 0x0000000091200000, 0x0000000091300000|  0%| F|  |TAMS 0x0000000091200000, 0x0000000091200000| Untracked 
| 275|0x0000000091300000, 0x0000000091300000, 0x0000000091400000|  0%| F|  |TAMS 0x0000000091300000, 0x0000000091300000| Untracked 
| 276|0x0000000091400000, 0x0000000091400000, 0x0000000091500000|  0%| F|  |TAMS 0x0000000091400000, 0x0000000091400000| Untracked 
| 277|0x0000000091500000, 0x0000000091500000, 0x0000000091600000|  0%| F|  |TAMS 0x0000000091500000, 0x0000000091500000| Untracked 
| 278|0x0000000091600000, 0x0000000091600000, 0x0000000091700000|  0%| F|  |TAMS 0x0000000091600000, 0x0000000091600000| Untracked 
| 279|0x0000000091700000, 0x0000000091700000, 0x0000000091800000|  0%| F|  |TAMS 0x0000000091700000, 0x0000000091700000| Untracked 
| 280|0x0000000091800000, 0x0000000091800000, 0x0000000091900000|  0%| F|  |TAMS 0x0000000091800000, 0x0000000091800000| Untracked 
| 281|0x0000000091900000, 0x0000000091900000, 0x0000000091a00000|  0%| F|  |TAMS 0x0000000091900000, 0x0000000091900000| Untracked 
| 282|0x0000000091a00000, 0x0000000091a00000, 0x0000000091b00000|  0%| F|  |TAMS 0x0000000091a00000, 0x0000000091a00000| Untracked 
| 283|0x0000000091b00000, 0x0000000091b00000, 0x0000000091c00000|  0%| F|  |TAMS 0x0000000091b00000, 0x0000000091b00000| Untracked 
| 284|0x0000000091c00000, 0x0000000091c00000, 0x0000000091d00000|  0%| F|  |TAMS 0x0000000091c00000, 0x0000000091c00000| Untracked 
| 285|0x0000000091d00000, 0x0000000091dfed90, 0x0000000091e00000| 99%| E|  |TAMS 0x0000000091d00000, 0x0000000091d00000| Complete 
| 286|0x0000000091e00000, 0x0000000091e8e290, 0x0000000091f00000| 55%| S|CS|TAMS 0x0000000091e00000, 0x0000000091e00000| Complete 
| 287|0x0000000091f00000, 0x0000000092000000, 0x0000000092000000|100%| E|CS|TAMS 0x0000000091f00000, 0x0000000091f00000| Complete 
| 288|0x0000000092000000, 0x0000000092100000, 0x0000000092100000|100%| E|CS|TAMS 0x0000000092000000, 0x0000000092000000| Complete 
| 289|0x0000000092100000, 0x0000000092200000, 0x0000000092200000|100%| E|CS|TAMS 0x0000000092100000, 0x0000000092100000| Complete 
| 290|0x0000000092200000, 0x0000000092300000, 0x0000000092300000|100%| E|CS|TAMS 0x0000000092200000, 0x0000000092200000| Complete 
| 291|0x0000000092300000, 0x0000000092400000, 0x0000000092400000|100%| E|CS|TAMS 0x0000000092300000, 0x0000000092300000| Complete 
| 292|0x0000000092400000, 0x0000000092500000, 0x0000000092500000|100%| E|CS|TAMS 0x0000000092400000, 0x0000000092400000| Complete 
| 293|0x0000000092500000, 0x0000000092600000, 0x0000000092600000|100%| E|CS|TAMS 0x0000000092500000, 0x0000000092500000| Complete 
| 294|0x0000000092600000, 0x0000000092700000, 0x0000000092700000|100%| E|CS|TAMS 0x0000000092600000, 0x0000000092600000| Complete 
| 295|0x0000000092700000, 0x0000000092800000, 0x0000000092800000|100%| E|CS|TAMS 0x0000000092700000, 0x0000000092700000| Complete 
| 296|0x0000000092800000, 0x0000000092900000, 0x0000000092900000|100%| E|CS|TAMS 0x0000000092800000, 0x0000000092800000| Complete 
| 297|0x0000000092900000, 0x0000000092a00000, 0x0000000092a00000|100%| E|CS|TAMS 0x0000000092900000, 0x0000000092900000| Complete 
| 298|0x0000000092a00000, 0x0000000092b00000, 0x0000000092b00000|100%| E|CS|TAMS 0x0000000092a00000, 0x0000000092a00000| Complete 
| 299|0x0000000092b00000, 0x0000000092c00000, 0x0000000092c00000|100%| E|CS|TAMS 0x0000000092b00000, 0x0000000092b00000| Complete 

Card table byte_map: [0x000001c1c9ff0000,0x000001c1ca3f0000] _byte_map_base: 0x000001c1c9bf0000

Marking Bits (Prev, Next): (CMBitMap*) 0x000001c1b2e34620, (CMBitMap*) 0x000001c1b2e34660
 Prev Bits: [0x000001c1ca7f0000, 0x000001c1cc7f0000)
 Next Bits: [0x000001c1cc7f0000, 0x000001c1ce7f0000)

Polling page: 0x000001c1b2540000

Metaspace:

Usage:
  Non-class:    121.67 MB used.
      Class:     18.56 MB used.
       Both:    140.23 MB used.

Virtual space:
  Non-class space:      128.00 MB reserved,     123.00 MB ( 96%) committed,  2 nodes.
      Class space:      416.00 MB reserved,      19.56 MB (  5%) committed,  1 nodes.
             Both:      544.00 MB reserved,     142.56 MB ( 26%) committed. 

Chunk freelists:
   Non-Class:  4.60 MB
       Class:  12.43 MB
        Both:  17.03 MB

MaxMetaspaceSize: 512.00 MB
CompressedClassSpaceSize: 416.00 MB
Initial GC threshold: 21.00 MB
Current GC threshold: 214.00 MB
CDS: on
MetaspaceReclaimPolicy: balanced
 - commit_granule_bytes: 65536.
 - commit_granule_words: 8192.
 - virtual_space_node_default_size: 8388608.
 - enlarge_chunks_in_place: 1.
 - new_chunks_are_fully_committed: 0.
 - uncommit_free_chunks: 1.
 - use_allocation_guard: 0.
 - handle_deallocations: 1.


Internal statistics:

num_allocs_failed_limit: 9.
num_arena_births: 4142.
num_arena_deaths: 508.
num_vsnodes_births: 3.
num_vsnodes_deaths: 0.
num_space_committed: 2286.
num_space_uncommitted: 7.
num_chunks_returned_to_freelist: 734.
num_chunks_taken_from_freelist: 11917.
num_chunk_merges: 226.
num_chunk_splits: 6922.
num_chunks_enlarged: 3575.
num_inconsistent_stats: 0.

CodeHeap 'non-profiled nmethods': size=120000Kb used=20205Kb max_used=20205Kb free=99794Kb
 bounds [0x000001c1c2160000, 0x000001c1c3520000, 0x000001c1c9690000]
CodeHeap 'profiled nmethods': size=120000Kb used=44204Kb max_used=44204Kb free=75795Kb
 bounds [0x000001c1ba690000, 0x000001c1bd1c0000, 0x000001c1c1bc0000]
CodeHeap 'non-nmethods': size=5760Kb used=2500Kb max_used=2598Kb free=3259Kb
 bounds [0x000001c1c1bc0000, 0x000001c1c1e50000, 0x000001c1c2160000]
 total_blobs=23647 nmethods=22601 adapters=957
 compilation: enabled
              stopped_count=0, restarted_count=0
 full_count=0

Compilation events (20 events):
Event: 3887.164 Thread 0x000001c1d14c47f0 nmethod 27075 0x000001c1bd1b9110 code [0x000001c1bd1b92c0, 0x000001c1bd1b94d8]
Event: 3887.172 Thread 0x000001c1d14c47f0 27076       3       org.antlr.v4.runtime.atn.LexerPushModeAction::execute (9 bytes)
Event: 3887.172 Thread 0x000001c1d14c47f0 nmethod 27076 0x000001c1bd1b9590 code [0x000001c1bd1b9740, 0x000001c1bd1b9a88]
Event: 3887.172 Thread 0x000001c1d14c47f0 27080   !   3       org.tomlj.internal.TomlParser::val (421 bytes)
Event: 3887.174 Thread 0x000001c1d14c3e30 27083       4       org.tomlj.KeyVisitor::defaultResult (5 bytes)
Event: 3887.174 Thread 0x000001c1d14c47f0 nmethod 27080 0x000001c1bd1b9c10 code [0x000001c1bd1b9f80, 0x000001c1bd1bb8a8]
Event: 3887.174 Thread 0x000001c1d14c47f0 27081       3       org.tomlj.internal.TomlParser$KeyvalContext::accept (26 bytes)
Event: 3887.175 Thread 0x000001c1d14c47f0 nmethod 27081 0x000001c1bd1bc310 code [0x000001c1bd1bc4e0, 0x000001c1bd1bca58]
Event: 3887.175 Thread 0x000001c1d14c47f0 27082       3       org.tomlj.internal.TomlParser$KeyvalContext::key (11 bytes)
Event: 3887.175 Thread 0x000001c1d14c3e30 nmethod 27083 0x000001c1c351b390 code [0x000001c1c351b500, 0x000001c1c351b578]
Event: 3887.175 Thread 0x000001c1d14c47f0 nmethod 27082 0x000001c1bd1bcb90 code [0x000001c1bd1bcd40, 0x000001c1bd1bd1e8]
Event: 3887.175 Thread 0x000001c1d14c47f0 27077       3       org.antlr.v4.runtime.Lexer::pushMode (17 bytes)
Event: 3887.176 Thread 0x000001c1d14c47f0 nmethod 27077 0x000001c1bd1bd310 code [0x000001c1bd1bd4c0, 0x000001c1bd1bd728]
Event: 3887.176 Thread 0x000001c1d14c47f0 27078       3       org.antlr.v4.runtime.atn.LexerModeAction::execute (9 bytes)
Event: 3887.176 Thread 0x000001c1d14c47f0 nmethod 27078 0x000001c1bd1bd890 code [0x000001c1bd1bda20, 0x000001c1bd1bdbd8]
Event: 3887.176 Thread 0x000001c1d14c47f0 27079       3       org.tomlj.internal.TomlParser$ValContext::<init> (7 bytes)
Event: 3887.176 Thread 0x000001c1d14c47f0 nmethod 27079 0x000001c1bd1bdc90 code [0x000001c1bd1bde40, 0x000001c1bd1be0d8]
Event: 3887.176 Thread 0x000001c1d14c47f0 27084       3       org.tomlj.MutableTomlTable::keySet (10 bytes)
Event: 3887.176 Thread 0x000001c1d14c47f0 nmethod 27084 0x000001c1bd1be210 code [0x000001c1bd1be3c0, 0x000001c1bd1be588]
Event: 3887.197 Thread 0x000001c1d14c47f0 27085       3       org.gradle.internal.locking.LockFileReaderWriter::decorate (66 bytes)

GC Heap History (20 events):
Event: 3843.698 GC heap before
{Heap before GC invocations=109 (full 0):
 garbage-first heap   total 307200K, used 272801K [0x0000000080000000, 0x0000000100000000)
  region size 1024K, 15 young (15360K), 2 survivors (2048K)
 Metaspace       used 144099K, committed 146176K, reserved 557056K
  class space    used 19113K, committed 20096K, reserved 425984K
}
Event: 3843.704 GC heap after
{Heap after GC invocations=110 (full 0):
 garbage-first heap   total 307200K, used 262736K [0x0000000080000000, 0x0000000100000000)
  region size 1024K, 2 young (2048K), 2 survivors (2048K)
 Metaspace       used 144099K, committed 146176K, reserved 557056K
  class space    used 19113K, committed 20096K, reserved 425984K
}
Event: 3853.254 GC heap before
{Heap before GC invocations=110 (full 0):
 garbage-first heap   total 307200K, used 275024K [0x0000000080000000, 0x0000000100000000)
  region size 1024K, 15 young (15360K), 2 survivors (2048K)
 Metaspace       used 144165K, committed 146240K, reserved 557056K
  class space    used 19113K, committed 20096K, reserved 425984K
}
Event: 3853.260 GC heap after
{Heap after GC invocations=111 (full 0):
 garbage-first heap   total 307200K, used 263458K [0x0000000080000000, 0x0000000100000000)
  region size 1024K, 1 young (1024K), 1 survivors (1024K)
 Metaspace       used 144165K, committed 146240K, reserved 557056K
  class space    used 19113K, committed 20096K, reserved 425984K
}
Event: 3854.767 GC heap before
{Heap before GC invocations=111 (full 0):
 garbage-first heap   total 307200K, used 276770K [0x0000000080000000, 0x0000000100000000)
  region size 1024K, 15 young (15360K), 1 survivors (1024K)
 Metaspace       used 144200K, committed 146240K, reserved 557056K
  class space    used 19113K, committed 20096K, reserved 425984K
}
Event: 3854.771 GC heap after
{Heap after GC invocations=112 (full 0):
 garbage-first heap   total 307200K, used 264604K [0x0000000080000000, 0x0000000100000000)
  region size 1024K, 2 young (2048K), 2 survivors (2048K)
 Metaspace       used 144200K, committed 146240K, reserved 557056K
  class space    used 19113K, committed 20096K, reserved 425984K
}
Event: 3854.879 GC heap before
{Heap before GC invocations=112 (full 0):
 garbage-first heap   total 307200K, used 277916K [0x0000000080000000, 0x0000000100000000)
  region size 1024K, 15 young (15360K), 2 survivors (2048K)
 Metaspace       used 144201K, committed 146240K, reserved 557056K
  class space    used 19113K, committed 20096K, reserved 425984K
}
Event: 3854.883 GC heap after
{Heap after GC invocations=113 (full 0):
 garbage-first heap   total 307200K, used 265150K [0x0000000080000000, 0x0000000100000000)
  region size 1024K, 1 young (1024K), 1 survivors (1024K)
 Metaspace       used 144201K, committed 146240K, reserved 557056K
  class space    used 19113K, committed 20096K, reserved 425984K
}
Event: 3855.038 GC heap before
{Heap before GC invocations=113 (full 0):
 garbage-first heap   total 307200K, used 279486K [0x0000000080000000, 0x0000000100000000)
  region size 1024K, 15 young (15360K), 1 survivors (1024K)
 Metaspace       used 144225K, committed 146304K, reserved 557056K
  class space    used 19113K, committed 20096K, reserved 425984K
}
Event: 3855.043 GC heap after
{Heap after GC invocations=114 (full 0):
 garbage-first heap   total 307200K, used 266105K [0x0000000080000000, 0x0000000100000000)
  region size 1024K, 2 young (2048K), 2 survivors (2048K)
 Metaspace       used 144225K, committed 146304K, reserved 557056K
  class space    used 19113K, committed 20096K, reserved 425984K
}
Event: 3855.304 GC heap before
{Heap before GC invocations=114 (full 0):
 garbage-first heap   total 307200K, used 279417K [0x0000000080000000, 0x0000000100000000)
  region size 1024K, 15 young (15360K), 2 survivors (2048K)
 Metaspace       used 144260K, committed 146304K, reserved 557056K
  class space    used 19113K, committed 20096K, reserved 425984K
}
Event: 3855.309 GC heap after
{Heap after GC invocations=115 (full 0):
 garbage-first heap   total 307200K, used 267452K [0x0000000080000000, 0x0000000100000000)
  region size 1024K, 2 young (2048K), 2 survivors (2048K)
 Metaspace       used 144260K, committed 146304K, reserved 557056K
  class space    used 19113K, committed 20096K, reserved 425984K
}
Event: 3855.532 GC heap before
{Heap before GC invocations=115 (full 0):
 garbage-first heap   total 307200K, used 280764K [0x0000000080000000, 0x0000000100000000)
  region size 1024K, 15 young (15360K), 2 survivors (2048K)
 Metaspace       used 144271K, committed 146304K, reserved 557056K
  class space    used 19113K, committed 20096K, reserved 425984K
}
Event: 3855.537 GC heap after
{Heap after GC invocations=116 (full 0):
 garbage-first heap   total 307200K, used 269237K [0x0000000080000000, 0x0000000100000000)
  region size 1024K, 2 young (2048K), 2 survivors (2048K)
 Metaspace       used 144271K, committed 146304K, reserved 557056K
  class space    used 19113K, committed 20096K, reserved 425984K
}
Event: 3855.708 GC heap before
{Heap before GC invocations=116 (full 0):
 garbage-first heap   total 307200K, used 282549K [0x0000000080000000, 0x0000000100000000)
  region size 1024K, 15 young (15360K), 2 survivors (2048K)
 Metaspace       used 144278K, committed 146368K, reserved 557056K
  class space    used 19113K, committed 20096K, reserved 425984K
}
Event: 3855.713 GC heap after
{Heap after GC invocations=117 (full 0):
 garbage-first heap   total 307200K, used 270905K [0x0000000080000000, 0x0000000100000000)
  region size 1024K, 2 young (2048K), 2 survivors (2048K)
 Metaspace       used 144278K, committed 146368K, reserved 557056K
  class space    used 19113K, committed 20096K, reserved 425984K
}
Event: 3887.003 GC heap before
{Heap before GC invocations=117 (full 0):
 garbage-first heap   total 307200K, used 283193K [0x0000000080000000, 0x0000000100000000)
  region size 1024K, 15 young (15360K), 2 survivors (2048K)
 Metaspace       used 144308K, committed 146432K, reserved 557056K
  class space    used 19113K, committed 20096K, reserved 425984K
}
Event: 3887.006 GC heap after
{Heap after GC invocations=118 (full 0):
 garbage-first heap   total 307200K, used 272215K [0x0000000080000000, 0x0000000100000000)
  region size 1024K, 2 young (2048K), 2 survivors (2048K)
 Metaspace       used 144308K, committed 146432K, reserved 557056K
  class space    used 19113K, committed 20096K, reserved 425984K
}
Event: 3887.081 GC heap before
{Heap before GC invocations=118 (full 0):
 garbage-first heap   total 307200K, used 285527K [0x0000000080000000, 0x0000000100000000)
  region size 1024K, 15 young (15360K), 2 survivors (2048K)
 Metaspace       used 144308K, committed 146432K, reserved 557056K
  class space    used 19113K, committed 20096K, reserved 425984K
}
Event: 3887.084 GC heap after
{Heap after GC invocations=119 (full 0):
 garbage-first heap   total 307200K, used 272696K [0x0000000080000000, 0x0000000100000000)
  region size 1024K, 1 young (1024K), 1 survivors (1024K)
 Metaspace       used 144308K, committed 146432K, reserved 557056K
  class space    used 19113K, committed 20096K, reserved 425984K
}

Deoptimization events (20 events):
Event: 3842.501 Thread 0x000001c1f17809c0 Uncommon trap: trap_request=0xffffffd6 fr.pc=0x000001c1c3456be4 relative=0x0000000000000804
Event: 3842.501 Thread 0x000001c1f17809c0 Uncommon trap: reason=array_check action=maybe_recompile pc=0x000001c1c3456be4 method=com.google.common.collect.ImmutableList.copyIntoArray([Ljava/lang/Object;I)I @ 25 c2
Event: 3842.502 Thread 0x000001c1f17809c0 DEOPT PACKING pc=0x000001c1c3456be4 sp=0x0000000eb32f6cf0
Event: 3842.502 Thread 0x000001c1f17809c0 DEOPT UNPACKING pc=0x000001c1c1c123a3 sp=0x0000000eb32f6ca8 mode 2
Event: 3842.543 Thread 0x000001c1f17809c0 Uncommon trap: trap_request=0xffffffd6 fr.pc=0x000001c1c3456be4 relative=0x0000000000000804
Event: 3842.543 Thread 0x000001c1f17809c0 Uncommon trap: reason=array_check action=maybe_recompile pc=0x000001c1c3456be4 method=com.google.common.collect.ImmutableList.copyIntoArray([Ljava/lang/Object;I)I @ 25 c2
Event: 3842.543 Thread 0x000001c1f17809c0 DEOPT PACKING pc=0x000001c1c3456be4 sp=0x0000000eb32f6cf0
Event: 3842.543 Thread 0x000001c1f17809c0 DEOPT UNPACKING pc=0x000001c1c1c123a3 sp=0x0000000eb32f6ca8 mode 2
Event: 3843.289 Thread 0x000001c1f17809c0 DEOPT PACKING pc=0x000001c1bc1d4054 sp=0x0000000eb32f6140
Event: 3843.289 Thread 0x000001c1f17809c0 DEOPT UNPACKING pc=0x000001c1c1c12b43 sp=0x0000000eb32f55c0 mode 0
Event: 3843.353 Thread 0x000001c1f17809c0 Uncommon trap: trap_request=0xffffffc6 fr.pc=0x000001c1c3472238 relative=0x0000000000002bb8
Event: 3843.353 Thread 0x000001c1f17809c0 Uncommon trap: reason=bimorphic_or_optimized_type_check action=maybe_recompile pc=0x000001c1c3472238 method=java.util.Collections$SetFromMap.contains(Ljava/lang/Object;)Z @ 5 c2
Event: 3843.353 Thread 0x000001c1f17809c0 DEOPT PACKING pc=0x000001c1c3472238 sp=0x0000000eb32f6920
Event: 3843.353 Thread 0x000001c1f17809c0 DEOPT UNPACKING pc=0x000001c1c1c123a3 sp=0x0000000eb32f68a8 mode 2
Event: 3855.550 Thread 0x000001c1f17809c0 DEOPT PACKING pc=0x000001c1bcab6c8c sp=0x0000000eb32f6ff0
Event: 3855.550 Thread 0x000001c1f17809c0 DEOPT UNPACKING pc=0x000001c1c1c12b43 sp=0x0000000eb32f63e8 mode 0
Event: 3856.857 Thread 0x000001c1f17809c0 DEOPT PACKING pc=0x000001c1bc6a03be sp=0x0000000eb32fdb10
Event: 3856.857 Thread 0x000001c1f17809c0 DEOPT UNPACKING pc=0x000001c1c1c12b43 sp=0x0000000eb32fcfc0 mode 0
Event: 3886.814 Thread 0x000001c1f809b4b0 DEOPT PACKING pc=0x000001c1bcd9a07f sp=0x0000000eb1dfec90
Event: 3886.814 Thread 0x000001c1f809b4b0 DEOPT UNPACKING pc=0x000001c1c1c12b43 sp=0x0000000eb1dfe158 mode 0

Classes unloaded (20 events):
Event: 3887.200 Thread 0x000001c1d0e2e970 Unloading class 0x000001c1d3c8cce8 'com/google/gson/internal/bind/JsonTreeReader'
Event: 3887.200 Thread 0x000001c1d0e2e970 Unloading class 0x000001c1d3c8ca20 'com/google/gson/stream/JsonReader'
Event: 3887.200 Thread 0x000001c1d0e2e970 Unloading class 0x000001c1d3c8c800 'com/google/gson/Gson$FutureTypeAdapter'
Event: 3887.200 Thread 0x000001c1d0e2e970 Unloading class 0x000001c1d3c87c38 'com/google/gson/TypeAdapter'
Event: 3887.200 Thread 0x000001c1d0e2e970 Unloading class 0x000001c1d3c87a40 'com/google/gson/FieldNamingStrategy'
Event: 3887.200 Thread 0x000001c1d0e2e970 Unloading class 0x000001c1d3c87848 'com/google/gson/ToNumberStrategy'
Event: 3887.200 Thread 0x000001c1d0e2e970 Unloading class 0x000001c1d3c87640 'com/google/gson/Gson'
Event: 3887.200 Thread 0x000001c1d0e2e970 Unloading class 0x000001c1d3c87440 'com/facebook/react/utils/JsonUtils'
Event: 3887.200 Thread 0x000001c1d0e2e970 Unloading class 0x000001c1d3c87220 'com/facebook/react/ReactSettingsExtension$autolinkLibrariesFromCommand$updateConfig$1$$Lambda$2176+0x000001c1d3c87220'
Event: 3887.200 Thread 0x000001c1d0e2e970 Unloading class 0x000001c1d3c87000 'com/facebook/react/ReactSettingsExtension$autolinkLibrariesFromCommand$updateConfig$1$$Lambda$2175+0x000001c1d3c87000'
Event: 3887.200 Thread 0x000001c1d0e2e970 Unloading class 0x000001c1d3c7a418 'com/facebook/react/ReactSettingsExtension$autolinkLibrariesFromCommand$updateConfig$1'
Event: 3887.200 Thread 0x000001c1d0e2e970 Unloading class 0x000001c1d3c7a220 'com/facebook/react/ReactSettingsExtension$GenerateConfig'
Event: 3887.200 Thread 0x000001c1d0e2e970 Unloading class 0x000001c1d3c7a000 'com/facebook/react/ReactSettingsExtension_Decorated$$Lambda$2172+0x000001c1d3c7a000'
Event: 3887.200 Thread 0x000001c1d0e2e970 Unloading class 0x000001c1d3c79da0 'com/facebook/react/utils/KotlinStdlibCompatUtils'
Event: 3887.200 Thread 0x000001c1d0e2e970 Unloading class 0x000001c1d3c79ba0 'com/facebook/react/utils/Os'
Event: 3887.200 Thread 0x000001c1d0e2e970 Unloading class 0x000001c1d3c799a0 'com/facebook/react/utils/TaskUtilsKt'
Event: 3887.200 Thread 0x000001c1d0e2e970 Unloading class 0x000001c1d3c79620 'com/facebook/react/ReactSettingsExtension_Decorated'
Event: 3887.200 Thread 0x000001c1d0e2e970 Unloading class 0x000001c1d3c79420 'com/facebook/react/ReactSettingsExtension$Companion'
Event: 3887.200 Thread 0x000001c1d0e2e970 Unloading class 0x000001c1d3c79218 'com/facebook/react/ReactSettingsExtension'
Event: 3887.200 Thread 0x000001c1d0e2e970 Unloading class 0x000001c1d3c79000 'com/facebook/react/ReactSettingsPlugin'

Classes redefined (0 events):
No events

Internal exceptions (20 events):
Event: 3856.819 Thread 0x000001c1f809d310 Exception <a 'sun/nio/fs/WindowsException'{0x00000000929e7ed0}> (0x00000000929e7ed0) 
thrown [s\open\src\hotspot\share\prims\jni.cpp, line 516]
Event: 3856.823 Thread 0x000001c1f809a070 Exception <a 'sun/nio/fs/WindowsException'{0x00000000929edd18}> (0x00000000929edd18) 
thrown [s\open\src\hotspot\share\prims\jni.cpp, line 516]
Event: 3856.828 Thread 0x000001c1f809a070 Exception <a 'sun/nio/fs/WindowsException'{0x00000000929ee2f0}> (0x00000000929ee2f0) 
thrown [s\open\src\hotspot\share\prims\jni.cpp, line 516]
Event: 3856.950 Thread 0x000001c1f5734680 Exception <a 'sun/nio/fs/WindowsException'{0x00000000924d3a48}> (0x00000000924d3a48) 
thrown [s\open\src\hotspot\share\prims\jni.cpp, line 516]
Event: 3856.950 Thread 0x000001c1f5734680 Exception <a 'sun/nio/fs/WindowsException'{0x00000000924dabd0}> (0x00000000924dabd0) 
thrown [s\open\src\hotspot\share\prims\jni.cpp, line 516]
Event: 3856.951 Thread 0x000001c1f5734680 Exception <a 'sun/nio/fs/WindowsException'{0x00000000924dddd0}> (0x00000000924dddd0) 
thrown [s\open\src\hotspot\share\prims\jni.cpp, line 516]
Event: 3886.920 Thread 0x000001c1f17809c0 Exception <a 'sun/nio/fs/WindowsException'{0x000000009208f678}> (0x000000009208f678) 
thrown [s\open\src\hotspot\share\prims\jni.cpp, line 516]
Event: 3886.922 Thread 0x000001c1f17809c0 Exception <a 'sun/nio/fs/WindowsException'{0x0000000092090b80}> (0x0000000092090b80) 
thrown [s\open\src\hotspot\share\prims\jni.cpp, line 516]
Event: 3886.923 Thread 0x000001c1f17809c0 Exception <a 'sun/nio/fs/WindowsException'{0x0000000092092088}> (0x0000000092092088) 
thrown [s\open\src\hotspot\share\prims\jni.cpp, line 516]
Event: 3886.925 Thread 0x000001c1f17809c0 Exception <a 'sun/nio/fs/WindowsException'{0x0000000092093590}> (0x0000000092093590) 
thrown [s\open\src\hotspot\share\prims\jni.cpp, line 516]
Event: 3886.973 Thread 0x000001c1f17809c0 Exception <a 'sun/nio/fs/WindowsException'{0x0000000091f6c4f8}> (0x0000000091f6c4f8) 
thrown [s\open\src\hotspot\share\prims\jni.cpp, line 516]
Event: 3886.974 Thread 0x000001c1f17809c0 Exception <a 'sun/nio/fs/WindowsException'{0x0000000091f6dca8}> (0x0000000091f6dca8) 
thrown [s\open\src\hotspot\share\prims\jni.cpp, line 516]
Event: 3886.975 Thread 0x000001c1f17809c0 Exception <a 'sun/nio/fs/WindowsException'{0x0000000091f6f458}> (0x0000000091f6f458) 
thrown [s\open\src\hotspot\share\prims\jni.cpp, line 516]
Event: 3886.977 Thread 0x000001c1f17809c0 Exception <a 'sun/nio/fs/WindowsException'{0x0000000091f70c08}> (0x0000000091f70c08) 
thrown [s\open\src\hotspot\share\prims\jni.cpp, line 516]
Event: 3887.167 Thread 0x000001c1f17809c0 Exception <a 'sun/nio/fs/WindowsException'{0x0000000091f56aa0}> (0x0000000091f56aa0) 
thrown [s\open\src\hotspot\share\prims\jni.cpp, line 516]
Event: 3887.167 Thread 0x000001c1f17809c0 Exception <a 'sun/nio/fs/WindowsException'{0x0000000091f56d70}> (0x0000000091f56d70) 
thrown [s\open\src\hotspot\share\prims\jni.cpp, line 516]
Event: 3887.168 Thread 0x000001c1f17809c0 Exception <a 'sun/nio/fs/WindowsException'{0x0000000091f59878}> (0x0000000091f59878) 
thrown [s\open\src\hotspot\share\prims\jni.cpp, line 516]
Event: 3887.168 Thread 0x000001c1f17809c0 Exception <a 'sun/nio/fs/WindowsException'{0x0000000091f59c48}> (0x0000000091f59c48) 
thrown [s\open\src\hotspot\share\prims\jni.cpp, line 516]
Event: 3887.168 Thread 0x000001c1f17809c0 Exception <a 'sun/nio/fs/WindowsException'{0x0000000091f5d358}> (0x0000000091f5d358) 
thrown [s\open\src\hotspot\share\prims\jni.cpp, line 516]
Event: 3887.168 Thread 0x000001c1f17809c0 Exception <a 'sun/nio/fs/WindowsException'{0x0000000091f5d728}> (0x0000000091f5d728) 
thrown [s\open\src\hotspot\share\prims\jni.cpp, line 516]

VM Operations (20 events):
Event: 3853.260 Executing VM operation: G1CollectForAllocation done
Event: 3854.767 Executing VM operation: G1CollectForAllocation
Event: 3854.771 Executing VM operation: G1CollectForAllocation done
Event: 3854.879 Executing VM operation: G1CollectForAllocation
Event: 3854.883 Executing VM operation: G1CollectForAllocation done
Event: 3855.037 Executing VM operation: G1CollectForAllocation
Event: 3855.043 Executing VM operation: G1CollectForAllocation done
Event: 3855.303 Executing VM operation: G1CollectForAllocation
Event: 3855.310 Executing VM operation: G1CollectForAllocation done
Event: 3855.532 Executing VM operation: G1CollectForAllocation
Event: 3855.537 Executing VM operation: G1CollectForAllocation done
Event: 3855.708 Executing VM operation: G1CollectForAllocation
Event: 3855.713 Executing VM operation: G1CollectForAllocation done
Event: 3856.714 Executing VM operation: Cleanup
Event: 3856.714 Executing VM operation: Cleanup done
Event: 3887.003 Executing VM operation: G1CollectForAllocation
Event: 3887.006 Executing VM operation: G1CollectForAllocation done
Event: 3887.081 Executing VM operation: G1CollectForAllocation
Event: 3887.084 Executing VM operation: G1CollectForAllocation done
Event: 3887.197 Executing VM operation: G1Concurrent

Events (20 events):
Event: 3856.876 Thread 0x000001c1f22b5a00 Thread exited: 0x000001c1f22b5a00
Event: 3856.877 Thread 0x000001c1f22b40b0 Thread exited: 0x000001c1f22b40b0
Event: 3856.881 Thread 0x000001c1f22b4fe0 Thread exited: 0x000001c1f22b4fe0
Event: 3856.894 Thread 0x000001c1f22b6930 Thread exited: 0x000001c1f22b6930
Event: 3856.897 Thread 0x000001c1f22b45c0 Thread exited: 0x000001c1f22b45c0
Event: 3886.805 Thread 0x000001c1f809b4b0 Thread added: 0x000001c1f809b4b0
Event: 3886.817 Thread 0x000001c1f809b9c0 Thread added: 0x000001c1f809b9c0
Event: 3886.834 Thread 0x000001c1f809c3e0 Thread added: 0x000001c1f809c3e0
Event: 3886.836 Thread 0x000001c1f809bed0 Thread added: 0x000001c1f809bed0
Event: 3886.837 Thread 0x000001c1f809a070 Thread added: 0x000001c1f809a070
Event: 3886.846 Thread 0x000001c1f8098c30 Thread added: 0x000001c1f8098c30
Event: 3886.868 Thread 0x000001c1f809d310 Thread added: 0x000001c1f809d310
Event: 3886.911 Thread 0x000001c1f8099b60 Thread added: 0x000001c1f8099b60
Event: 3886.932 Thread 0x000001c1f809a580 Thread added: 0x000001c1f809a580
Event: 3886.935 Thread 0x000001c1f809e750 Thread added: 0x000001c1f809e750
Event: 3886.950 Thread 0x000001c1f809e240 Thread added: 0x000001c1f809e240
Event: 3887.019 Thread 0x000001c1f83d5210 Thread added: 0x000001c1f83d5210
Event: 3887.019 Thread 0x000001c1f83d1a60 Thread added: 0x000001c1f83d1a60
Event: 3887.030 Thread 0x000001c1f83d6140 Thread added: 0x000001c1f83d6140
Event: 3887.030 Thread 0x000001c1f83d2990 Thread added: 0x000001c1f83d2990


Dynamic libraries:
0x00007ff7a9c90000 - 0x00007ff7a9ca0000 	C:\Program Files\Java\jdk-17\bin\java.exe
0x00007ffac5b00000 - 0x00007ffac5d60000 	C:\WINDOWS\SYSTEM32\ntdll.dll
0x00007ffac4220000 - 0x00007ffac42e7000 	C:\WINDOWS\System32\KERNEL32.DLL
0x00007ffac3500000 - 0x00007ffac38ca000 	C:\WINDOWS\System32\KERNELBASE.dll
0x00007ffac3260000 - 0x00007ffac33ab000 	C:\WINDOWS\System32\ucrtbase.dll
0x00007ffaaf180000 - 0x00007ffaaf199000 	C:\Program Files\Java\jdk-17\bin\jli.dll
0x00007ffaaf160000 - 0x00007ffaaf17b000 	C:\Program Files\Java\jdk-17\bin\VCRUNTIME140.dll
0x00007ffac56e0000 - 0x00007ffac5792000 	C:\WINDOWS\System32\ADVAPI32.dll
0x00007ffac57a0000 - 0x00007ffac5849000 	C:\WINDOWS\System32\msvcrt.dll
0x00007ffac42f0000 - 0x00007ffac4396000 	C:\WINDOWS\System32\sechost.dll
0x00007ffac5850000 - 0x00007ffac5966000 	C:\WINDOWS\System32\RPCRT4.dll
0x00007ffac53d0000 - 0x00007ffac559c000 	C:\WINDOWS\System32\USER32.dll
0x00007ffac2cb0000 - 0x00007ffac2cd7000 	C:\WINDOWS\System32\win32u.dll
0x00007ffa9b340000 - 0x00007ffa9b5d7000 	C:\WINDOWS\WinSxS\amd64_microsoft.windows.common-controls_6595b64144ccf1df_6.0.26100.3624_none_3e086962e3345f24\COMCTL32.dll
0x00007ffac38d0000 - 0x00007ffac38fa000 	C:\WINDOWS\System32\GDI32.dll
0x00007ffac2ce0000 - 0x00007ffac2e11000 	C:\WINDOWS\System32\gdi32full.dll
0x00007ffac2e20000 - 0x00007ffac2ec3000 	C:\WINDOWS\System32\msvcp_win.dll
0x00007ffab2090000 - 0x00007ffab209b000 	C:\WINDOWS\SYSTEM32\VERSION.dll
0x00007ffac3ed0000 - 0x00007ffac3eff000 	C:\WINDOWS\System32\IMM32.DLL
0x00007ffaaf460000 - 0x00007ffaaf46c000 	C:\Program Files\Java\jdk-17\bin\vcruntime140_1.dll
0x00007ffa3fce0000 - 0x00007ffa3fd6e000 	C:\Program Files\Java\jdk-17\bin\msvcp140.dll
0x00007ffa0c220000 - 0x00007ffa0ce00000 	C:\Program Files\Java\jdk-17\bin\server\jvm.dll
0x00007ffac5340000 - 0x00007ffac5348000 	C:\WINDOWS\System32\PSAPI.DLL
0x00007ffa99ed0000 - 0x00007ffa99eda000 	C:\WINDOWS\SYSTEM32\WSOCK32.dll
0x00007ffac4d20000 - 0x00007ffac4d94000 	C:\WINDOWS\System32\WS2_32.dll
0x00007ffabd350000 - 0x00007ffabd386000 	C:\WINDOWS\SYSTEM32\WINMM.dll
0x00007ffac1be0000 - 0x00007ffac1bfa000 	C:\WINDOWS\SYSTEM32\kernel.appcore.dll
0x00007ffa99ec0000 - 0x00007ffa99eca000 	C:\Program Files\Java\jdk-17\bin\jimage.dll
0x00007ffac04b0000 - 0x00007ffac06f1000 	C:\WINDOWS\SYSTEM32\DBGHELP.DLL
0x00007ffac4f40000 - 0x00007ffac52c2000 	C:\WINDOWS\System32\combase.dll
0x00007ffac4c30000 - 0x00007ffac4d06000 	C:\WINDOWS\System32\OLEAUT32.dll
0x00007ffa2c350000 - 0x00007ffa2c389000 	C:\WINDOWS\SYSTEM32\dbgcore.DLL
0x00007ffac3040000 - 0x00007ffac30d9000 	C:\WINDOWS\System32\bcryptPrimitives.dll
0x00007ffa94c00000 - 0x00007ffa94c0e000 	C:\Program Files\Java\jdk-17\bin\instrument.dll
0x00007ffa99e90000 - 0x00007ffa99eb5000 	C:\Program Files\Java\jdk-17\bin\java.dll
0x00007ffa37de0000 - 0x00007ffa37eb7000 	C:\Program Files\Java\jdk-17\bin\jsvml.dll
0x00007ffac43a0000 - 0x00007ffac4ac9000 	C:\WINDOWS\System32\SHELL32.dll
0x00007ffac2ed0000 - 0x00007ffac3038000 	C:\WINDOWS\System32\wintypes.dll
0x00007ffac0920000 - 0x00007ffac1172000 	C:\WINDOWS\SYSTEM32\windows.storage.dll
0x00007ffac59a0000 - 0x00007ffac5a8d000 	C:\WINDOWS\System32\SHCORE.dll
0x00007ffac3900000 - 0x00007ffac3964000 	C:\WINDOWS\System32\shlwapi.dll
0x00007ffac2bc0000 - 0x00007ffac2bef000 	C:\WINDOWS\SYSTEM32\profapi.dll
0x00007ffa8d960000 - 0x00007ffa8d978000 	C:\Program Files\Java\jdk-17\bin\zip.dll
0x00007ffa99e70000 - 0x00007ffa99e89000 	C:\Program Files\Java\jdk-17\bin\net.dll
0x00007ffab2270000 - 0x00007ffab238d000 	C:\WINDOWS\SYSTEM32\WINHTTP.dll
0x00007ffac2100000 - 0x00007ffac216a000 	C:\WINDOWS\system32\mswsock.dll
0x00007ffa8f910000 - 0x00007ffa8f926000 	C:\Program Files\Java\jdk-17\bin\nio.dll
0x00007ffa96630000 - 0x00007ffa96640000 	C:\Program Files\Java\jdk-17\bin\verify.dll
0x00007ffa81a50000 - 0x00007ffa81a77000 	C:\Users\CODECLOUDS-YASHWANT\.gradle\native\1def1411415f61bf3af743bc5b6707747c0891f09f0c88961ee8f79bc544acac\windows-amd64\native-platform.dll
0x00007ffa5b750000 - 0x00007ffa5b7c8000 	C:\Users\CODECLOUDS-YASHWANT\.gradle\native\0.2.7\x86_64-windows-gnu\gradle-fileevents.dll
0x00007ffa96610000 - 0x00007ffa9661a000 	C:\Program Files\Java\jdk-17\bin\management.dll
0x00007ffa95cc0000 - 0x00007ffa95ccb000 	C:\Program Files\Java\jdk-17\bin\management_ext.dll
0x00007ffac14f0000 - 0x00007ffac1523000 	C:\WINDOWS\SYSTEM32\IPHLPAPI.DLL
0x00007ffac4d10000 - 0x00007ffac4d1a000 	C:\WINDOWS\System32\NSI.dll
0x00007ffab7190000 - 0x00007ffab71af000 	C:\WINDOWS\SYSTEM32\dhcpcsvc6.DLL
0x00007ffab2930000 - 0x00007ffab2955000 	C:\WINDOWS\SYSTEM32\dhcpcsvc.DLL
0x00007ffac1590000 - 0x00007ffac16b5000 	C:\WINDOWS\SYSTEM32\DNSAPI.dll
0x00007ffac23a0000 - 0x00007ffac23bc000 	C:\WINDOWS\SYSTEM32\CRYPTSP.dll
0x00007ffac1b40000 - 0x00007ffac1b7a000 	C:\WINDOWS\system32\rsaenh.dll
0x00007ffac21a0000 - 0x00007ffac21cb000 	C:\WINDOWS\SYSTEM32\USERENV.dll
0x00007ffac2b90000 - 0x00007ffac2bb6000 	C:\WINDOWS\SYSTEM32\bcrypt.dll
0x00007ffac23c0000 - 0x00007ffac23cc000 	C:\WINDOWS\SYSTEM32\CRYPTBASE.dll
0x00007ffa921c0000 - 0x00007ffa921ce000 	C:\Program Files\Java\jdk-17\bin\sunmscapi.dll
0x00007ffac30e0000 - 0x00007ffac3257000 	C:\WINDOWS\System32\CRYPT32.dll
0x00007ffac25a0000 - 0x00007ffac25d0000 	C:\WINDOWS\SYSTEM32\ncrypt.dll
0x00007ffac2550000 - 0x00007ffac258f000 	C:\WINDOWS\SYSTEM32\NTASN1.dll
0x00007ffa9a940000 - 0x00007ffa9a948000 	C:\WINDOWS\system32\wshunix.dll
0x00007ffa2e680000 - 0x00007ffa2e698000 	C:\WINDOWS\system32\napinsp.dll
0x00007ffa2e660000 - 0x00007ffa2e672000 	C:\WINDOWS\System32\winrnr.dll
0x00007ffaafe20000 - 0x00007ffaafe50000 	C:\WINDOWS\system32\nlansp_c.dll
0x00007ffa89150000 - 0x00007ffa89166000 	C:\WINDOWS\system32\wshbth.dll
0x00007ffab2450000 - 0x00007ffab245b000 	C:\Windows\System32\rasadhlp.dll
0x00007ffab79f0000 - 0x00007ffab7a75000 	C:\WINDOWS\System32\fwpuclnt.dll
0x00007ffa8d7b0000 - 0x00007ffa8d7b7000 	C:\Program Files\Java\jdk-17\bin\rmi.dll
0x00007ffac1d00000 - 0x00007ffac1d35000 	C:\WINDOWS\SYSTEM32\ntmarta.dll

dbghelp: loaded successfully - version: 4.0.5 - missing functions: none
symbol engine: initialized successfully - sym options: 0x614 - pdb path: .;C:\Program Files\Java\jdk-17\bin;C:\WINDOWS\SYSTEM32;C:\WINDOWS\WinSxS\amd64_microsoft.windows.common-controls_6595b64144ccf1df_6.0.26100.3624_none_3e086962e3345f24;C:\Program Files\Java\jdk-17\bin\server;C:\Users\CODECLOUDS-YASHWANT\.gradle\native\1def1411415f61bf3af743bc5b6707747c0891f09f0c88961ee8f79bc544acac\windows-amd64;C:\Users\CODECLOUDS-YASHWANT\.gradle\native\0.2.7\x86_64-windows-gnu

VM Arguments:
jvm_args: --add-opens=java.base/java.lang=ALL-UNNAMED --add-opens=java.base/java.lang.invoke=ALL-UNNAMED --add-opens=java.base/java.util=ALL-UNNAMED --add-opens=java.prefs/java.util.prefs=ALL-UNNAMED --add-exports=jdk.compiler/com.sun.tools.javac.api=ALL-UNNAMED --add-exports=jdk.compiler/com.sun.tools.javac.util=ALL-UNNAMED --add-opens=java.base/java.util=ALL-UNNAMED --add-opens=java.prefs/java.util.prefs=ALL-UNNAMED --add-opens=java.base/java.nio.charset=ALL-UNNAMED --add-opens=java.base/java.net=ALL-UNNAMED --add-opens=java.base/java.util.concurrent.atomic=ALL-UNNAMED --add-opens=java.xml/javax.xml.namespace=ALL-UNNAMED -XX:MaxMetaspaceSize=512m -Xmx2048m -Dfile.encoding=UTF-8 -Duser.country=IN -Duser.language=en -Duser.variant -javaagent:C:\Users\CODECLOUDS-YASHWANT\.gradle\wrapper\dists\gradle-8.13-bin\5xuhj0ry160q40clulazy9h7d\gradle-8.13\lib\agents\gradle-instrumentation-agent-8.13.jar 
java_command: org.gradle.launcher.daemon.bootstrap.GradleDaemon 8.13
java_class_path (initial): C:\Users\CODECLOUDS-YASHWANT\.gradle\wrapper\dists\gradle-8.13-bin\5xuhj0ry160q40clulazy9h7d\gradle-8.13\lib\gradle-daemon-main-8.13.jar
Launcher Type: SUN_STANDARD

[Global flags]
     intx CICompilerCount                          = 4                                         {product} {ergonomic}
   size_t CompressedClassSpaceSize                 = 436207616                                 {product} {ergonomic}
     uint ConcGCThreads                            = 3                                         {product} {ergonomic}
     uint G1ConcRefinementThreads                  = 10                                        {product} {ergonomic}
   size_t G1HeapRegionSize                         = 1048576                                   {product} {ergonomic}
    uintx GCDrainStackTargetSize                   = 64                                        {product} {ergonomic}
   size_t InitialHeapSize                          = 264241152                                 {product} {ergonomic}
   size_t MarkStackSize                            = 4194304                                   {product} {ergonomic}
   size_t MaxHeapSize                              = 2147483648                                {product} {command line}
   size_t MaxMetaspaceSize                         = 536870912                                 {product} {command line}
   size_t MaxNewSize                               = 1287651328                                {product} {ergonomic}
   size_t MinHeapDeltaBytes                        = 1048576                                   {product} {ergonomic}
   size_t MinHeapSize                              = 8388608                                   {product} {ergonomic}
    uintx NonNMethodCodeHeapSize                   = 5839372                                {pd product} {ergonomic}
    uintx NonProfiledCodeHeapSize                  = 122909434                              {pd product} {ergonomic}
    uintx ProfiledCodeHeapSize                     = 122909434                              {pd product} {ergonomic}
    uintx ReservedCodeCacheSize                    = 251658240                              {pd product} {ergonomic}
     bool SegmentedCodeCache                       = true                                      {product} {ergonomic}
   size_t SoftMaxHeapSize                          = 2147483648                             {manageable} {ergonomic}
     bool UseCompressedClassPointers               = true                           {product lp64_product} {ergonomic}
     bool UseCompressedOops                        = true                           {product lp64_product} {ergonomic}
     bool UseG1GC                                  = true                                      {product} {ergonomic}
     bool UseLargePagesIndividualAllocation        = false                                  {pd product} {ergonomic}

Logging:
Log output configuration:
 #0: stdout all=warning uptime,level,tags
 #1: stderr all=off uptime,level,tags

Environment Variables:
JAVA_HOME=C:\Program Files\Java\jdk-17
PATH=C:\Python313\Scripts\;C:\Python313\;C:\Program Files\Common Files\Oracle\Java\javapath;C:\Program Files\Git LFS;C:\Python312\Scripts\;C:\Python312\;C:\Python311\Scripts\;C:\Python311\;C:\windows\system32;C:\windows;C:\windows\System32\Wbem;C:\windows\System32\WindowsPowerShell\v1.0\;C:\windows\System32\OpenSSH\;C:\Program Files (x86)\NVIDIA Corporation\PhysX\Common;C:\Program Files\NVIDIA Corporation\NVIDIA NvDLISR;C:\Windows\system32;C:\Windows;C:\Windows\System32\Wbem;C:\Windows\System32\WindowsPowerShell\v1.0\;C:\Windows\System32\OpenSSH\;C:\ProgramData\chocolatey\bin;C:\Program Files\HP\HP One Agent;C:\Program Files\Microsoft VS Code\bin;C:\WINDOWS\system32;C:\WINDOWS;C:\WINDOWS\System32\Wbem;C:\WINDOWS\System32\WindowsPowerShell\v1.0\;C:\WINDOWS\System32\OpenSSH\;C:\Program Files\Git\cmd;C:\Users\yashk\fabric-samples\bin;C:\Program Files\Docker\Docker\resources\bin;C:\Program Files\Go\bin;C:\Program Files\nodejs\;C:\Users\CODECLOUDS-YASHWANT\AppData\Local\Android\Sdk\platform-tools;C:\Users\CODECLOUDS-YASHWANT\AppData\Local\Android\Sdk\emulator;C:\Users\CODECLOUDS-YASHWANT\AppData\Local\Microsoft\WindowsApps;E:\flutter\bin;C:\Program Files\Git\cmd;C:\Program Files\Git\bin;C:\tools\dart-sdk\bin;C:\Users\CODECLOUDS-YASHWANT\AppData\Local\Pub\Cache\bin;C:\tools\flutter\bin;C:\Users\CODECLOUDS-YASHWANT\AppData\Roaming\npm
USERNAME=CODECLOUDS-YASHWANT
OS=Windows_NT
PROCESSOR_IDENTIFIER=Intel64 Family 6 Model 154 Stepping 4, GenuineIntel



---------------  S Y S T E M  ---------------

OS:
 Windows 11 , 64 bit Build 26100 (10.0.26100.3775)
OS uptime: 0 days 22:30 hours
Hyper-V role detected

CPU: total 12 (initial active 12) (6 cores per cpu, 2 threads per core) family 6 model 154 stepping 4 microcode 0x42c, cx8, cmov, fxsr, ht, mmx, 3dnowpref, sse, sse2, sse3, ssse3, sse4.1, sse4.2, popcnt, lzcnt, tsc, tscinvbit, avx, avx2, aes, erms, clmul, bmi1, bmi2, adx, sha, fma, vzeroupper, clflush, clflushopt, clwb, hv

Memory: 4k page, system-wide physical 16052M (1651M free)
TotalPageFile size 24244M (AvailPageFile size 136M)
current process WorkingSet (physical memory assigned to process): 650M, peak: 659M
current process commit charge ("private bytes"): 749M, peak: 896M

vm_info: Java HotSpot(TM) 64-Bit Server VM (17.0.12+8-LTS-286) for windows-amd64 JRE (17.0.12+8-LTS-286), built on Jun  5 2024 06:46:59 by "mach5one" with MS VC++ 17.6 (VS2022)

END.
